<?xml version="1.0" encoding="UTF-8"?>
<!-- Generated by org.testng.reporters.JUnitXMLReporter -->
<testsuite ignored="0" hostname="Z422" failures="4" tests="28" name="Testdatadriventest" time="366.558" errors="0" timestamp="2022-12-29T00:17:58 IST">
  <testcase classname="com.opencart.zdatadriven.TC01_DDRegisterFunctionTest" name="registeringWithAllFileds" time="15.793"/>
  <testcase classname="com.opencart.zdatadriven.TC01_DDRegisterFunctionTest" name="registeringWithAllFileds" time="25.061"/>
  <testcase classname="com.opencart.zdatadriven.TC01_DDRegisterFunctionTest" name="registeringWithAllFileds" time="37.723"/>
  <testcase classname="com.opencart.zdatadriven.TC01_DDRegisterFunctionTest" name="registeringWithAllFileds" time="12.914"/>
  <testcase classname="com.opencart.zdatadriven.TC01_DDRegisterFunctionTest" name="registeringWithAllFileds" time="12.045"/>
  <testcase classname="com.opencart.zdatadriven.TC01_DDRegisterFunctionTest" name="registeringWithAllFileds" time="10.071"/>
  <testcase classname="com.opencart.zdatadriven.TC01_DDRegisterFunctionTest" name="registeringWithAllFileds" time="12.243">
    <failure type="java.lang.AssertionError" message="expected [true] but found [false]">
      <![CDATA[java.lang.AssertionError: expected [true] but found [false]
at com.opencart.zdatadriven.TC01_DDRegisterFunctionTest.registeringWithAllFileds(TC01_DDRegisterFunctionTest.java:101)
at java.base/java.util.ArrayList.forEach(ArrayList.java:1511)
... Removed 35 stack frames]]>
    </failure>
  </testcase> <!-- registeringWithAllFileds -->
  <testcase classname="com.opencart.zdatadriven.TC01_DDRegisterFunctionTest" name="registeringWithAllFileds" time="12.247"/>
  <testcase classname="com.opencart.zdatadriven.TC01_DDRegisterFunctionTest" name="registeringWithAllFileds" time="10.822"/>
  <testcase classname="com.opencart.zdatadriven.TC01_DDRegisterFunctionTest" name="registeringWithAllFileds" time="9.598"/>
  <testcase classname="com.opencart.zdatadriven.TC01_DDRegisterFunctionTest" name="registeringWithAllFileds" time="14.889">
    <failure type="java.lang.AssertionError" message="expected [true] but found [false]">
      <![CDATA[java.lang.AssertionError: expected [true] but found [false]
at com.opencart.zdatadriven.TC01_DDRegisterFunctionTest.registeringWithAllFileds(TC01_DDRegisterFunctionTest.java:101)
at java.base/java.util.ArrayList.forEach(ArrayList.java:1511)
... Removed 35 stack frames]]>
    </failure>
  </testcase> <!-- registeringWithAllFileds -->
  <testcase classname="com.opencart.zdatadriven.TC01_DDRegisterFunctionTest" name="registeringWithAllFileds" time="11.406">
    <failure type="java.lang.AssertionError" message="expected [true] but found [false]">
      <![CDATA[java.lang.AssertionError: expected [true] but found [false]
at com.opencart.zdatadriven.TC01_DDRegisterFunctionTest.registeringWithAllFileds(TC01_DDRegisterFunctionTest.java:101)
at java.base/java.util.ArrayList.forEach(ArrayList.java:1511)
... Removed 35 stack frames]]>
    </failure>
  </testcase> <!-- registeringWithAllFileds -->
  <testcase classname="com.opencart.zdatadriven.TC01_DDRegisterFunctionTest" name="registeringWithAllFileds" time="9.065"/>
  <testcase classname="com.opencart.zdatadriven.TC01_DDRegisterFunctionTest" name="registeringWithAllFileds" time="8.101"/>
  <testcase classname="com.opencart.zdatadriven.TC02_DDLoginFunctionTest" name="loginWithValidCredentials" time="8.133"/>
  <testcase classname="com.opencart.zdatadriven.TC02_DDLoginFunctionTest" name="loginWithValidCredentials" time="8.308"/>
  <testcase classname="com.opencart.zdatadriven.TC02_DDLoginFunctionTest" name="loginWithValidCredentials" time="12.853"/>
  <testcase classname="com.opencart.zdatadriven.TC02_DDLoginFunctionTest" name="loginWithValidCredentials" time="10.508"/>
  <testcase classname="com.opencart.zdatadriven.TC02_DDLoginFunctionTest" name="loginWithValidCredentials" time="10.837"/>
  <testcase classname="com.opencart.zdatadriven.TC02_DDLoginFunctionTest" name="loginWithValidCredentials" time="7.68"/>
  <testcase classname="com.opencart.zdatadriven.TC02_DDLoginFunctionTest" name="loginWithValidCredentials" time="7.321"/>
  <testcase classname="com.opencart.zdatadriven.TC02_DDLoginFunctionTest" name="loginWithValidCredentials" time="11.805"/>
  <testcase classname="com.opencart.zdatadriven.TC02_DDLoginFunctionTest" name="loginWithValidCredentials" time="7.469"/>
  <testcase classname="com.opencart.zdatadriven.TC02_DDLoginFunctionTest" name="loginWithValidCredentials" time="8.422"/>
  <testcase classname="com.opencart.zdatadriven.TC02_DDLoginFunctionTest" name="loginWithValidCredentials" time="12.485">
    <failure type="java.lang.AssertionError" message="expected [true] but found [false]">
      <![CDATA[java.lang.AssertionError: expected [true] but found [false]
at com.opencart.zdatadriven.TC02_DDLoginFunctionTest.loginWithValidCredentials(TC02_DDLoginFunctionTest.java:87)
at java.base/java.util.ArrayList.forEach(ArrayList.java:1511)
... Removed 35 stack frames]]>
    </failure>
  </testcase> <!-- loginWithValidCredentials -->
  <testcase classname="com.opencart.zdatadriven.TC02_DDLoginFunctionTest" name="loginWithValidCredentials" time="7.913"/>
  <testcase classname="com.opencart.zdatadriven.TC02_DDLoginFunctionTest" name="loginWithValidCredentials" time="8.354"/>
  <testcase classname="com.opencart.zdatadriven.TC02_DDLoginFunctionTest" name="loginWithValidCredentials" time="6.667"/>
</testsuite> <!-- Testdatadriventest -->
