<?xml version="1.0" encoding="UTF-8"?>
<!-- Generated by org.testng.reporters.JUnitXMLReporter -->
<testsuite ignored="0" hostname="Z422" failures="1" tests="1" name="Run" time="25.862" errors="0" timestamp="2023-01-02T15:13:08 IST">
  <testcase classname="com.opencart.testcase.TC088_SCupdatewthnegativeqtytest" name="shopCartByAddingNegativeQtyNumber" time="11.141">
    <failure type="java.lang.AssertionError" message="expected [Quantity Should be a positive number] but found [Your shopping cart is empty!]">
      <![CDATA[java.lang.AssertionError: expected [Quantity Should be a positive number] but found [Your shopping cart is empty!]
at com.opencart.testcase.TC088_SCupdatewthnegativeqtytest.shopCartByAddingNegativeQtyNumber(TC088_SCupdatewthnegativeqtytest.java:59)
at java.base/java.util.ArrayList.forEach(ArrayList.java:1511)
... Removed 31 stack frames]]>
    </failure>
  </testcase> <!-- shopCartByAddingNegativeQtyNumber -->
</testsuite> <!-- Run -->
