<?xml version="1.0" encoding="UTF-8"?>
<!-- Generated by org.testng.reporters.JUnitXMLReporter -->
<testsuite ignored="0" hostname="Z422" failures="0" tests="4" name="AddressBookFeature" time="173.702" errors="0" timestamp="2023-01-09T16:40:26 IST">
  <testcase classname="com.opencart.testcase.TC107_ABdelteadressboktest" name="addressBookDeleteTest" time="17.114"/>
  <testcase classname="com.opencart.testcase.TC108_ABeditaddressboktest" name="addressBookEditAddress" time="10.502"/>
  <testcase classname="com.opencart.testcase.TC109_ABcreatenewaddresstest" name="addressBookNewAddress" time="14.922"/>
  <testcase classname="com.opencart.testcase.TC110_ABmandatoryfieldtest" name="addressBookMandatoryAddressField" time="13.63"/>
</testsuite> <!-- AddressBookFeature -->
