<?xml version="1.0" encoding="UTF-8"?>
<!-- Generated by org.testng.reporters.JUnitXMLReporter -->
<testsuite ignored="0" hostname="Z422" failures="0" tests="2" name="ChangePasswordFeature" time="40.19" errors="0" timestamp="2023-01-09T15:56:46 IST">
  <testcase classname="com.opencart.testcase.TC105_CPupdatepasswordtest" name="changePasswordByUpdatingWithNew" time="9.732"/>
  <testcase classname="com.opencart.testcase.TC106_CPemptypasswrdtest" name="changePasswordWithEmptyData" time="8.649"/>
</testsuite> <!-- ChangePasswordFeature -->
