<?xml version="1.0" encoding="UTF-8"?>
<!-- Generated by org.testng.reporters.JUnitXMLReporter -->
<testsuite ignored="0" hostname="Z422" failures="1" tests="5" name="CheckOutFeature" time="137.344" errors="0" timestamp="2023-01-09T00:30:28 IST">
  <testcase classname="com.opencart.testcase.TC096_COnavigtetocopgtest" name="checkOutNavigationFromHomePage" time="22.308"/>
  <testcase classname="com.opencart.testcase.TC097_COnavigatecohederoptiontest" name="checkOutByHomePageHeaderOption" time="1.42"/>
  <testcase classname="com.opencart.testcase.TC098_COnaviagtetocheckouttest" name="checkOutNavigationByItemBox" time="15.975"/>
  <testcase classname="com.opencart.testcase.TC099_COasguestusertest" name="checkOutAsGuestUser" time="12.441">
    <failure type="org.openqa.selenium.StaleElementReferenceException" message="stale element reference: element is not attached to the page document
  (Session info: chrome=108.0.5359.125)
For documentation on this error, please visit: https://selenium.dev/exceptions/#stale_element_reference
Build info: version: &amp;apos;4.6.0&amp;apos;, revision: &amp;apos;79f1c02ae20&amp;apos;
System info: os.name: &amp;apos;Windows 10&amp;apos;, os.arch: &amp;apos;amd64&amp;apos;, os.version: &amp;apos;10.0&amp;apos;, java.version: &amp;apos;18.0.2&amp;apos;
Driver info: org.openqa.selenium.chrome.ChromeDriver
Command: [17600602ef1ef0f472fe6ccb8281fe58, getElementAttribute {id=82f3adcf-8104-4d6e-a77b-bc965414518a, name=index}]
Capabilities {acceptInsecureCerts: false, browserName: chrome, browserVersion: 108.0.5359.125, chrome: {chromedriverVersion: 108.0.5359.71 (1e0e3868ee06..., userDataDir: C:\Users\User\AppData\Local...}, goog:chromeOptions: {debuggerAddress: localhost:54352}, networkConnectionEnabled: false, pageLoadStrategy: normal, platformName: WINDOWS, proxy: Proxy(), se:cdp: ws://localhost:54352/devtoo..., se:cdpVersion: 108.0.5359.125, setWindowRect: true, strictFileInteractability: false, timeouts: {implicit: 0, pageLoad: 300000, script: 30000}, unhandledPromptBehavior: dismiss and notify, webauthn:extension:credBlob: true, webauthn:extension:largeBlob: true, webauthn:virtualAuthenticators: true}
Element: [[[[ChromeDriver: chrome on WINDOWS (17600602ef1ef0f472fe6ccb8281fe58)] -&amp;gt; id: input-payment-zone]] -&amp;gt; tag name: option]
Session ID: 17600602ef1ef0f472fe6ccb8281fe58">
      <![CDATA[org.openqa.selenium.StaleElementReferenceException: stale element reference: element is not attached to the page document
  (Session info: chrome=108.0.5359.125)
For documentation on this error, please visit: https://selenium.dev/exceptions/#stale_element_reference
Build info: version: '4.6.0', revision: '79f1c02ae20'
System info: os.name: 'Windows 10', os.arch: 'amd64', os.version: '10.0', java.version: '18.0.2'
Driver info: org.openqa.selenium.chrome.ChromeDriver
Command: [17600602ef1ef0f472fe6ccb8281fe58, getElementAttribute {id=82f3adcf-8104-4d6e-a77b-bc965414518a, name=index}]
Capabilities {acceptInsecureCerts: false, browserName: chrome, browserVersion: 108.0.5359.125, chrome: {chromedriverVersion: 108.0.5359.71 (1e0e3868ee06..., userDataDir: C:\Users\User\AppData\Local...}, goog:chromeOptions: {debuggerAddress: localhost:54352}, networkConnectionEnabled: false, pageLoadStrategy: normal, platformName: WINDOWS, proxy: Proxy(), se:cdp: ws://localhost:54352/devtoo..., se:cdpVersion: 108.0.5359.125, setWindowRect: true, strictFileInteractability: false, timeouts: {implicit: 0, pageLoad: 300000, script: 30000}, unhandledPromptBehavior: dismiss and notify, webauthn:extension:credBlob: true, webauthn:extension:largeBlob: true, webauthn:virtualAuthenticators: true}
Element: [[[[ChromeDriver: chrome on WINDOWS (17600602ef1ef0f472fe6ccb8281fe58)] -> id: input-payment-zone]] -> tag name: option]
Session ID: 17600602ef1ef0f472fe6ccb8281fe58
at org.openqa.selenium.remote.codec.w3c.W3CHttpResponseCodec.createException(W3CHttpResponseCodec.java:200)
at org.openqa.selenium.remote.codec.w3c.W3CHttpResponseCodec.decode(W3CHttpResponseCodec.java:133)
at org.openqa.selenium.remote.codec.w3c.W3CHttpResponseCodec.decode(W3CHttpResponseCodec.java:53)
at org.openqa.selenium.remote.HttpCommandExecutor.execute(HttpCommandExecutor.java:184)
at org.openqa.selenium.remote.service.DriverCommandExecutor.invokeExecute(DriverCommandExecutor.java:167)
at org.openqa.selenium.remote.service.DriverCommandExecutor.execute(DriverCommandExecutor.java:142)
at org.openqa.selenium.remote.RemoteWebDriver.execute(RemoteWebDriver.java:541)
at org.openqa.selenium.remote.RemoteWebElement.execute(RemoteWebElement.java:257)
at org.openqa.selenium.remote.RemoteWebElement.getAttribute(RemoteWebElement.java:158)
at org.openqa.selenium.support.ui.Select.setSelectedByIndex(Select.java:300)
at org.openqa.selenium.support.ui.Select.selectByIndex(Select.java:179)
at com.opencart.pageobject.Checkoutpage.selectZone(Checkoutpage.java:240)
at com.opencart.testcase.TC099_COasguestusertest.checkOutAsGuestUser(TC099_COasguestusertest.java:71)
at java.base/java.util.ArrayList.forEach(ArrayList.java:1511)
... Removed 28 stack frames]]>
    </failure>
  </testcase> <!-- checkOutAsGuestUser -->
  <testcase classname="com.opencart.testcase.TC100_COnewregisterforcheckouttest" name="checkOutWithNewRegistration" time="19.803"/>
</testsuite> <!-- CheckOutFeature -->
