<?xml version="1.0" encoding="UTF-8"?>
<!-- Generated by org.testng.reporters.JUnitXMLReporter -->
<testsuite ignored="0" hostname="Z422" failures="1" tests="7" name="ForgotPasswordFeature" time="68.559" errors="0" timestamp="2023-01-08T20:22:52 IST">
  <testcase classname="com.opencart.testcase.TC038_FPresetpaswrdregistrdemailtest" name="forgotPasswordWithregisteredEmail" time="4.11">
    <failure type="java.lang.AssertionError" message="Unable To Test The Feature As The Email System Is Not Working">
      <![CDATA[java.lang.AssertionError: Unable To Test The Feature As The Email System Is Not Working
at com.opencart.testcase.TC038_FPresetpaswrdregistrdemailtest.forgotPasswordWithregisteredEmail(TC038_FPresetpaswrdregistrdemailtest.java:50)
at java.base/java.util.ArrayList.forEach(ArrayList.java:1511)
... Removed 26 stack frames]]>
    </failure>
  </testcase> <!-- forgotPasswordWithregisteredEmail -->
  <testcase classname="com.opencart.testcase.TC039_FPwithblankspacetest" name="forgotPasswordWithBlankEmailTextField" time="2.866"/>
  <testcase classname="com.opencart.testcase.TC040_FPinvalidunregemailidtest" name="forgotPasswordWithInvalidEmailId" time="3.656"/>
  <testcase classname="com.opencart.testcase.TC040_FPinvalidunregemailidtest" name="forgotPasswordWithInvalidEmailId" time="2.284"/>
  <testcase classname="com.opencart.testcase.TC040_FPinvalidunregemailidtest" name="forgotPasswordWithInvalidEmailId" time="2.162"/>
  <testcase classname="com.opencart.testcase.TC041_FPandnavigatebacktest" name="forgotPasswordAndNavigatingBack" time="1.737"/>
  <testcase classname="com.opencart.testcase.TC042_FPvalueattributetest" name="forgotPasswordCheckForValueAttribute" time="2.186"/>
</testsuite> <!-- ForgotPasswordFeature -->
