<?xml version="1.0" encoding="UTF-8"?>
<!-- Generated by org.testng.reporters.JUnitXMLReporter -->
<testsuite ignored="0" hostname="Z422" failures="0" tests="2" name="GiftCertificateFeature" time="23.988" errors="0" timestamp="2023-01-09T16:05:13 IST">
  <testcase classname="com.opencart.testcase.TC145_GCvalidcredentialtest" name="giftCertificateTestWithValidData" time="3.63"/>
  <testcase classname="com.opencart.testcase.TC146_GCinvalidcredentialtest" name="giftCertificateTestWithInValidData" time="3.283"/>
</testsuite> <!-- GiftCertificateFeature -->
