<?xml version="1.0" encoding="UTF-8"?>
<!-- Generated by org.testng.reporters.JUnitXMLReporter -->
<testsuite ignored="0" hostname="Z422" failures="4" tests="5" name="HeaderMenuFooterOptionFeature" time="101.136" errors="0" timestamp="2023-01-09T03:01:09 IST">
  <testcase classname="com.opencart.testcase.TC151_HMFrandomactivitytest" name="headerMenuRandomActivity" time="50.298"/>
  <testcase classname="com.opencart.testcase.TC152_HMFaboutustest" name="headerMenuAndFooterAboutUsLinkTest" time="3.675">
    <failure type="java.lang.AssertionError" message="Page Text Is Not Displayed In The Page">
      <![CDATA[java.lang.AssertionError: Page Text Is Not Displayed In The Page
at com.opencart.testcase.TC152_HMFaboutustest.headerMenuAndFooterAboutUsLinkTest(TC152_HMFaboutustest.java:20)
at java.base/java.util.ArrayList.forEach(ArrayList.java:1511)
... Removed 26 stack frames]]>
    </failure>
  </testcase> <!-- headerMenuAndFooterAboutUsLinkTest -->
  <testcase classname="com.opencart.testcase.TC153_HMFprivercypolicylinktest" name="headerMenuAndFooterPrivercyPolicyLinkTest" time="3.811">
    <failure type="java.lang.AssertionError" message="Page Text Is Not Displayed In The Page">
      <![CDATA[java.lang.AssertionError: Page Text Is Not Displayed In The Page
at com.opencart.testcase.TC153_HMFprivercypolicylinktest.headerMenuAndFooterPrivercyPolicyLinkTest(TC153_HMFprivercypolicylinktest.java:20)
at java.base/java.util.ArrayList.forEach(ArrayList.java:1511)
... Removed 26 stack frames]]>
    </failure>
  </testcase> <!-- headerMenuAndFooterPrivercyPolicyLinkTest -->
  <testcase classname="com.opencart.testcase.TC154_HMFdeliveryinfolinktest" name="headerMenuAndFooterDeliveryInfoLinkTest" time="3.581">
    <failure type="java.lang.AssertionError" message="Page Text Is Not Displayed In The Page">
      <![CDATA[java.lang.AssertionError: Page Text Is Not Displayed In The Page
at com.opencart.testcase.TC154_HMFdeliveryinfolinktest.headerMenuAndFooterDeliveryInfoLinkTest(TC154_HMFdeliveryinfolinktest.java:20)
at java.base/java.util.ArrayList.forEach(ArrayList.java:1511)
... Removed 26 stack frames]]>
    </failure>
  </testcase> <!-- headerMenuAndFooterDeliveryInfoLinkTest -->
  <testcase classname="com.opencart.testcase.TC155_HMFtermconditiontest" name="headerMenuAndFooterDeliveryInfoLinkTest" time="3.747">
    <failure type="java.lang.AssertionError" message="Page Text Is Not Displayed In The Page">
      <![CDATA[java.lang.AssertionError: Page Text Is Not Displayed In The Page
at com.opencart.testcase.TC155_HMFtermconditiontest.headerMenuAndFooterDeliveryInfoLinkTest(TC155_HMFtermconditiontest.java:20)
at java.base/java.util.ArrayList.forEach(ArrayList.java:1511)
... Removed 26 stack frames]]>
    </failure>
  </testcase> <!-- headerMenuAndFooterDeliveryInfoLinkTest -->
</testsuite> <!-- HeaderMenuFooterOptionFeature -->
