<?xml version="1.0" encoding="UTF-8"?>
<!-- Generated by org.testng.reporters.JUnitXMLReporter -->
<testsuite ignored="0" hostname="Z422" failures="4" tests="5" name="HeaderMenuFooterOptionFeature" time="104.474" errors="0" timestamp="2023-01-09T16:07:37 IST">
  <testcase classname="com.opencart.testcase.TC151_HMFrandomactivitytest" name="headerMenuRandomActivity" time="49.34"/>
  <testcase classname="com.opencart.testcase.TC152_HMFaboutustest" name="headerMenuAndFooterAboutUsLinkTest" time="3.729">
    <failure type="java.lang.AssertionError" message="Page Text Is Not Displayed In The Page">
      <![CDATA[java.lang.AssertionError: Page Text Is Not Displayed In The Page
at com.opencart.testcase.TC152_HMFaboutustest.headerMenuAndFooterAboutUsLinkTest(TC152_HMFaboutustest.java:20)
at java.base/java.util.ArrayList.forEach(ArrayList.java:1511)
... Removed 26 stack frames]]>
    </failure>
  </testcase> <!-- headerMenuAndFooterAboutUsLinkTest -->
  <testcase classname="com.opencart.testcase.TC153_HMFprivercypolicylinktest" name="headerMenuAndFooterPrivercyPolicyLinkTest" time="3.768">
    <failure type="java.lang.AssertionError" message="Page Text Is Not Displayed In The Page">
      <![CDATA[java.lang.AssertionError: Page Text Is Not Displayed In The Page
at com.opencart.testcase.TC153_HMFprivercypolicylinktest.headerMenuAndFooterPrivercyPolicyLinkTest(TC153_HMFprivercypolicylinktest.java:20)
at java.base/java.util.ArrayList.forEach(ArrayList.java:1511)
... Removed 26 stack frames]]>
    </failure>
  </testcase> <!-- headerMenuAndFooterPrivercyPolicyLinkTest -->
  <testcase classname="com.opencart.testcase.TC154_HMFdeliveryinfolinktest" name="headerMenuAndFooterDeliveryInfoLinkTest" time="3.521">
    <failure type="java.lang.AssertionError" message="Page Text Is Not Displayed In The Page">
      <![CDATA[java.lang.AssertionError: Page Text Is Not Displayed In The Page
at com.opencart.testcase.TC154_HMFdeliveryinfolinktest.headerMenuAndFooterDeliveryInfoLinkTest(TC154_HMFdeliveryinfolinktest.java:20)
at java.base/java.util.ArrayList.forEach(ArrayList.java:1511)
... Removed 26 stack frames]]>
    </failure>
  </testcase> <!-- headerMenuAndFooterDeliveryInfoLinkTest -->
  <testcase classname="com.opencart.testcase.TC155_HMFtermconditiontest" name="headerMenuAndFooterTermsAndConditionLinkTest" time="3.664">
    <failure type="java.lang.AssertionError" message="Page Text Is Not Displayed In The Page">
      <![CDATA[java.lang.AssertionError: Page Text Is Not Displayed In The Page
at com.opencart.testcase.TC155_HMFtermconditiontest.headerMenuAndFooterTermsAndConditionLinkTest(TC155_HMFtermconditiontest.java:20)
at java.base/java.util.ArrayList.forEach(ArrayList.java:1511)
... Removed 26 stack frames]]>
    </failure>
  </testcase> <!-- headerMenuAndFooterTermsAndConditionLinkTest -->
</testsuite> <!-- HeaderMenuFooterOptionFeature -->
