<?xml version="1.0" encoding="UTF-8"?>
<!-- Generated by org.testng.reporters.JUnitXMLReporter -->
<testsuite ignored="0" hostname="Z422" failures="0" tests="2" name="HomePageFeature" time="67.915" errors="0" timestamp="2023-01-09T00:27:28 IST">
  <testcase classname="com.opencart.testcase.TC094_HPnavigatetoshopcarttest" name="homePageNavigationToShopingcart" time="23.484"/>
  <testcase classname="com.opencart.testcase.TC095_HPnavigtetopctest" name="homePageNavigationToPc" time="2.237"/>
</testsuite> <!-- HomePageFeature -->
