<?xml version="1.0" encoding="UTF-8"?>
<!-- Generated by org.testng.reporters.JUnitXMLReporter -->
<testsuite ignored="0" hostname="Z422" failures="0" tests="2" name="HomePageFeature" time="31.214" errors="0" timestamp="2023-01-09T15:52:00 IST">
  <testcase classname="com.opencart.testcase.TC094_HPnavigatetoshopcarttest" name="homePageNavigationToShopingcart" time="11.87"/>
  <testcase classname="com.opencart.testcase.TC095_HPnavigtetopctest" name="homePageNavigationToPc" time="2.044"/>
</testsuite> <!-- HomePageFeature -->
