<?xml version="1.0" encoding="UTF-8"?>
<!-- Generated by org.testng.reporters.JUnitXMLReporter -->
<testsuite ignored="0" hostname="Z422" failures="2" tests="19" name="LoginFunctionality" time="240.301" errors="0" timestamp="2022-12-27T14:45:23 IST">
  <testcase classname="com.opencart.testcase.TC020_LFinvalidcredentialtest" name="loginWithInvalidCredentials" time="1.862"/>
  <testcase classname="com.opencart.testcase.TC021_LFvalidcredentialtest" name="loginWithValidCredentials" time="2.214"/>
  <testcase classname="com.opencart.testcase.TC022_LFinvalidemailtest" name="loginInvalidEmailID" time="2.039"/>
  <testcase classname="com.opencart.testcase.TC023_LFinvalidpasswordtest" name="loginWithInvalidPassword" time="2.067"/>
  <testcase classname="com.opencart.testcase.TC024_LFemptytextfieldtest" name="loginWithEmptyTextField" time="1.954"/>
  <testcase classname="com.opencart.testcase.TC025_LFforgatpasswordtest" name="logintestForForgottenPassword" time="1.65"/>
  <testcase classname="com.opencart.testcase.TC026_LFkeyboardactiontest" name="loginByKeyboardActions" time="2.877"/>
  <testcase classname="com.opencart.testcase.TC027_LFloginplaceholdertest" name="logintestForPlacholder" time="1.047"/>
  <testcase classname="com.opencart.testcase.TC028_LFloginandbrowsebacktest" name="loginAndBrowseBack" time="3.323"/>
  <testcase classname="com.opencart.testcase.TC029_LFlogoutbrowserbacktest" name="loginAndLogoutBrowserBack" time="3.58"/>
  <testcase classname="com.opencart.testcase.TC030_logininvalidattempttest" name="loginWithUnsucessfullAttemps" time="12.068"/>
  <testcase classname="com.opencart.testcase.TC030_logininvalidattempttest" name="loginWithUnsucessfullAttemps" time="11.768"/>
  <testcase classname="com.opencart.testcase.TC030_logininvalidattempttest" name="loginWithUnsucessfullAttemps" time="11.723"/>
  <testcase classname="com.opencart.testcase.TC030_logininvalidattempttest" name="loginWithUnsucessfullAttemps" time="11.906"/>
  <testcase classname="com.opencart.testcase.TC030_logininvalidattempttest" name="loginWithUnsucessfullAttemps" time="11.866"/>
  <testcase classname="com.opencart.testcase.TC030_logininvalidattempttest" name="loginWithUnsucessfullAttemps" time="1.896"/>
  <testcase classname="com.opencart.testcase.TC031_LFpaswrdinpagesouretest" name="loginForPasswordVisibiltyInPageSource" time="1.533">
    <failure type="java.lang.AssertionError" message="null">
      <![CDATA[java.lang.AssertionError: null
at com.opencart.testcase.TC031_LFpaswrdinpagesouretest.loginForPasswordVisibiltyInPageSource(TC031_LFpaswrdinpagesouretest.java:45)
at java.base/java.util.ArrayList.forEach(ArrayList.java:1511)
... Removed 27 stack frames]]>
    </failure>
  </testcase> <!-- loginForPasswordVisibiltyInPageSource -->
  <testcase classname="com.opencart.testcase.TC032_LFrandomactivitytest" name="loginForRandomActivity" time="4.408"/>
  <testcase classname="com.opencart.testcase.TC033_LFloginandbrowserexittest" name="loginWithValidCredentials" time="18.258">
    <failure type="java.lang.AssertionError" message="null">
      <![CDATA[java.lang.AssertionError: null
at com.opencart.testcase.TC033_LFloginandbrowserexittest.loginWithValidCredentials(TC033_LFloginandbrowserexittest.java:69)
at java.base/java.util.ArrayList.forEach(ArrayList.java:1511)
... Removed 27 stack frames]]>
    </failure>
  </testcase> <!-- loginWithValidCredentials -->
</testsuite> <!-- LoginFunctionality -->
