<?xml version="1.0" encoding="UTF-8"?>
<!-- Generated by org.testng.reporters.JUnitXMLReporter -->
<testsuite ignored="0" hostname="Z422" failures="0" tests="4" name="LogoutFeature" time="101.131" errors="0" timestamp="2023-01-08T19:26:34 IST">
  <testcase classname="com.opencart.testcase.TC034_LOloggingouttest" name="loginAndLogout" time="17.562"/>
  <testcase classname="com.opencart.testcase.TC035_LOlogoutfromrightcolumntest" name="loginAndLogoutFromRightColumn" time="4.28"/>
  <testcase classname="com.opencart.testcase.TC036_LOisnotdisplayedtest" name="checkLogoutIsDisplayedBeforeLogin" time="1.304"/>
  <testcase classname="com.opencart.testcase.TC037_LOandagainlogintest" name="logoutAndLoingWithValidCredentials" time="5.795"/>
</testsuite> <!-- LogoutFeature -->
