<?xml version="1.0" encoding="UTF-8"?>
<!-- Generated by org.testng.reporters.JUnitXMLReporter -->
<testsuite ignored="0" hostname="Z422" failures="0" tests="4" name="LogoutFeature" time="46.557" errors="0" timestamp="2023-01-09T15:38:07 IST">
  <testcase classname="com.opencart.testcase.TC034_LOloggingouttest" name="loginAndLogout" time="3.971"/>
  <testcase classname="com.opencart.testcase.TC035_LOlogoutfromrightcolumntest" name="loginAndLogoutFromRightColumn" time="3.655"/>
  <testcase classname="com.opencart.testcase.TC036_LOisnotdisplayedtest" name="checkLogoutIsDisplayedBeforeLogin" time="1.029"/>
  <testcase classname="com.opencart.testcase.TC037_LOandagainlogintest" name="logoutAndLoingWithValidCredentials" time="6.063"/>
</testsuite> <!-- LogoutFeature -->
