<?xml version="1.0" encoding="UTF-8"?>
<!-- Generated by org.testng.reporters.JUnitXMLReporter -->
<testsuite ignored="0" hostname="Z422" failures="0" tests="2" name="MyAccountInfoFeature" time="86.808" errors="0" timestamp="2023-01-09T15:56:05 IST">
  <testcase classname="com.opencart.testcase.TC103_MAIupdateaccountdetailstest" name="myAccountInfoEditAccountInfo" time="0.0">
    <skipped/>
  </testcase> <!-- myAccountInfoEditAccountInfo -->
  <testcase classname="com.opencart.testcase.TC104_MAIemptyfieldtest" name="myAccountInfoEmptyFieldTest" time="30.868"/>
</testsuite> <!-- MyAccountInfoFeature -->
