<?xml version="1.0" encoding="UTF-8"?>
<!-- Generated by org.testng.reporters.JUnitXMLReporter -->
<testsuite ignored="0" hostname="Z422" failures="0" tests="2" name="MyAccountInfoFeature" time="45.736" errors="0" timestamp="2023-01-09T00:51:09 IST">
  <testcase classname="com.opencart.testcase.TC103_MAIupdateaccountdetailstest" name="myAccountInfoEditAccountInfo" time="15.039"/>
  <testcase classname="com.opencart.testcase.TC104_MAIemptyfieldtest" name="myAccountInfoEmptyFieldTest" time="9.021"/>
</testsuite> <!-- MyAccountInfoFeature -->
