<?xml version="1.0" encoding="UTF-8"?>
<!-- Generated by org.testng.reporters.JUnitXMLReporter -->
<testsuite ignored="0" hostname="Z422" failures="0" tests="4" name="OrderInformationFeature" time="45.866" errors="0" timestamp="2023-01-09T15:59:49 IST">
  <testcase classname="com.opencart.testcase.TC114_OIdisplaydinfotest" name="orderInformationDesplayedDetails" time="4.26"/>
  <testcase classname="com.opencart.testcase.TC115_OIreorderingfromoitest" name="orderInformationReorderProduct" time="4.946"/>
  <testcase classname="com.opencart.testcase.TC116_OIproductreturntest" name="oderInformationReturnProduct" time="4.69"/>
  <testcase classname="com.opencart.testcase.TC117_OIreturnohpagetest" name="orderInformationReturnToOrderHistoryPage" time="4.284"/>
</testsuite> <!-- OrderInformationFeature -->
