<?xml version="1.0" encoding="UTF-8"?>
<!-- Generated by org.testng.reporters.JUnitXMLReporter -->
<testsuite ignored="0" hostname="Z422" failures="0" tests="3" name="OrderHistoryFeature" time="45.745" errors="0" timestamp="2023-01-09T00:58:16 IST">
  <testcase classname="com.opencart.testcase.TC111_OHdifferentnavigationtest" name="orderHistoryNavigationTest" time="5.264"/>
  <testcase classname="com.opencart.testcase.TC112_OHbeforelogintest" name="orderHistoryNavigatingBeforeLogin" time="3.68"/>
  <testcase classname="com.opencart.testcase.TC113_OHnaviagtetoaccountpgtest" name="orderHistoryNavigatingToAccontPage" time="5.904"/>
</testsuite> <!-- OrderHistoryFeature -->
