<?xml version="1.0" encoding="UTF-8"?>
<!-- Generated by org.testng.reporters.JUnitXMLReporter -->
<testsuite ignored="0" hostname="Z422" failures="1" tests="7" name="ProductDisplayFeature" time="102.945" errors="0" timestamp="2023-01-09T15:45:19 IST">
  <testcase classname="com.opencart.testcase.TC071_PDimagethumnailtest" name="productDisplayThumnail" time="5.283"/>
  <testcase classname="com.opencart.testcase.TC072_PDaddtowishlisttest" name="productDisplayProductDetails" time="4.397"/>
  <testcase classname="com.opencart.testcase.TC073_PDwithnegativeqtytest" name="productCompareWithNegativeQuantity" time="4.256">
    <failure type="java.lang.AssertionError" message="Warning Message &amp;apos;Quantity Should Be A Positive Number&amp;apos; Is Not Getting Displayed For The Applied Negative Value For Quantity">
      <![CDATA[java.lang.AssertionError: Warning Message 'Quantity Should Be A Positive Number' Is Not Getting Displayed For The Applied Negative Value For Quantity
at com.opencart.testcase.TC073_PDwithnegativeqtytest.productCompareWithNegativeQuantity(TC073_PDwithnegativeqtytest.java:55)
at java.base/java.util.ArrayList.forEach(ArrayList.java:1511)
... Removed 26 stack frames]]>
    </failure>
  </testcase> <!-- productCompareWithNegativeQuantity -->
  <testcase classname="com.opencart.testcase.TC074_PDvalidatereviewtabtest" name="productDisplayWriteReview" time="5.433"/>
  <testcase classname="com.opencart.testcase.TC074_PDvalidatereviewtabtest" name="productDisplayWriteReview" time="14.148"/>
  <testcase classname="com.opencart.testcase.TC075_PDproductdetailstest" name="productDisplayAddToWishList" time="10.78"/>
  <testcase classname="com.opencart.testcase.TC076_PDaddtocarttest" name="productDisplayAddToCartTest" time="8.592"/>
</testsuite> <!-- ProductDisplayFeature -->
