<?xml version="1.0" encoding="UTF-8"?>
<!-- Generated by org.testng.reporters.JUnitXMLReporter -->
<testsuite ignored="0" hostname="Z422" failures="0" tests="11" name="ProductCompareFeature" time="120.785" errors="0" timestamp="2023-01-09T15:43:36 IST">
  <testcase classname="com.opencart.testcase.TC059_PCfromdisplaypagetest" name="productCompareInDisplayPage" time="9.482"/>
  <testcase classname="com.opencart.testcase.TC060_PCbylistviewtest" name="productCompareByListView" time="2.853"/>
  <testcase classname="com.opencart.testcase.TC061_PCbygridviewtest" name="productCompareByGridView" time="2.873"/>
  <testcase classname="com.opencart.testcase.TC062_PCsubcategorytest" name="productCompareBySubCategory" time="3.458"/>
  <testcase classname="com.opencart.testcase.TC063_PCsubcatgrygridtest" name="productCompareBySubCategoryGridView" time="3.591"/>
  <testcase classname="com.opencart.testcase.TC065_PCfromhomepagetest" name="productCompareFromHomePage" time="1.578"/>
  <testcase classname="com.opencart.testcase.TC066_PCproductcomparetest" name="productCompareWithCampareLink" time="1.721"/>
  <testcase classname="com.opencart.testcase.TC067_PCproductcomparehometest" name="productCompareByHomePageCompareTest" time="1.986"/>
  <testcase classname="com.opencart.testcase.TC068_PCnavigatehometest" name="productCompareAndNavigateHomePage" time="3.029"/>
  <testcase classname="com.opencart.testcase.TC069_PCtwoproducttest" name="productCompareByOneProductAdded" time="4.575"/>
  <testcase classname="com.opencart.testcase.TC070_PCremovefrompctest" name="productCompareRemovingFromComparePage" time="4.25"/>
</testsuite> <!-- ProductCompareFeature -->
