<?xml version="1.0" encoding="UTF-8"?>
<!-- Generated by org.testng.reporters.JUnitXMLReporter -->
<testsuite ignored="0" hostname="Z422" failures="1" tests="20" name="RegisterFeature" time="283.569" errors="0" timestamp="2023-01-09T15:34:59 IST">
  <testcase classname="com.opencart.testcase.TC001_RFmndtrydatatest" name="registeringWithMandatoryField" time="7.108"/>
  <testcase classname="com.opencart.testcase.TC003_RFallfielddatatest" name="registeringWithAllFileds" time="5.306"/>
  <testcase classname="com.opencart.testcase.TC004_RFwithoutdatatest" name="registeringwithoutAnyDataInFields" time="2.513"/>
  <testcase classname="com.opencart.testcase.TC005_RFnewsletterfieldtest" name="registeringWithNewsLetter" time="6.303"/>
  <testcase classname="com.opencart.testcase.TC006_RFnewletternotest" name="registeringWithNewsLetterAsNoOption" time="5.709"/>
  <testcase classname="com.opencart.testcase.TC007_RFnavigatingtoregistertest" name="registeringByNaviagting" time="4.613"/>
  <testcase classname="com.opencart.testcase.TC008_RFdifferentpasswordtest" name="registeringWithDifferentPassword" time="5.186"/>
  <testcase classname="com.opencart.testcase.TC009_RFexistingemailtest" name="registeringWithDifferentPassword" time="3.813"/>
  <testcase classname="com.opencart.testcase.TC010_RFinvalidemailtest" name="registrationWithInvalidEmail" time="24.439"/>
  <testcase classname="com.opencart.testcase.TC010_RFinvalidemailtest" name="registrationWithInvalidEmail" time="12.832"/>
  <testcase classname="com.opencart.testcase.TC010_RFinvalidemailtest" name="registrationWithInvalidEmail" time="5.845"/>
  <testcase classname="com.opencart.testcase.TC011_RFinvalidphonenumtest" name="registeringWithInvalidPhoneNumber" time="4.909">
    <failure type="java.lang.AssertionError" message="User Was Able To Register With The Application With Invalid TelephoneNumber">
      <![CDATA[java.lang.AssertionError: User Was Able To Register With The Application With Invalid TelephoneNumber
at com.opencart.testcase.TC011_RFinvalidphonenumtest.registeringWithInvalidPhoneNumber(TC011_RFinvalidphonenumtest.java:60)
at java.base/java.util.ArrayList.forEach(ArrayList.java:1511)
... Removed 26 stack frames]]>
    </failure>
  </testcase> <!-- registeringWithInvalidPhoneNumber -->
  <testcase classname="com.opencart.testcase.TC012_RFkeyboardactiontest" name="registeringWithKeyboardActions" time="4.283"/>
  <testcase classname="com.opencart.testcase.TC013_RFplaceholdertest" name="resgistringtestForPlaceholder" time="1.498"/>
  <testcase classname="com.opencart.testcase.TC014_RFleadtrailspacetest" name="registratingWithOnlyEmptySpaces" time="4.91"/>
  <testcase classname="com.opencart.testcase.TC015_RFemptyspacejsontest" name="registartionWithEmptySpaceByJSON" time="4.182"/>
  <testcase classname="com.opencart.testcase.TC016_RFprivercypolicytest" name="registartiontestForPrivercyPolicy" time="1.527"/>
  <testcase classname="com.opencart.testcase.TC017_RFpasswordtest" name="registrationWithPassAndEmptyPass" time="3.787"/>
  <testcase classname="com.opencart.testcase.TC018_RFhightwidthtest" name="registrationTextfieldsize" time="1.63"/>
  <testcase classname="com.opencart.testcase.TC019_RFrandomactivitytest" name="registrationRandomActivity" time="2.04"/>
</testsuite> <!-- RegisterFeature -->
