<?xml version="1.0" encoding="UTF-8"?>
<!-- Generated by org.testng.reporters.JUnitXMLReporter -->
<testsuite ignored="0" hostname="Z422" failures="1" tests="20" name="RegisterFeature" time="279.377" errors="0" timestamp="2023-01-08T15:58:09 IST">
  <testcase classname="com.opencart.testcase.TC001_RFmndtrydatatest" name="registeringWithMandatoryField" time="12.851"/>
  <testcase classname="com.opencart.testcase.TC003_RFallfielddatatest" name="registeringWithAllFileds" time="4.774"/>
  <testcase classname="com.opencart.testcase.TC004_RFwithoutdatatest" name="registeringwithoutAnyDataInFields" time="2.45"/>
  <testcase classname="com.opencart.testcase.TC005_RFnewsletterfieldtest" name="registeringWithNewsLetter" time="5.686"/>
  <testcase classname="com.opencart.testcase.TC006_RFnewletternotest" name="registeringWithNewsLetterAsNoOption" time="8.312"/>
  <testcase classname="com.opencart.testcase.TC007_RFnavigatingtoregistertest" name="registeringByNaviagting" time="22.426"/>
  <testcase classname="com.opencart.testcase.TC008_RFdifferentpasswordtest" name="registeringWithDifferentPassword" time="5.373"/>
  <testcase classname="com.opencart.testcase.TC009_RFexistingemailtest" name="registeringWithDifferentPassword" time="3.838"/>
  <testcase classname="com.opencart.testcase.TC010_RFinvalidemailtest" name="registrationWithInvalidEmail" time="13.314"/>
  <testcase classname="com.opencart.testcase.TC010_RFinvalidemailtest" name="registrationWithInvalidEmail" time="12.761"/>
  <testcase classname="com.opencart.testcase.TC010_RFinvalidemailtest" name="registrationWithInvalidEmail" time="3.996"/>
  <testcase classname="com.opencart.testcase.TC011_RFinvalidphonenumtest" name="registeringWithInvalidPhoneNumber" time="4.154">
    <failure type="java.lang.AssertionError" message="User Was Able To Register Even With Invalid Telehone Number">
      <![CDATA[java.lang.AssertionError: User Was Able To Register Even With Invalid Telehone Number
at com.opencart.testcase.TC011_RFinvalidphonenumtest.registeringWithInvalidPhoneNumber(TC011_RFinvalidphonenumtest.java:53)
at java.base/java.util.ArrayList.forEach(ArrayList.java:1511)
... Removed 26 stack frames]]>
    </failure>
  </testcase> <!-- registeringWithInvalidPhoneNumber -->
  <testcase classname="com.opencart.testcase.TC012_RFkeyboardactiontest" name="registeringWithKeyboardActions" time="4.029"/>
  <testcase classname="com.opencart.testcase.TC013_RFplaceholdertest" name="resgistringtestForPlaceholder" time="1.179"/>
  <testcase classname="com.opencart.testcase.TC014_RFleadtrailspacetest" name="registratingWithOnlyEmptySpaces" time="4.551"/>
  <testcase classname="com.opencart.testcase.TC015_RFemptyspacejsontest" name="registartionWithEmptySpaceByJSON" time="4.889"/>
  <testcase classname="com.opencart.testcase.TC016_RFprivercypolicytest" name="registartiontestForPrivercyPolicy" time="1.572"/>
  <testcase classname="com.opencart.testcase.TC017_RFpasswordtest" name="registrationWithPassAndEmptyPass" time="3.876"/>
  <testcase classname="com.opencart.testcase.TC018_RFhightwidthtest" name="registrationTextfieldsize" time="1.456"/>
  <testcase classname="com.opencart.testcase.TC019_RFrandomactivitytest" name="registrationRandomActivity" time="1.797"/>
</testsuite> <!-- RegisterFeature -->
