<?xml version="1.0" encoding="UTF-8"?>
<!-- Generated by org.testng.reporters.JUnitXMLReporter -->
<testsuite ignored="0" hostname="Z422" failures="0" tests="4" name="ReturnsFeature" time="37.379" errors="0" timestamp="2023-01-09T16:02:15 IST">
  <testcase classname="com.opencart.testcase.TC127_RSnavigationtopagetest" name="returnsPageNavigation" time="3.94"/>
  <testcase classname="com.opencart.testcase.TC128_RSproductdetailstest" name="returnsValidateTheProductDetails" time="4.756"/>
  <testcase classname="com.opencart.testcase.TC129_RSfornoreturnsaccounttest" name="returnsForNewAccountTest" time="2.731"/>
  <testcase classname="com.opencart.testcase.TC130_RSreturnprdtinfotest" name="returnsProductsDetails" time="4.695"/>
</testsuite> <!-- ReturnsFeature -->
