<?xml version="1.0" encoding="UTF-8"?>
<!-- Generated by org.testng.reporters.JUnitXMLReporter -->
<testsuite ignored="0" hostname="Z422" failures="1" tests="3" name="RewardsPointFeature" time="27.803" errors="0" timestamp="2023-01-09T16:01:37 IST">
  <testcase classname="com.opencart.testcase.TC124_RPnavigationtopagetest" name="downloadsPageNavigation" time="2.932"/>
  <testcase classname="com.opencart.testcase.TC125_RPbeforelogintest" name="rewardPointsBeforeLogin" time="3.779"/>
  <testcase classname="com.opencart.testcase.TC126_RPrewardproductstest" name="rewardPointsOfPurchasedProducts" time="3.641">
    <failure type="java.lang.AssertionError" message="Order Placed Are Not Getting Approved And Hence Not Able To Test Rewards Point Feature">
      <![CDATA[java.lang.AssertionError: Order Placed Are Not Getting Approved And Hence Not Able To Test Rewards Point Feature
at com.opencart.testcase.TC126_RPrewardproductstest.rewardPointsOfPurchasedProducts(TC126_RPrewardproductstest.java:51)
at java.base/java.util.ArrayList.forEach(ArrayList.java:1511)
... Removed 26 stack frames]]>
    </failure>
  </testcase> <!-- rewardPointsOfPurchasedProducts -->
</testsuite> <!-- RewardsPointFeature -->
