<html>
<head>
<title>TestNG:  SearchFeature</title>
<link href="../testng.css" rel="stylesheet" type="text/css" />
<link href="../my-testng.css" rel="stylesheet" type="text/css" />

<style type="text/css">
.log { display: none;} 
.stack-trace { display: none;} 
</style>
<script type="text/javascript">
<!--
function flip(e) {
  current = e.style.display;
  if (current == 'block') {
    e.style.display = 'none';
    return 0;
  }
  else {
    e.style.display = 'block';
    return 1;
  }
}

function toggleBox(szDivId, elem, msg1, msg2)
{
  var res = -1;  if (document.getElementById) {
    res = flip(document.getElementById(szDivId));
  }
  else if (document.all) {
    // this is the way old msie versions work
    res = flip(document.all[szDivId]);
  }
  if(elem) {
    if(res == 0) elem.innerHTML = msg1; else elem.innerHTML = msg2;
  }

}

function toggleAllBoxes() {
  if (document.getElementsByTagName) {
    d = document.getElementsByTagName('div');
    for (i = 0; i < d.length; i++) {
      if (d[i].className == 'log') {
        flip(d[i]);
      }
    }
  }
}

// -->
</script>

</head>
<body>
<h2 align='center'>SearchFeature</h2><table border='1' align="center">
<tr>
<td>Tests passed/Failed/Skipped:</td><td>14/2/0</td>
</tr><tr>
<td>Started on:</td><td>Sun Jan 08 20:32:03 IST 2023</td>
</tr>
<tr><td>Total time:</td><td>249 seconds (249730 ms)</td>
</tr><tr>
<td>Included groups:</td><td></td>
</tr><tr>
<td>Excluded groups:</td><td></td>
</tr>
</table><p/>
<small><i>(Hover the method name to see the test class name)</i></small><p/>
<table width='100%' border='1' class='invocation-failed'>
<tr><td colspan='4' align='center'><b>FAILED TESTS</b></td></tr>
<tr><td><b>Test method</b></td>
<td><b>Attribute(s)</b></td>
<td width="30%"><b>Exception</b></td>
<td width="10%"><b>Time (seconds)</b></td>
<td><b>Instance</b></td>
</tr>
<tr>
<td title='com.opencart.testcase.TC048_SFplaceholdertest.searchTextFieldPlaceholder()'><b>searchTextFieldPlaceholder</b><br>Test class: com.opencart.testcase.TC048_SFplaceholdertest</td>
<td><div><pre>java.lang.AssertionError: expected [true] but found [false]
	at com.opencart.testcase.TC048_SFplaceholdertest.searchTextFieldPlaceholder(TC048_SFplaceholdertest.java:17)
	at java.base/java.util.ArrayList.forEach(ArrayList.java:1511)
... Removed 29 stack frames</pre></div><a href='#' onClick='toggleBox("stack-trace733012599", this, "Click to show all stack frames", "Click to hide stack frames")'>Click to show all stack frames</a>
<div class='stack-trace' id='stack-trace733012599'><pre>java.lang.AssertionError: expected [true] but found [false]
	at org.testng.Assert.fail(Assert.java:110)
	at org.testng.Assert.failNotEquals(Assert.java:1413)
	at org.testng.Assert.assertTrue(Assert.java:56)
	at org.testng.Assert.assertTrue(Assert.java:66)
	at com.opencart.testcase.TC048_SFplaceholdertest.searchTextFieldPlaceholder(TC048_SFplaceholdertest.java:17)
	at java.base/jdk.internal.reflect.DirectMethodHandleAccessor.invoke(DirectMethodHandleAccessor.java:104)
	at java.base/java.lang.reflect.Method.invoke(Method.java:577)
	at org.testng.internal.invokers.MethodInvocationHelper.invokeMethod(MethodInvocationHelper.java:139)
	at org.testng.internal.invokers.TestInvoker.invokeMethod(TestInvoker.java:677)
	at org.testng.internal.invokers.TestInvoker.invokeTestMethod(TestInvoker.java:221)
	at org.testng.internal.invokers.MethodRunner.runInSequence(MethodRunner.java:50)
	at org.testng.internal.invokers.TestInvoker$MethodInvocationAgent.invoke(TestInvoker.java:969)
	at org.testng.internal.invokers.TestInvoker.invokeTestMethods(TestInvoker.java:194)
	at org.testng.internal.invokers.TestMethodWorker.invokeTestMethods(TestMethodWorker.java:148)
	at org.testng.internal.invokers.TestMethodWorker.run(TestMethodWorker.java:128)
	at java.base/java.util.ArrayList.forEach(ArrayList.java:1511)
	at org.testng.TestRunner.privateRun(TestRunner.java:829)
	at org.testng.TestRunner.run(TestRunner.java:602)
	at org.testng.SuiteRunner.runTest(SuiteRunner.java:437)
	at org.testng.SuiteRunner.runSequentially(SuiteRunner.java:431)
	at org.testng.SuiteRunner.privateRun(SuiteRunner.java:391)
	at org.testng.SuiteRunner.run(SuiteRunner.java:330)
	at org.testng.SuiteRunnerWorker.runSuite(SuiteRunnerWorker.java:52)
	at org.testng.SuiteRunnerWorker.run(SuiteRunnerWorker.java:95)
	at org.testng.TestNG.runSuitesSequentially(TestNG.java:1256)
	at org.testng.TestNG.runSuitesLocally(TestNG.java:1176)
	at org.testng.TestNG.runSuites(TestNG.java:1099)
	at org.testng.TestNG.run(TestNG.java:1067)
	at org.testng.remote.AbstractRemoteTestNG.run(AbstractRemoteTestNG.java:115)
	at org.testng.remote.RemoteTestNG.initAndRun(RemoteTestNG.java:251)
	at org.testng.remote.RemoteTestNG.main(RemoteTestNG.java:77)
</pre></div></td>
<td>0</td>
<td>com.opencart.testcase.TC048_SFplaceholdertest@4b9df8a</td></tr>
<tr>
<td title='com.opencart.testcase.TC058_SFsearchbykeyboardtest.searchByKeyboardActions()'><b>searchByKeyboardActions</b><br>Test class: com.opencart.testcase.TC058_SFsearchbykeyboardtest<br>Parameters: {Runmode=Y, ExpectedResult=Success, Productname=iMac, Browser=Chrome}</td>
<td><div><pre>org.openqa.selenium.NoSuchElementException: no such element: Unable to locate element: {&quot;method&quot;:&quot;xpath&quot;,&quot;selector&quot;:&quot;//*[@id=&apos;content&apos;]/div[3]/div/div&quot;}
  (Session info: chrome=108.0.5359.125)
For documentation on this error, please visit: https://selenium.dev/exceptions/#no_such_element
Build info: version: &apos;4.6.0&apos;, revision: &apos;79f1c02ae20&apos;
System info: os.name: &apos;Windows 10&apos;, os.arch: &apos;amd64&apos;, os.version: &apos;10.0&apos;, java.version: &apos;18.0.2&apos;
Driver info: org.openqa.selenium.chrome.ChromeDriver
Command: [206dfe3afd0ffb6ec08339ab259b0dab, findElement {using=xpath, value=//*[@id=&apos;content&apos;]/div[3]/div/div}]
Capabilities {acceptInsecureCerts: false, browserName: chrome, browserVersion: 108.0.5359.125, chrome: {chromedriverVersion: 108.0.5359.71 (1e0e3868ee06..., userDataDir: C:\Users\User\AppData\Local...}, goog:chromeOptions: {debuggerAddress: localhost:50356}, networkConnectionEnabled: false, pageLoadStrategy: normal, platformName: WINDOWS, proxy: Proxy(), se:cdp: ws://localhost:50356/devtoo..., se:cdpVersion: 108.0.5359.125, setWindowRect: true, strictFileInteractability: false, timeouts: {implicit: 0, pageLoad: 300000, script: 30000}, unhandledPromptBehavior: dismiss and notify, webauthn:extension:credBlob: true, webauthn:extension:largeBlob: true, webauthn:virtualAuthenticators: true}
Session ID: 206dfe3afd0ffb6ec08339ab259b0dab
	at org.openqa.selenium.remote.codec.w3c.W3CHttpResponseCodec.createException(W3CHttpResponseCodec.java:200)
	at org.openqa.selenium.remote.codec.w3c.W3CHttpResponseCodec.decode(W3CHttpResponseCodec.java:133)
	at org.openqa.selenium.remote.codec.w3c.W3CHttpResponseCodec.decode(W3CHttpResponseCodec.java:53)
	at org.openqa.selenium.remote.HttpCommandExecutor.execute(HttpCommandExecutor.java:184)
	at org.openqa.selenium.remote.service.DriverCommandExecutor.invokeExecute(DriverCommandExecutor.java:167)
	at org.openqa.selenium.remote.service.DriverCommandExecutor.execute(DriverCommandExecutor.java:142)
	at org.openqa.selenium.remote.RemoteWebDriver.execute(RemoteWebDriver.java:541)
	at org.openqa.selenium.remote.ElementLocation$ElementFinder$2.findElement(ElementLocation.java:162)
	at org.openqa.selenium.remote.ElementLocation.findElement(ElementLocation.java:60)
	at org.openqa.selenium.remote.RemoteWebDriver.findElement(RemoteWebDriver.java:365)
	at org.openqa.selenium.remote.RemoteWebDriver.findElement(RemoteWebDriver.java:357)
	at org.openqa.selenium.support.pagefactory.DefaultElementLocator.findElement(DefaultElementLocator.java:70)
	at org.openqa.selenium.support.pagefactory.internal.LocatingElementHandler.invoke(LocatingElementHandler.java:39)
	at jdk.proxy2/jdk.proxy2.$Proxy33.isDisplayed(Unknown Source)
	at com.opencart.pageobject.Searchpage.isDispalyedIMacProductThumb(Searchpage.java:339)
	at com.opencart.testcase.TC058_SFsearchbykeyboardtest.searchByKeyboardActions(TC058_SFsearchbykeyboardtest.java:30)
	at java.base/java.util.ArrayList.forEach(ArrayList.java:1511)
... Removed 28 stack frames</pre></div><a href='#' onClick='toggleBox("stack-trace1960277755", this, "Click to show all stack frames", "Click to hide stack frames")'>Click to show all stack frames</a>
<div class='stack-trace' id='stack-trace1960277755'><pre>org.openqa.selenium.NoSuchElementException: no such element: Unable to locate element: {&quot;method&quot;:&quot;xpath&quot;,&quot;selector&quot;:&quot;//*[@id=&apos;content&apos;]/div[3]/div/div&quot;}
  (Session info: chrome=108.0.5359.125)
For documentation on this error, please visit: https://selenium.dev/exceptions/#no_such_element
Build info: version: &apos;4.6.0&apos;, revision: &apos;79f1c02ae20&apos;
System info: os.name: &apos;Windows 10&apos;, os.arch: &apos;amd64&apos;, os.version: &apos;10.0&apos;, java.version: &apos;18.0.2&apos;
Driver info: org.openqa.selenium.chrome.ChromeDriver
Command: [206dfe3afd0ffb6ec08339ab259b0dab, findElement {using=xpath, value=//*[@id=&apos;content&apos;]/div[3]/div/div}]
Capabilities {acceptInsecureCerts: false, browserName: chrome, browserVersion: 108.0.5359.125, chrome: {chromedriverVersion: 108.0.5359.71 (1e0e3868ee06..., userDataDir: C:\Users\User\AppData\Local...}, goog:chromeOptions: {debuggerAddress: localhost:50356}, networkConnectionEnabled: false, pageLoadStrategy: normal, platformName: WINDOWS, proxy: Proxy(), se:cdp: ws://localhost:50356/devtoo..., se:cdpVersion: 108.0.5359.125, setWindowRect: true, strictFileInteractability: false, timeouts: {implicit: 0, pageLoad: 300000, script: 30000}, unhandledPromptBehavior: dismiss and notify, webauthn:extension:credBlob: true, webauthn:extension:largeBlob: true, webauthn:virtualAuthenticators: true}
Session ID: 206dfe3afd0ffb6ec08339ab259b0dab
	at java.base/jdk.internal.reflect.DirectConstructorHandleAccessor.newInstance(DirectConstructorHandleAccessor.java:67)
	at java.base/java.lang.reflect.Constructor.newInstanceWithCaller(Constructor.java:499)
	at java.base/java.lang.reflect.Constructor.newInstance(Constructor.java:483)
	at org.openqa.selenium.remote.codec.w3c.W3CHttpResponseCodec.createException(W3CHttpResponseCodec.java:200)
	at org.openqa.selenium.remote.codec.w3c.W3CHttpResponseCodec.decode(W3CHttpResponseCodec.java:133)
	at org.openqa.selenium.remote.codec.w3c.W3CHttpResponseCodec.decode(W3CHttpResponseCodec.java:53)
	at org.openqa.selenium.remote.HttpCommandExecutor.execute(HttpCommandExecutor.java:184)
	at org.openqa.selenium.remote.service.DriverCommandExecutor.invokeExecute(DriverCommandExecutor.java:167)
	at org.openqa.selenium.remote.service.DriverCommandExecutor.execute(DriverCommandExecutor.java:142)
	at org.openqa.selenium.remote.RemoteWebDriver.execute(RemoteWebDriver.java:541)
	at org.openqa.selenium.remote.ElementLocation$ElementFinder$2.findElement(ElementLocation.java:162)
	at org.openqa.selenium.remote.ElementLocation.findElement(ElementLocation.java:60)
	at org.openqa.selenium.remote.RemoteWebDriver.findElement(RemoteWebDriver.java:365)
	at org.openqa.selenium.remote.RemoteWebDriver.findElement(RemoteWebDriver.java:357)
	at org.openqa.selenium.support.pagefactory.DefaultElementLocator.findElement(DefaultElementLocator.java:70)
	at org.openqa.selenium.support.pagefactory.internal.LocatingElementHandler.invoke(LocatingElementHandler.java:39)
	at jdk.proxy2/jdk.proxy2.$Proxy33.isDisplayed(Unknown Source)
	at com.opencart.pageobject.Searchpage.isDispalyedIMacProductThumb(Searchpage.java:339)
	at com.opencart.testcase.TC058_SFsearchbykeyboardtest.searchByKeyboardActions(TC058_SFsearchbykeyboardtest.java:30)
	at java.base/jdk.internal.reflect.DirectMethodHandleAccessor.invoke(DirectMethodHandleAccessor.java:104)
	at java.base/java.lang.reflect.Method.invoke(Method.java:577)
	at org.testng.internal.invokers.MethodInvocationHelper.invokeMethod(MethodInvocationHelper.java:139)
	at org.testng.internal.invokers.TestInvoker.invokeMethod(TestInvoker.java:677)
	at org.testng.internal.invokers.TestInvoker.invokeTestMethod(TestInvoker.java:221)
	at org.testng.internal.invokers.MethodRunner.runInSequence(MethodRunner.java:50)
	at org.testng.internal.invokers.TestInvoker$MethodInvocationAgent.invoke(TestInvoker.java:969)
	at org.testng.internal.invokers.TestInvoker.invokeTestMethods(TestInvoker.java:194)
	at org.testng.internal.invokers.TestMethodWorker.invokeTestMethods(TestMethodWorker.java:148)
	at org.testng.internal.invokers.TestMethodWorker.run(TestMethodWorker.java:128)
	at java.base/java.util.ArrayList.forEach(ArrayList.java:1511)
	at org.testng.TestRunner.privateRun(TestRunner.java:829)
	at org.testng.TestRunner.run(TestRunner.java:602)
	at org.testng.SuiteRunner.runTest(SuiteRunner.java:437)
	at org.testng.SuiteRunner.runSequentially(SuiteRunner.java:431)
	at org.testng.SuiteRunner.privateRun(SuiteRunner.java:391)
	at org.testng.SuiteRunner.run(SuiteRunner.java:330)
	at org.testng.SuiteRunnerWorker.runSuite(SuiteRunnerWorker.java:52)
	at org.testng.SuiteRunnerWorker.run(SuiteRunnerWorker.java:95)
	at org.testng.TestNG.runSuitesSequentially(TestNG.java:1256)
	at org.testng.TestNG.runSuitesLocally(TestNG.java:1176)
	at org.testng.TestNG.runSuites(TestNG.java:1099)
	at org.testng.TestNG.run(TestNG.java:1067)
	at org.testng.remote.AbstractRemoteTestNG.run(AbstractRemoteTestNG.java:115)
	at org.testng.remote.RemoteTestNG.initAndRun(RemoteTestNG.java:251)
	at org.testng.remote.RemoteTestNG.main(RemoteTestNG.java:77)
</pre></div></td>
<td>12</td>
<td>com.opencart.testcase.TC058_SFsearchbykeyboardtest@395b56bb</td></tr>
</table><p>
<table width='100%' border='1' class='invocation-passed'>
<tr><td colspan='4' align='center'><b>PASSED TESTS</b></td></tr>
<tr><td><b>Test method</b></td>
<td><b>Attribute(s)</b></td>
<td width="30%"><b>Exception</b></td>
<td width="10%"><b>Time (seconds)</b></td>
<td><b>Instance</b></td>
</tr>
<tr>
<td title='com.opencart.testcase.TC047_SFmultisearchtest.SearchMultipleProducts()'><b>SearchMultipleProducts</b><br>Test class: com.opencart.testcase.TC047_SFmultisearchtest<br>Parameters: {Runmode=Y, ExpectedResult=Success, Productname=Mac, Browser=Chrome}</td>
<td></td>
<td>1</td>
<td>com.opencart.testcase.TC047_SFmultisearchtest@dfddc9a</td></tr>
<tr>
<td title='com.opencart.testcase.TC057_SFnavigatebysitemaptest.SearchByNavigatigThroughSiteMap()'><b>SearchByNavigatigThroughSiteMap</b><br>Test class: com.opencart.testcase.TC057_SFnavigatebysitemaptest</td>
<td></td>
<td>1</td>
<td>com.opencart.testcase.TC057_SFnavigatebysitemaptest@3a1dd365</td></tr>
<tr>
<td title='com.opencart.testcase.TC054_SFlistgridmultiprotest.searchWithListAndGridForMultiProduct()'><b>searchWithListAndGridForMultiProduct</b><br>Test class: com.opencart.testcase.TC054_SFlistgridmultiprotest<br>Parameters: Chrome,Mac</td>
<td></td>
<td>15</td>
<td>com.opencart.testcase.TC054_SFlistgridmultiprotest@5f7b97da</td></tr>
<tr>
<td title='com.opencart.testcase.TC056_SFrandomactivitytest.searchFeatureRandomActivity()'><b>searchFeatureRandomActivity</b><br>Test class: com.opencart.testcase.TC056_SFrandomactivitytest<br>Parameters: Chrome,Mac,Rating (Highest),2</td>
<td></td>
<td>5</td>
<td>com.opencart.testcase.TC056_SFrandomactivitytest@6b7906b3</td></tr>
<tr>
<td title='com.opencart.testcase.TC053_SFlistgridviewsingleprodttest.searchSingleProductByListAndGridView()'><b>searchSingleProductByListAndGridView</b><br>Test class: com.opencart.testcase.TC053_SFlistgridviewsingleprodttest<br>Parameters: Firefox,iMac</td>
<td></td>
<td>15</td>
<td>com.opencart.testcase.TC053_SFlistgridviewsingleprodttest@2b5f4d54</td></tr>
<tr>
<td title='com.opencart.testcase.TC044_SFnonexistingproducttest.seachForNonExistingProduct()'><b>seachForNonExistingProduct</b><br>Test class: com.opencart.testcase.TC044_SFnonexistingproducttest<br>Parameters: Chrome,Fitbit</td>
<td></td>
<td>1</td>
<td>com.opencart.testcase.TC044_SFnonexistingproducttest@3fb6cf60</td></tr>
<tr>
<td title='com.opencart.testcase.TC055_SFproductcomparetest.SearchWithNavigatingToProductCompare()'><b>SearchWithNavigatingToProductCompare</b><br>Test class: com.opencart.testcase.TC055_SFproductcomparetest<br>Parameters: {Runmode=Y, ExpectedResult=Success, Productname=iMac, Browser=Chrome}</td>
<td></td>
<td>2</td>
<td>com.opencart.testcase.TC055_SFproductcomparetest@18b0930f</td></tr>
<tr>
<td title='com.opencart.testcase.TC045_SFemptysearchtest.SearchWithEmptyTextField()'><b>SearchWithEmptyTextField</b><br>Test class: com.opencart.testcase.TC045_SFemptysearchtest</td>
<td></td>
<td>2</td>
<td>com.opencart.testcase.TC045_SFemptysearchtest@37ddb69a</td></tr>
<tr>
<td title='com.opencart.testcase.TC049_SFsearchcriteriatest.seachBySearchCriteria()'><b>seachBySearchCriteria</b><br>Test class: com.opencart.testcase.TC049_SFsearchcriteriatest<br>Parameters: {Runmode=Y, ExpectedResult=Success, Productname=iMac, Browser=Chrome}</td>
<td></td>
<td>1</td>
<td>com.opencart.testcase.TC049_SFsearchcriteriatest@5e8ac0e1</td></tr>
<tr>
<td title='com.opencart.testcase.TC046_SFloginandsearchtest.searchByLogin()'><b>searchByLogin</b><br>Test class: com.opencart.testcase.TC046_SFloginandsearchtest<br>Parameters: Chrome,kishore8@gmail.com,12345,iMac</td>
<td></td>
<td>3</td>
<td>com.opencart.testcase.TC046_SFloginandsearchtest@349c1daf</td></tr>
<tr>
<td title='com.opencart.testcase.TC043_SFexistingproducttest.searchForExistingProduct()'><b>searchForExistingProduct</b><br>Test class: com.opencart.testcase.TC043_SFexistingproducttest<br>Parameters: {Runmode=Y, ExpectedResult=Success, Productname=iMac, Browser=Chrome}</td>
<td></td>
<td>3</td>
<td>com.opencart.testcase.TC043_SFexistingproducttest@5ddea849</td></tr>
<tr>
<td title='com.opencart.testcase.TC051_SFcriteriafieldtest.searchByCriteriaOfProduct()'><b>searchByCriteriaOfProduct</b><br>Test class: com.opencart.testcase.TC051_SFcriteriafieldtest<br>Parameters: Firefox,iMac,3,2</td>
<td></td>
<td>3</td>
<td>com.opencart.testcase.TC051_SFcriteriafieldtest@6955cb39</td></tr>
<tr>
<td title='com.opencart.testcase.TC050_SFbyproductdiscrpttest.seachForNonExistingProduct()'><b>seachForNonExistingProduct</b><br>Test class: com.opencart.testcase.TC050_SFbyproductdiscrpttest<br>Parameters: Edge,iLife</td>
<td></td>
<td>1</td>
<td>com.opencart.testcase.TC050_SFbyproductdiscrpttest@aafcffa</td></tr>
<tr>
<td title='com.opencart.testcase.TC052_SFmaincategorysearchtest.searchByMainCatergory()'><b>searchByMainCatergory</b><br>Test class: com.opencart.testcase.TC052_SFmaincategorysearchtest<br>Parameters: {Runmode=Y, ParentCategryName=Desktops, Productname=iMac, Browser=Chrome}</td>
<td></td>
<td>2</td>
<td>com.opencart.testcase.TC052_SFmaincategorysearchtest@235a0c16</td></tr>
</table><p>
</body>
</html>