<?xml version="1.0" encoding="UTF-8"?>
<!-- Generated by org.testng.reporters.JUnitXMLReporter -->
<testsuite ignored="0" hostname="Z422" failures="1" tests="8" name="ShoppingCartFeature" time="107.134" errors="0" timestamp="2023-01-09T00:13:58 IST">
  <testcase classname="com.opencart.testcase.TC086_SCbyhederoptiontest" name="shoppingCartNavigationFromHeaderOption" time="7.15"/>
  <testcase classname="com.opencart.testcase.TC087_SCupdateqtytest" name="shoppingCartNavigationFromHeaderOption" time="5.713"/>
  <testcase classname="com.opencart.testcase.TC088_SCupdatewthnegativeqtytest" name="shopCartByAddingNegativeQtyNumber" time="6.017">
    <failure type="java.lang.AssertionError" message="expected [Quantity Should be a positive number] but found [Your shopping cart is empty!]">
      <![CDATA[java.lang.AssertionError: expected [Quantity Should be a positive number] but found [Your shopping cart is empty!]
at com.opencart.testcase.TC088_SCupdatewthnegativeqtytest.shopCartByAddingNegativeQtyNumber(TC088_SCupdatewthnegativeqtytest.java:58)
at java.base/java.util.ArrayList.forEach(ArrayList.java:1511)
... Removed 31 stack frames]]>
    </failure>
  </testcase> <!-- shopCartByAddingNegativeQtyNumber -->
  <testcase classname="com.opencart.testcase.TC089_SCremoveproducttest" name="shoppingCartRemoveProductfromCart" time="5.05"/>
  <testcase classname="com.opencart.testcase.TC090_SCcoupencodetest" name="shoppingCartCoupenTest" time="5.301"/>
  <testcase classname="com.opencart.testcase.TC091_SCclosewarningmsgcoupentest" name="shoppingCartCloseWarningMesgOfCoupen" time="5.45"/>
  <testcase classname="com.opencart.testcase.TC092_SCshippngtaxtest" name="shoppingCartCloseWarningMesgOfCoupen" time="7.216"/>
  <testcase classname="com.opencart.testcase.TC093_SCusegiftcertificatetest" name="shoppingCartUseGiftCertificate" time="5.266"/>
</testsuite> <!-- ShoppingCartFeature -->
