<?xml version="1.0" encoding="UTF-8"?>
<!-- Generated by org.testng.reporters.JUnitXMLReporter -->
<testsuite ignored="0" hostname="Z422" failures="0" tests="4" name="SpecialOfferFeature" time="36.85" errors="0" timestamp="2023-01-09T02:59:28 IST">
  <testcase classname="com.opencart.testcase.TC147_SOnavigatingpagetest" name="specialOfferNavigatingToPage" time="2.238"/>
  <testcase classname="com.opencart.testcase.TC148_SOgridandlistviewtest" name="specialOfferGridAndListView" time="1.042"/>
  <testcase classname="com.opencart.testcase.TC149_SOaddtocartbylistviewtest" name="specialOfferAddToCartByListView" time="4.803"/>
  <testcase classname="com.opencart.testcase.TC150_SOaddtocartbygridviewtest" name="specialOfferAddToCartByGridView" time="4.843"/>
</testsuite> <!-- SpecialOfferFeature -->
