<?xml version="1.0" encoding="UTF-8"?>
<!-- Generated by org.testng.reporters.JUnitXMLReporter -->
<testsuite ignored="0" hostname="Z422" failures="0" tests="4" name="SpecialOfferFeature" time="39.139" errors="0" timestamp="2023-01-09T16:05:52 IST">
  <testcase classname="com.opencart.testcase.TC147_SOnavigatingpagetest" name="specialOfferNavigatingToPage" time="2.325"/>
  <testcase classname="com.opencart.testcase.TC148_SOgridandlistviewtest" name="specialOfferGridAndListView" time="1.048"/>
  <testcase classname="com.opencart.testcase.TC149_SOaddtocartbylistviewtest" name="specialOfferAddToCartByListView" time="4.874"/>
  <testcase classname="com.opencart.testcase.TC150_SOaddtocartbygridviewtest" name="specialOfferAddToCartByGridView" time="4.655"/>
</testsuite> <!-- SpecialOfferFeature -->
