<?xml version="1.0" encoding="UTF-8"?>
<!-- Generated by org.testng.reporters.JUnitXMLReporter -->
<testsuite ignored="0" hostname="Z422" failures="2" tests="11" name="Testdatadriventest" time="474.374" errors="0" timestamp="2023-01-03T23:57:50 IST">
  <testcase classname="com.opencart.zdatadriven.TC03_DDCheckoutFunctionTest" name="checkOutWithNewRegistration" time="57.136">
    <failure type="java.lang.AssertionError" message="expected [true] but found [false]">
      <![CDATA[java.lang.AssertionError: expected [true] but found [false]
at com.opencart.zdatadriven.TC03_DDCheckoutFunctionTest.checkOutWithNewRegistration(TC03_DDCheckoutFunctionTest.java:96)
at java.base/java.util.ArrayList.forEach(ArrayList.java:1511)
... Removed 31 stack frames]]>
    </failure>
  </testcase> <!-- checkOutWithNewRegistration -->
  <testcase classname="com.opencart.zdatadriven.TC03_DDCheckoutFunctionTest" name="checkOutWithNewRegistration" time="34.689"/>
  <testcase classname="com.opencart.zdatadriven.TC03_DDCheckoutFunctionTest" name="checkOutWithNewRegistration" time="45.864"/>
  <testcase classname="com.opencart.zdatadriven.TC03_DDCheckoutFunctionTest" name="checkOutWithNewRegistration" time="42.827"/>
  <testcase classname="com.opencart.zdatadriven.TC03_DDCheckoutFunctionTest" name="checkOutWithNewRegistration" time="31.995"/>
  <testcase classname="com.opencart.zdatadriven.TC03_DDCheckoutFunctionTest" name="checkOutWithNewRegistration" time="39.953"/>
  <testcase classname="com.opencart.zdatadriven.TC03_DDCheckoutFunctionTest" name="checkOutWithNewRegistration" time="45.596"/>
  <testcase classname="com.opencart.zdatadriven.TC03_DDCheckoutFunctionTest" name="checkOutWithNewRegistration" time="35.481">
    <failure type="org.openqa.selenium.ElementNotInteractableException" message="element not interactable
  (Session info: chrome=108.0.5359.125)
Build info: version: &amp;apos;4.6.0&amp;apos;, revision: &amp;apos;79f1c02ae20&amp;apos;
System info: os.name: &amp;apos;Windows 10&amp;apos;, os.arch: &amp;apos;amd64&amp;apos;, os.version: &amp;apos;10.0&amp;apos;, java.version: &amp;apos;18.0.2&amp;apos;
Driver info: org.openqa.selenium.chrome.ChromeDriver
Command: [95c8ba23138734d8639b914419270e97, clickElement {id=905c5347-a2d9-4551-b9b3-b41300584567}]
Capabilities {acceptInsecureCerts: false, browserName: chrome, browserVersion: 108.0.5359.125, chrome: {chromedriverVersion: 108.0.5359.71 (1e0e3868ee06..., userDataDir: C:\Users\User\AppData\Local...}, goog:chromeOptions: {debuggerAddress: localhost:52531}, networkConnectionEnabled: false, pageLoadStrategy: normal, platformName: WINDOWS, proxy: Proxy(), se:cdp: ws://localhost:52531/devtoo..., se:cdpVersion: 108.0.5359.125, setWindowRect: true, strictFileInteractability: false, timeouts: {implicit: 0, pageLoad: 300000, script: 30000}, unhandledPromptBehavior: dismiss and notify, webauthn:extension:credBlob: true, webauthn:extension:largeBlob: true, webauthn:virtualAuthenticators: true}
Element: [[ChromeDriver: chrome on WINDOWS (95c8ba23138734d8639b914419270e97)] -&amp;gt; xpath: //strong[normalize-space()=&amp;apos;Checkout&amp;apos;]]
Session ID: 95c8ba23138734d8639b914419270e97">
      <![CDATA[org.openqa.selenium.ElementNotInteractableException: element not interactable
  (Session info: chrome=108.0.5359.125)
Build info: version: '4.6.0', revision: '79f1c02ae20'
System info: os.name: 'Windows 10', os.arch: 'amd64', os.version: '10.0', java.version: '18.0.2'
Driver info: org.openqa.selenium.chrome.ChromeDriver
Command: [95c8ba23138734d8639b914419270e97, clickElement {id=905c5347-a2d9-4551-b9b3-b41300584567}]
Capabilities {acceptInsecureCerts: false, browserName: chrome, browserVersion: 108.0.5359.125, chrome: {chromedriverVersion: 108.0.5359.71 (1e0e3868ee06..., userDataDir: C:\Users\User\AppData\Local...}, goog:chromeOptions: {debuggerAddress: localhost:52531}, networkConnectionEnabled: false, pageLoadStrategy: normal, platformName: WINDOWS, proxy: Proxy(), se:cdp: ws://localhost:52531/devtoo..., se:cdpVersion: 108.0.5359.125, setWindowRect: true, strictFileInteractability: false, timeouts: {implicit: 0, pageLoad: 300000, script: 30000}, unhandledPromptBehavior: dismiss and notify, webauthn:extension:credBlob: true, webauthn:extension:largeBlob: true, webauthn:virtualAuthenticators: true}
Element: [[ChromeDriver: chrome on WINDOWS (95c8ba23138734d8639b914419270e97)] -> xpath: //strong[normalize-space()='Checkout']]
Session ID: 95c8ba23138734d8639b914419270e97
at org.openqa.selenium.remote.codec.w3c.W3CHttpResponseCodec.createException(W3CHttpResponseCodec.java:200)
at org.openqa.selenium.remote.codec.w3c.W3CHttpResponseCodec.decode(W3CHttpResponseCodec.java:133)
at org.openqa.selenium.remote.codec.w3c.W3CHttpResponseCodec.decode(W3CHttpResponseCodec.java:53)
at org.openqa.selenium.remote.HttpCommandExecutor.execute(HttpCommandExecutor.java:184)
at org.openqa.selenium.remote.service.DriverCommandExecutor.invokeExecute(DriverCommandExecutor.java:167)
at org.openqa.selenium.remote.service.DriverCommandExecutor.execute(DriverCommandExecutor.java:142)
at org.openqa.selenium.remote.RemoteWebDriver.execute(RemoteWebDriver.java:541)
at org.openqa.selenium.remote.RemoteWebElement.execute(RemoteWebElement.java:257)
at org.openqa.selenium.remote.RemoteWebElement.click(RemoteWebElement.java:78)
at org.openqa.selenium.support.pagefactory.internal.LocatingElementHandler.invoke(LocatingElementHandler.java:52)
at jdk.proxy2/jdk.proxy2.$Proxy33.click(Unknown Source)
at com.opencart.pageobject.Productpage.clickOnCheckoutLinkFromCartBox(Productpage.java:205)
at com.opencart.zdatadriven.TC03_DDCheckoutFunctionTest.checkOutWithNewRegistration(TC03_DDCheckoutFunctionTest.java:57)
at java.base/java.util.ArrayList.forEach(ArrayList.java:1511)
... Removed 30 stack frames]]>
    </failure>
  </testcase> <!-- checkOutWithNewRegistration -->
  <testcase classname="com.opencart.zdatadriven.TC03_DDCheckoutFunctionTest" name="checkOutWithNewRegistration" time="41.393"/>
  <testcase classname="com.opencart.zdatadriven.TC03_DDCheckoutFunctionTest" name="checkOutWithNewRegistration" time="44.851"/>
  <testcase classname="com.opencart.zdatadriven.TC03_DDCheckoutFunctionTest" name="checkOutWithNewRegistration" time="31.508"/>
</testsuite> <!-- Testdatadriventest -->
