<?xml version="1.0" encoding="UTF-8"?>
<!-- Generated by org.testng.reporters.JUnitXMLReporter -->
<testsuite ignored="0" hostname="Z422" failures="0" tests="3" name="TransactionHistoryFeature" time="29.186" errors="0" timestamp="2023-01-09T16:02:44 IST">
  <testcase classname="com.opencart.testcase.TC131_THnavigatingpagestest" name="transcationHistoryPageNavigation" time="3.841"/>
  <testcase classname="com.opencart.testcase.TC132_THnavigatebeforelogintest" name="transactionHistoryPageNavigationBeforeLogin" time="4.201"/>
  <testcase classname="com.opencart.testcase.TC133_THdetailspresenttest" name="transactionHistoryPageNavigationBeforeLogin" time="4.23"/>
</testsuite> <!-- TransactionHistoryFeature -->
