<?xml version="1.0" encoding="UTF-8"?>
<!-- Generated by org.testng.reporters.JUnitXMLReporter -->
<testsuite ignored="0" hostname="Z422" failures="0" tests="4" name="WishListFeature" time="56.809" errors="0" timestamp="2023-01-09T15:49:31 IST">
  <testcase classname="com.opencart.testcase.TC082_WLfromproductdisplaytest" name="wishListFromProductDisplayPage" time="7.175"/>
  <testcase classname="com.opencart.testcase.TC083_WLfromhomepagetest" name="wishListFromHomePageProduct" time="4.219"/>
  <testcase classname="com.opencart.testcase.TC084_WLonnewwindowtest" name="wishListAddProductFromNewWindow" time="6.948"/>
  <testcase classname="com.opencart.testcase.TC085_WLdefaultwishlstmsgtest" name="wishListPageIntialMsg" time="3.516"/>
</testsuite> <!-- WishListFeature -->
