<?xml version="1.0" encoding="UTF-8"?>
<testsuite xmlns:xsi="http://www.w3.org/2001/XMLSchema-instance" xsi:noNamespaceSchemaLocation="https://maven.apache.org/surefire/maven-surefire-plugin/xsd/surefire-test-report-3.0.xsd" version="3.0" name="TestSuite" time="370.717" tests="28" errors="0" skipped="0" failures="4">
  <properties>
[...]
</properties>
  <testcase name="registeringWithAllFileds[{Email=samuel2224@gmail.com, ExpectedResult=Success, Telephone=9876543210, FirstName=Samuel, Runmode=Y, LastName=Sharma, Browser=Chrome, Password=*A123l1, ConfirmPassword=*A123l1}](1)" classname="com.opencart.zdatadriven.TC01_DDRegisterFunctionTest" time="15.824">
    <system-out><![CDATA[[INFO ] 2022-12-29 00:11:51.519 [main] BaseClass - Test Started For The Given Features
[INFO ] 2022-12-29 00:11:53.616 [main] BaseClass - Test Started For:registeringWithAllFileds
[INFO ] 2022-12-29 00:11:53.663 [main] Baseclassdatadriven - ***** TC01_DDRegisterFunctionTest Started *****
[DEBUG] 2022-12-29 00:11:55.158 [main] InternalLoggerFactory - Using Log4J2 as the default logging framework
[DEBUG] 2022-12-29 00:11:55.158 [main] ResourceLeakDetector - -Dio.netty.leakDetection.level: simple
[DEBUG] 2022-12-29 00:11:55.158 [main] ResourceLeakDetector - -Dio.netty.leakDetection.targetRecords: 4
[DEBUG] 2022-12-29 00:11:55.174 [main] ResourceLeakDetectorFactory - Loaded default ResourceLeakDetector: io.netty.util.ResourceLeakDetector@36c2b646
[DEBUG] 2022-12-29 00:11:55.236 [main] PlatformDependent0 - -Dio.netty.noUnsafe: false
[DEBUG] 2022-12-29 00:11:55.236 [main] PlatformDependent0 - Java version: 18
[DEBUG] 2022-12-29 00:11:55.236 [main] PlatformDependent0 - sun.misc.Unsafe.theUnsafe: available
[DEBUG] 2022-12-29 00:11:55.236 [main] PlatformDependent0 - sun.misc.Unsafe.copyMemory: available
[DEBUG] 2022-12-29 00:11:55.236 [main] PlatformDependent0 - sun.misc.Unsafe.storeFence: available
[DEBUG] 2022-12-29 00:11:55.252 [main] PlatformDependent0 - java.nio.Buffer.address: available
[DEBUG] 2022-12-29 00:11:55.252 [main] PlatformDependent0 - direct buffer constructor: unavailable: Reflective setAccessible(true) disabled
[DEBUG] 2022-12-29 00:11:55.252 [main] PlatformDependent0 - java.nio.Bits.unaligned: available, true
[DEBUG] 2022-12-29 00:11:55.252 [main] PlatformDependent0 - jdk.internal.misc.Unsafe.allocateUninitializedArray(int): unavailable: class io.netty.util.internal.PlatformDependent0$7 cannot access class jdk.internal.misc.Unsafe (in module java.base) because module java.base does not export jdk.internal.misc to unnamed module @d5b810e
[DEBUG] 2022-12-29 00:11:55.252 [main] PlatformDependent0 - java.nio.DirectByteBuffer.<init>(long, int): unavailable
[DEBUG] 2022-12-29 00:11:55.252 [main] PlatformDependent - sun.misc.Unsafe: available
[DEBUG] 2022-12-29 00:11:55.252 [main] PlatformDependent - maxDirectMemory: 1021313024 bytes (maybe)
[DEBUG] 2022-12-29 00:11:55.267 [main] PlatformDependent - -Dio.netty.tmpdir: C:\Users\User\AppData\Local\Temp (java.io.tmpdir)
[DEBUG] 2022-12-29 00:11:55.267 [main] PlatformDependent - -Dio.netty.bitMode: 64 (sun.arch.data.model)
[DEBUG] 2022-12-29 00:11:55.267 [main] PlatformDependent - Platform: Windows
[DEBUG] 2022-12-29 00:11:55.267 [main] PlatformDependent - -Dio.netty.maxDirectMemory: -1 bytes
[DEBUG] 2022-12-29 00:11:55.267 [main] PlatformDependent - -Dio.netty.uninitializedArrayAllocationThreshold: -1
[DEBUG] 2022-12-29 00:11:55.267 [main] CleanerJava9 - java.nio.ByteBuffer.cleaner(): available
[DEBUG] 2022-12-29 00:11:55.267 [main] PlatformDependent - -Dio.netty.noPreferDirect: false
[DEBUG] 2022-12-29 00:11:55.283 [main] PlatformDependent - org.jctools-core.MpscChunkedArrayQueue: available
[DEBUG] 2022-12-29 00:11:55.345 [main] InternalThreadLocalMap - -Dio.netty.threadLocalMap.stringBuilder.initialSize: 1024
[DEBUG] 2022-12-29 00:11:55.345 [main] InternalThreadLocalMap - -Dio.netty.threadLocalMap.stringBuilder.maxSize: 4096
[DEBUG] 2022-12-29 00:11:55.474 [main] JdkSslContext - Default protocols (JDK): [TLSv1.3, TLSv1.2] 
[DEBUG] 2022-12-29 00:11:55.474 [main] JdkSslContext - Default cipher suites (JDK): [TLS_ECDHE_ECDSA_WITH_AES_256_GCM_SHA384, TLS_ECDHE_ECDSA_WITH_AES_128_GCM_SHA256, TLS_ECDHE_RSA_WITH_AES_128_GCM_SHA256, TLS_ECDHE_RSA_WITH_AES_256_GCM_SHA384, TLS_ECDHE_RSA_WITH_AES_128_CBC_SHA, TLS_ECDHE_RSA_WITH_AES_256_CBC_SHA, TLS_RSA_WITH_AES_128_GCM_SHA256, TLS_RSA_WITH_AES_128_CBC_SHA, TLS_RSA_WITH_AES_256_CBC_SHA, TLS_AES_128_GCM_SHA256, TLS_AES_256_GCM_SHA384]
[DEBUG] 2022-12-29 00:11:55.559 [main] MultithreadEventLoopGroup - -Dio.netty.eventLoopThreads: 8
[DEBUG] 2022-12-29 00:11:55.575 [main] NioEventLoop - -Dio.netty.noKeySetOptimization: false
[DEBUG] 2022-12-29 00:11:55.575 [main] NioEventLoop - -Dio.netty.selectorAutoRebuildThreshold: 512
[DEBUG] 2022-12-29 00:11:55.704 [main] PooledByteBufAllocator - -Dio.netty.allocator.numHeapArenas: 8
[DEBUG] 2022-12-29 00:11:55.704 [main] PooledByteBufAllocator - -Dio.netty.allocator.numDirectArenas: 8
[DEBUG] 2022-12-29 00:11:55.704 [main] PooledByteBufAllocator - -Dio.netty.allocator.pageSize: 8192
[DEBUG] 2022-12-29 00:11:55.704 [main] PooledByteBufAllocator - -Dio.netty.allocator.maxOrder: 9
[DEBUG] 2022-12-29 00:11:55.704 [main] PooledByteBufAllocator - -Dio.netty.allocator.chunkSize: 4194304
[DEBUG] 2022-12-29 00:11:55.704 [main] PooledByteBufAllocator - -Dio.netty.allocator.smallCacheSize: 256
[DEBUG] 2022-12-29 00:11:55.704 [main] PooledByteBufAllocator - -Dio.netty.allocator.normalCacheSize: 64
[DEBUG] 2022-12-29 00:11:55.704 [main] PooledByteBufAllocator - -Dio.netty.allocator.maxCachedBufferCapacity: 32768
[DEBUG] 2022-12-29 00:11:55.704 [main] PooledByteBufAllocator - -Dio.netty.allocator.cacheTrimInterval: 8192
[DEBUG] 2022-12-29 00:11:55.704 [main] PooledByteBufAllocator - -Dio.netty.allocator.cacheTrimIntervalMillis: 0
[DEBUG] 2022-12-29 00:11:55.704 [main] PooledByteBufAllocator - -Dio.netty.allocator.useCacheForAllThreads: false
[DEBUG] 2022-12-29 00:11:55.704 [main] PooledByteBufAllocator - -Dio.netty.allocator.maxCachedByteBuffersPerChunk: 1023
[DEBUG] 2022-12-29 00:11:55.751 [main] ByteBufUtil - -Dio.netty.allocator.type: pooled
[DEBUG] 2022-12-29 00:11:55.751 [main] ByteBufUtil - -Dio.netty.threadLocalDirectBufferSize: 0
[DEBUG] 2022-12-29 00:11:55.751 [main] ByteBufUtil - -Dio.netty.maxThreadLocalCharBufferSize: 16384
[DEBUG] 2022-12-29 00:11:56.951 [Forwarding newSession on session null to remote] DefaultChannelId - -Dio.netty.processId: 9836 (auto-detected)
[DEBUG] 2022-12-29 00:11:56.967 [Forwarding newSession on session null to remote] NetUtil - -Djava.net.preferIPv4Stack: false
[DEBUG] 2022-12-29 00:11:56.967 [Forwarding newSession on session null to remote] NetUtil - -Djava.net.preferIPv6Addresses: false
[DEBUG] 2022-12-29 00:11:56.998 [Forwarding newSession on session null to remote] NetUtilInitializations - Loopback interface: lo (Software Loopback Interface 1, 127.0.0.1)
[DEBUG] 2022-12-29 00:11:56.998 [Forwarding newSession on session null to remote] NetUtil - Failed to get SOMAXCONN from sysctl and file \proc\sys\net\core\somaxconn. Default: 200
[DEBUG] 2022-12-29 00:11:57.111 [Forwarding newSession on session null to remote] DefaultChannelId - -Dio.netty.machineId: 00:50:56:ff:fe:c0:00:01 (auto-detected)
[DEBUG] 2022-12-29 00:11:57.220 [AsyncHttpClient-1-2] AbstractByteBuf - -Dio.netty.buffer.checkAccessible: true
[DEBUG] 2022-12-29 00:11:57.220 [AsyncHttpClient-1-2] AbstractByteBuf - -Dio.netty.buffer.checkBounds: true
[DEBUG] 2022-12-29 00:11:57.220 [AsyncHttpClient-1-2] ResourceLeakDetectorFactory - Loaded default ResourceLeakDetector: io.netty.util.ResourceLeakDetector@3729594a
[DEBUG] 2022-12-29 00:11:57.282 [AsyncHttpClient-1-2] Recycler - -Dio.netty.recycler.maxCapacityPerThread: 4096
[DEBUG] 2022-12-29 00:11:57.282 [AsyncHttpClient-1-2] Recycler - -Dio.netty.recycler.ratio: 8
[DEBUG] 2022-12-29 00:11:57.282 [AsyncHttpClient-1-2] Recycler - -Dio.netty.recycler.chunkSize: 32
[DEBUG] 2022-12-29 00:11:57.282 [AsyncHttpClient-1-2] Recycler - -Dio.netty.recycler.blocking: false
[DEBUG] 2022-12-29 00:11:59.940 [AsyncHttpClient-1-2] Brotli - brotli4j not in the classpath; Brotli support will be unavailable.
[DEBUG] 2022-12-29 00:12:00.282 [main] ThreadLocalRandom - -Dio.netty.initialSeedUniquifier: 0xd77a7b39544b4619
[INFO ] 2022-12-29 00:12:04.454 [main] Baseclassdatadriven - Register Option Displayed In MyAccount Drop Menu
[INFO ] 2022-12-29 00:12:05.304 [main] Baseclassdatadriven - User Logged Into Registration Page
[INFO ] 2022-12-29 00:12:07.556 [main] Baseclassdatadriven - User Logged Into AccountSuccess Page
[INFO ] 2022-12-29 00:12:07.704 [main] Baseclassdatadriven - Logout Option Displayed On MyAccount Drop Menu
[INFO ] 2022-12-29 00:12:07.813 [main] Baseclassdatadriven - Success Link Displayed On Bedcrum
[INFO ] 2022-12-29 00:12:07.926 [main] Baseclassdatadriven - Account Success Message Displayed: Congratulations! Your new account has been successfully created!
[INFO ] 2022-12-29 00:12:08.527 [main] Baseclassdatadriven - Edit your account information Link Displayed On WebPage
[INFO ] 2022-12-29 00:12:08.527 [main] Baseclassdatadriven - User Logged Into Account Page
[INFO ] 2022-12-29 00:12:08.615 [main] Baseclassdatadriven - Account Link Displayed On Bedcrum
[INFO ] 2022-12-29 00:12:09.394 [main] Baseclassdatadriven - User Logged Out 
[INFO ] 2022-12-29 00:12:09.394 [main] Baseclassdatadriven - ***** TC01_DDRegisterFunctionTest Completed *****
[INFO ] 2022-12-29 00:12:09.402 [main] BaseClass - Test Passed:registeringWithAllFileds
]]></system-out>
    <system-err><![CDATA[SLF4J: No SLF4J providers were found.
SLF4J: Defaulting to no-operation (NOP) logger implementation
SLF4J: See https://www.slf4j.org/codes.html#noProviders for further details.
SLF4J: Class path contains SLF4J bindings targeting slf4j-api versions 1.7.x or earlier.
SLF4J: Ignoring binding found at [jar:file:/C:/Users/User/.m2/repository/org/slf4j/slf4j-nop/1.7.28/slf4j-nop-1.7.28.jar!/org/slf4j/impl/StaticLoggerBinder.class]
SLF4J: See https://www.slf4j.org/codes.html#ignoredBindings for an explanation.
Starting ChromeDriver 108.0.5359.71 (1e0e3868ee06e91ad636a874420e3ca3ae3756ac-refs/branch-heads/5359@{#1016}) on port 21848
Only local connections are allowed.
Please see https://chromedriver.chromium.org/security-considerations for suggestions on keeping ChromeDriver safe.
ChromeDriver was started successfully.
Dec 29, 2022 12:12:00 AM org.openqa.selenium.devtools.CdpVersionFinder findNearestMatch
WARNING: Unable to find an exact match for CDP version 108, so returning the closest version found: 107
]]></system-err>
  </testcase>
  <testcase name="registeringWithAllFileds[{Email=james3332@gmail.com, ExpectedResult=Success, Telephone=9876543210, FirstName=James, Runmode=Y, LastName=Ghosling, Browser=Edge, Password=*A123l1, ConfirmPassword=*A123l1}](2)" classname="com.opencart.zdatadriven.TC01_DDRegisterFunctionTest" time="25.077">
    <system-out><![CDATA[[INFO ] 2022-12-29 00:12:10.031 [main] BaseClass - Test Started For:registeringWithAllFileds
[INFO ] 2022-12-29 00:12:10.031 [main] Baseclassdatadriven - ***** TC01_DDRegisterFunctionTest Started *****
[INFO ] 2022-12-29 00:12:29.527 [main] Baseclassdatadriven - Register Option Displayed In MyAccount Drop Menu
[INFO ] 2022-12-29 00:12:30.575 [main] Baseclassdatadriven - User Logged Into Registration Page
[INFO ] 2022-12-29 00:12:33.308 [main] Baseclassdatadriven - User Logged Into AccountSuccess Page
[INFO ] 2022-12-29 00:12:33.434 [main] Baseclassdatadriven - Logout Option Displayed On MyAccount Drop Menu
[INFO ] 2022-12-29 00:12:33.526 [main] Baseclassdatadriven - Success Link Displayed On Bedcrum
[INFO ] 2022-12-29 00:12:33.659 [main] Baseclassdatadriven - Account Success Message Displayed: Congratulations! Your new account has been successfully created!
[INFO ] 2022-12-29 00:12:34.253 [main] Baseclassdatadriven - Edit your account information Link Displayed On WebPage
[INFO ] 2022-12-29 00:12:34.269 [main] Baseclassdatadriven - User Logged Into Account Page
[INFO ] 2022-12-29 00:12:34.368 [main] Baseclassdatadriven - Account Link Displayed On Bedcrum
[INFO ] 2022-12-29 00:12:35.092 [main] Baseclassdatadriven - User Logged Out 
[INFO ] 2022-12-29 00:12:35.092 [main] Baseclassdatadriven - ***** TC01_DDRegisterFunctionTest Completed *****
[INFO ] 2022-12-29 00:12:35.092 [main] BaseClass - Test Passed:registeringWithAllFileds
]]></system-out>
    <system-err><![CDATA[Starting Microsoft Edge WebDriver 108.0.1462.54 (c2998c8c661724d797c22f48cf555a2bef5029ee) on port 3458
To submit feedback, report a bug, or suggest new features, please visit https://github.com/MicrosoftEdge/EdgeWebDriver

Only local connections are allowed.
Please see https://aka.ms/WebDriverSecurity for suggestions on keeping Microsoft Edge WebDriver safe.

Microsoft Edge WebDriver was started successfully.
Dec 29, 2022 12:12:26 AM org.openqa.selenium.devtools.CdpVersionFinder findNearestMatch
WARNING: Unable to find an exact match for CDP version 108, so returning the closest version found: 107
]]></system-err>
  </testcase>
  <testcase name="registeringWithAllFileds[{Email=rayan4443@gmail.com, ExpectedResult=Success, Telephone=9876543210, FirstName=Rayan, Runmode=Y, LastName=Renolds, Browser=Firefox, Password=*A123l1, ConfirmPassword=*A123l1}](3)" classname="com.opencart.zdatadriven.TC01_DDRegisterFunctionTest" time="37.744">
    <system-out><![CDATA[[INFO ] 2022-12-29 00:12:35.792 [main] BaseClass - Test Started For:registeringWithAllFileds
[INFO ] 2022-12-29 00:12:35.792 [main] Baseclassdatadriven - ***** TC01_DDRegisterFunctionTest Started *****
[INFO ] 2022-12-29 00:13:07.233 [main] Baseclassdatadriven - Register Option Displayed In MyAccount Drop Menu
[INFO ] 2022-12-29 00:13:09.107 [main] Baseclassdatadriven - User Logged Into Registration Page
[INFO ] 2022-12-29 00:13:10.842 [main] Baseclassdatadriven - User Logged Into AccountSuccess Page
[INFO ] 2022-12-29 00:13:11.154 [main] Baseclassdatadriven - Logout Option Displayed On MyAccount Drop Menu
[INFO ] 2022-12-29 00:13:11.312 [main] Baseclassdatadriven - Success Link Displayed On Bedcrum
[INFO ] 2022-12-29 00:13:11.378 [main] Baseclassdatadriven - Account Success Message Displayed: Congratulations! Your new account has been successfully created!
[INFO ] 2022-12-29 00:13:12.114 [main] Baseclassdatadriven - Edit your account information Link Displayed On WebPage
[INFO ] 2022-12-29 00:13:12.130 [main] Baseclassdatadriven - User Logged Into Account Page
[INFO ] 2022-12-29 00:13:12.293 [main] Baseclassdatadriven - Account Link Displayed On Bedcrum
[INFO ] 2022-12-29 00:13:13.515 [main] Baseclassdatadriven - User Logged Out 
[INFO ] 2022-12-29 00:13:13.515 [main] Baseclassdatadriven - ***** TC01_DDRegisterFunctionTest Completed *****
[INFO ] 2022-12-29 00:13:13.515 [main] BaseClass - Test Passed:registeringWithAllFileds
]]></system-out>
    <system-err><![CDATA[1672252957146	geckodriver	INFO	Listening on 127.0.0.1:17147
1672252957241	mozrunner::runner	INFO	Running command: "C:\\Program Files\\Mozilla Firefox\\firefox.exe" "--marionette" "--remote-debugging-port" "43025" "--remote-allow-hosts" "localhost" "--remote-allow-origins" "http://127.0.0.1:43025/,http://localhost:43025/,http://[::1]:43025/" "-no-remote" "-profile" "C:\\Users\\User\\AppData\\Local\\Temp\\rust_mozprofileORgefA"
1672252964569	Marionette	INFO	Marionette enabled
1672252964607	Marionette	INFO	Listening on port 51481
Read port: 51481
WebDriver BiDi listening on ws://127.0.0.1:43025
Read port: 51481
1672252970128	RemoteAgent	WARN	TLS certificate errors will be ignored for this session
console.warn: SearchSettings: "get: No settings file exists, new profile?" (new NotFoundError("Could not open the file at C:\\Users\\User\\AppData\\Local\\Temp\\rust_mozprofileORgefA\\search.json.mozlz4", (void 0)))
DevTools listening on ws://127.0.0.1:43025/devtools/browser/21dcefd2-4f03-425f-acfb-71165bbbe648
console.warn: LoginRecipes: "Falling back to a synchronous message for: http://tutorialsninja.com."
console.warn: LoginRecipes: "Falling back to a synchronous message for: http://tutorialsninja.com."
]]></system-err>
  </testcase>
  <testcase name="registeringWithAllFileds[{Email=, ExpectedResult=Failure, Telephone=, FirstName=, Runmode=Y, LastName=, Browser=Firefox, Password=, ConfirmPassword=}](4)" classname="com.opencart.zdatadriven.TC01_DDRegisterFunctionTest" time="12.929">
    <system-out><![CDATA[[INFO ] 2022-12-29 00:13:16.761 [main] BaseClass - Test Started For:registeringWithAllFileds
[INFO ] 2022-12-29 00:13:16.761 [main] Baseclassdatadriven - ***** TC01_DDRegisterFunctionTest Started *****
[INFO ] 2022-12-29 00:13:27.184 [main] Baseclassdatadriven - Register Option Displayed In MyAccount Drop Menu
[INFO ] 2022-12-29 00:13:27.885 [main] Baseclassdatadriven - User Logged Into Registration Page
[INFO ] 2022-12-29 00:13:29.675 [main] Baseclassdatadriven - ***** TC01_DDRegisterFunctionTest Completed *****
[INFO ] 2022-12-29 00:13:29.690 [main] BaseClass - Test Passed:registeringWithAllFileds
]]></system-out>
    <system-err><![CDATA[1672252993559	Marionette	INFO	Stopped listening on port 51481
WARNING: A blocker encountered an error while we were waiting.
          Blocker:  Waiting for ping task
          Phase: TelemetryController: Waiting for pending ping activity
          State: (none)
WARNING: Error: Phase "profile-before-change" is finished, it is too late to register completion condition "OS.File: flush I/O queued before profileBeforeChange"
WARNING: addBlocker@resource://gre/modules/AsyncShutdown.jsm:703:15
addBlocker@resource://gre/modules/AsyncShutdown.jsm:511:26
addBlocker@resource://gre/modules/AsyncShutdown.jsm:450:15
setupShutdown@resource://gre/modules/osfile/osfile_async_front.jsm:1563:28
@resource://gre/modules/osfile/osfile_async_front.jsm:1583:16
@resource://gre/modules/osfile.jsm:12:30
@resource://gre/modules/TelemetryStorage.jsm:19:28
promiseArchivePing@resource://gre/modules/TelemetryArchive.jsm:103:5
promiseArchivePing@resource://gre/modules/TelemetryArchive.jsm:63:33
_submitPingLogic@resource://gre/modules/TelemetryControllerParent.jsm:540:48
send@resource://gre/modules/TelemetryControllerParent.jsm:628:24
submitExternalPing@resource://gre/modules/TelemetryControllerParent.jsm:182:17
sendPing@resource://gre/modules/EventPing.jsm:51:30
_submitPing@resource://gre/modules/EventPing.jsm:229:12
shutdown@resource://gre/modules/EventPing.jsm:112:10
_cleanupOnShutdown@resource://gre/modules/TelemetryControllerParent.jsm:940:31
shutdown/<@resource://gre/modules/TelemetryControllerParent.jsm:1010:24
observe@resource://gre/modules/AsyncShutdown.jsm:560:16

WARNING: A blocker encountered an error while we were waiting.
          Blocker:  Waiting for ping task
          Phase: TelemetryController: Waiting for pending ping activity
          State: (none)
WARNING: Error: Phase "profile-before-change" is finished, it is too late to register completion condition "OS.File: flush I/O queued before profileBeforeChange"
WARNING: addBlocker@resource://gre/modules/AsyncShutdown.jsm:703:15
addBlocker@resource://gre/modules/AsyncShutdown.jsm:511:26
addBlocker@resource://gre/modules/AsyncShutdown.jsm:450:15
setupShutdown@resource://gre/modules/osfile/osfile_async_front.jsm:1563:28
@resource://gre/modules/osfile/osfile_async_front.jsm:1583:16
@resource://gre/modules/osfile.jsm:12:30
@resource://gre/modules/TelemetryStorage.jsm:19:28
promiseArchivePing@resource://gre/modules/TelemetryArchive.jsm:103:5
promiseArchivePing@resource://gre/modules/TelemetryArchive.jsm:63:33
_submitPingLogic@resource://gre/modules/TelemetryControllerParent.jsm:540:48
send@resource://gre/modules/TelemetryControllerParent.jsm:628:24
submitExternalPing@resource://gre/modules/TelemetryControllerParent.jsm:182:17
saveShutdownPings@resource://gre/modules/TelemetrySession.jsm:982:34
shutdownChromeProcess/cleanup/<@resource://gre/modules/TelemetrySession.jsm:1232:20
cleanup@resource://gre/modules/TelemetrySession.jsm:1239:9
shutdownChromeProcess@resource://gre/modules/TelemetrySession.jsm:1256:14
shutdown@resource://gre/modules/TelemetrySession.jsm:247:17
_cleanupOnShutdown@resource://gre/modules/TelemetryControllerParent.jsm:959:35
observe@resource://gre/modules/AsyncShutdown.jsm:560:16

WARNING: A blocker encountered an error while we were waiting.
          Blocker:  Waiting for ping task
          Phase: TelemetryController: Waiting for pending ping activity
          State: (none)
WARNING: Error: Phase "profile-before-change" is finished, it is too late to register completion condition "OS.File: flush I/O queued before profileBeforeChange"
WARNING: addBlocker@resource://gre/modules/AsyncShutdown.jsm:703:15
addBlocker@resource://gre/modules/AsyncShutdown.jsm:511:26
addBlocker@resource://gre/modules/AsyncShutdown.jsm:450:15
setupShutdown@resource://gre/modules/osfile/osfile_async_front.jsm:1563:28
@resource://gre/modules/osfile/osfile_async_front.jsm:1583:16
@resource://gre/modules/osfile.jsm:12:30
@resource://gre/modules/TelemetryStorage.jsm:19:28
promiseArchivePing@resource://gre/modules/TelemetryArchive.jsm:103:5
promiseArchivePing@resource://gre/modules/TelemetryArchive.jsm:63:33
_submitPingLogic@resource://gre/modules/TelemetryControllerParent.jsm:540:48
send@resource://gre/modules/TelemetryControllerParent.jsm:628:24
submitExternalPing@resource://gre/modules/TelemetryControllerParent.jsm:182:17
saveShutdownPings@resource://gre/modules/TelemetrySession.jsm:1014:36
shutdownChromeProcess/cleanup/<@resource://gre/modules/TelemetrySession.jsm:1232:20
cleanup@resource://gre/modules/TelemetrySession.jsm:1239:9
shutdownChromeProcess@resource://gre/modules/TelemetrySession.jsm:1256:14
shutdown@resource://gre/modules/TelemetrySession.jsm:247:17
_cleanupOnShutdown@resource://gre/modules/TelemetryControllerParent.jsm:959:35
observe@resource://gre/modules/AsyncShutdown.jsm:560:16

WARNING: A blocker encountered an error while we were waiting.
          Blocker:  TelemetryController: shutting down
          Phase: profile-before-change-telemetry
          State: Error getting state: Error: Phase "profile-before-change" is finished, it is too late to register completion condition "OS.File: flush I/O queued before profileBeforeChange" at addBlocker@resource://gre/modules/AsyncShutdown.jsm:703:15
addBlocker@resource://gre/modules/AsyncShutdown.jsm:511:26
addBlocker@resource://gre/modules/AsyncShutdown.jsm:450:15
setupShutdown@resource://gre/modules/osfile/osfile_async_front.jsm:1563:28
@resource://gre/modules/osfile/osfile_async_front.jsm:1583:16
@resource://gre/modules/osfile.jsm:12:30
@resource://gre/modules/TelemetryStorage.jsm:19:28
getShutdownState@resource://gre/modules/TelemetrySend.jsm:1687:7
getShutdownState@resource://gre/modules/TelemetrySend.jsm:369:30
_getState@resource://gre/modules/TelemetryControllerParent.jsm:1058:38
setupTelemetry/<@resource://gre/modules/TelemetryControllerParent.jsm:917:18
safeGetState@resource://gre/modules/AsyncShutdown.jsm:242:17
Barrier/addBlocker/promise<@resource://gre/modules/AsyncShutdown.jsm:751:20
observe@resource://gre/modules/AsyncShutdown.jsm:560:16

WARNING: Error: Phase "profile-before-change" is finished, it is too late to register completion condition "OS.File: flush I/O queued before profileBeforeChange"
WARNING: addBlocker@resource://gre/modules/AsyncShutdown.jsm:703:15
addBlocker@resource://gre/modules/AsyncShutdown.jsm:511:26
addBlocker@resource://gre/modules/AsyncShutdown.jsm:450:15
setupShutdown@resource://gre/modules/osfile/osfile_async_front.jsm:1563:28
@resource://gre/modules/osfile/osfile_async_front.jsm:1583:16
@resource://gre/modules/osfile.jsm:12:30
@resource://gre/modules/TelemetryStorage.jsm:19:28
removeAbortedSessionPing@resource://gre/modules/TelemetryControllerParent.jsm:721:5
removeAbortedSessionPing@resource://gre/modules/TelemetryControllerParent.jsm:249:17
shutdownChromeProcess/cleanup/<@resource://gre/modules/TelemetrySession.jsm:1235:42
observe@resource://gre/modules/AsyncShutdown.jsm:560:16

JavaScript error: resource://gre/modules/AsyncShutdown.jsm, line 703: Error: Phase "profile-before-change" is finished, it is too late to register completion condition "OS.File: flush I/O queued before profileBeforeChange"
JavaScript error: resource://gre/modules/AsyncShutdown.jsm, line 703: Error: Phase "profile-before-change" is finished, it is too late to register completion condition "OS.File: flush I/O queued before profileBeforeChange"
JavaScript error: resource://gre/modules/AsyncShutdown.jsm, line 703: Error: Phase "profile-before-change" is finished, it is too late to register completion condition "OS.File: flush I/O queued before profileBeforeChange"
JavaScript error: resource://gre/modules/AsyncShutdown.jsm, line 703: Error: Phase "profile-before-change" is finished, it is too late to register completion condition "OS.File: flush I/O queued before profileBeforeChange"
JavaScript error: resource://gre/modules/AsyncShutdown.jsm, line 703: Error: Phase "profile-before-change" is finished, it is too late to register completion condition "OS.File: flush I/O queued before profileBeforeChange"
JavaScript error: resource://gre/modules/AsyncShutdown.jsm, line 703: Error: Phase "profile-before-change" is finished, it is too late to register completion condition "OS.File: flush I/O queued before profileBeforeChange"
1672252997288	geckodriver	INFO	Listening on 127.0.0.1:10884
1672252997326	mozrunner::runner	INFO	Running command: "C:\\Program Files\\Mozilla Firefox\\firefox.exe" "--marionette" "--remote-debugging-port" "36621" "--remote-allow-hosts" "localhost" "--remote-allow-origins" "http://127.0.0.1:36621/,http://localhost:36621/,http://[::1]:36621/" "-no-remote" "-profile" "C:\\Users\\User\\AppData\\Local\\Temp\\rust_mozprofileaMoVyQ"
1672252998412	Marionette	INFO	Marionette enabled
1672252998428	Marionette	INFO	Listening on port 51742
Read port: 51742
WebDriver BiDi listening on ws://127.0.0.1:36621
1672252998881	RemoteAgent	WARN	TLS certificate errors will be ignored for this session
console.warn: SearchSettings: "get: No settings file exists, new profile?" (new NotFoundError("Could not open the file at C:\\Users\\User\\AppData\\Local\\Temp\\rust_mozprofileaMoVyQ\\search.json.mozlz4", (void 0)))
DevTools listening on ws://127.0.0.1:36621/devtools/browser/9c5d0772-4cb9-45d5-8a77-3fa96409d8e6
console.warn: LoginRecipes: "Falling back to a synchronous message for: http://tutorialsninja.com."
]]></system-err>
  </testcase>
  <testcase name="registeringWithAllFileds[{Email=ravi309@gmail.com, ExpectedResult=Failure, Telephone=9876543210, FirstName=, Runmode=Y, LastName=Sharma, Browser=Firefox, Password=*A123l1, ConfirmPassword=*A123l1}](5)" classname="com.opencart.zdatadriven.TC01_DDRegisterFunctionTest" time="12.076">
    <system-out><![CDATA[[INFO ] 2022-12-29 00:13:32.060 [main] BaseClass - Test Started For:registeringWithAllFileds
[INFO ] 2022-12-29 00:13:32.060 [main] Baseclassdatadriven - ***** TC01_DDRegisterFunctionTest Started *****
[INFO ] 2022-12-29 00:13:41.813 [main] Baseclassdatadriven - Register Option Displayed In MyAccount Drop Menu
[INFO ] 2022-12-29 00:13:42.583 [main] Baseclassdatadriven - User Logged Into Registration Page
[INFO ] 2022-12-29 00:13:44.105 [main] Baseclassdatadriven - ***** TC01_DDRegisterFunctionTest Completed *****
[INFO ] 2022-12-29 00:13:44.121 [main] BaseClass - Test Passed:registeringWithAllFileds
]]></system-out>
    <system-err><![CDATA[1672253009717	Marionette	INFO	Stopped listening on port 51742
WARNING: A blocker encountered an error while we were waiting.
          Blocker:  Waiting for ping task
          Phase: TelemetryController: Waiting for pending ping activity
          State: (none)
WARNING: Error: Phase "profile-before-change" is finished, it is too late to register completion condition "OS.File: flush I/O queued before profileBeforeChange"
WARNING: addBlocker@resource://gre/modules/AsyncShutdown.jsm:703:15
addBlocker@resource://gre/modules/AsyncShutdown.jsm:511:26
addBlocker@resource://gre/modules/AsyncShutdown.jsm:450:15
setupShutdown@resource://gre/modules/osfile/osfile_async_front.jsm:1563:28
@resource://gre/modules/osfile/osfile_async_front.jsm:1583:16
@resource://gre/modules/osfile.jsm:12:30
@resource://gre/modules/TelemetryStorage.jsm:19:28
promiseArchivePing@resource://gre/modules/TelemetryArchive.jsm:103:5
promiseArchivePing@resource://gre/modules/TelemetryArchive.jsm:63:33
_submitPingLogic@resource://gre/modules/TelemetryControllerParent.jsm:540:48
send@resource://gre/modules/TelemetryControllerParent.jsm:628:24
submitExternalPing@resource://gre/modules/TelemetryControllerParent.jsm:182:17
sendPing@resource://gre/modules/EventPing.jsm:51:30
_submitPing@resource://gre/modules/EventPing.jsm:229:12
shutdown@resource://gre/modules/EventPing.jsm:112:10
_cleanupOnShutdown@resource://gre/modules/TelemetryControllerParent.jsm:940:31
shutdown/<@resource://gre/modules/TelemetryControllerParent.jsm:1010:24
observe@resource://gre/modules/AsyncShutdown.jsm:560:16

WARNING: A blocker encountered an error while we were waiting.
          Blocker:  Waiting for ping task
          Phase: TelemetryController: Waiting for pending ping activity
          State: (none)
WARNING: Error: Phase "profile-before-change" is finished, it is too late to register completion condition "OS.File: flush I/O queued before profileBeforeChange"
WARNING: addBlocker@resource://gre/modules/AsyncShutdown.jsm:703:15
addBlocker@resource://gre/modules/AsyncShutdown.jsm:511:26
addBlocker@resource://gre/modules/AsyncShutdown.jsm:450:15
setupShutdown@resource://gre/modules/osfile/osfile_async_front.jsm:1563:28
@resource://gre/modules/osfile/osfile_async_front.jsm:1583:16
@resource://gre/modules/osfile.jsm:12:30
@resource://gre/modules/TelemetryStorage.jsm:19:28
promiseArchivePing@resource://gre/modules/TelemetryArchive.jsm:103:5
promiseArchivePing@resource://gre/modules/TelemetryArchive.jsm:63:33
_submitPingLogic@resource://gre/modules/TelemetryControllerParent.jsm:540:48
send@resource://gre/modules/TelemetryControllerParent.jsm:628:24
submitExternalPing@resource://gre/modules/TelemetryControllerParent.jsm:182:17
saveShutdownPings@resource://gre/modules/TelemetrySession.jsm:982:34
shutdownChromeProcess/cleanup/<@resource://gre/modules/TelemetrySession.jsm:1232:20
cleanup@resource://gre/modules/TelemetrySession.jsm:1239:9
shutdownChromeProcess@resource://gre/modules/TelemetrySession.jsm:1256:14
shutdown@resource://gre/modules/TelemetrySession.jsm:247:17
_cleanupOnShutdown@resource://gre/modules/TelemetryControllerParent.jsm:959:35
observe@resource://gre/modules/AsyncShutdown.jsm:560:16

WARNING: A blocker encountered an error while we were waiting.
          Blocker:  Waiting for ping task
          Phase: TelemetryController: Waiting for pending ping activity
          State: (none)
WARNING: Error: Phase "profile-before-change" is finished, it is too late to register completion condition "OS.File: flush I/O queued before profileBeforeChange"
WARNING: addBlocker@resource://gre/modules/AsyncShutdown.jsm:703:15
addBlocker@resource://gre/modules/AsyncShutdown.jsm:511:26
addBlocker@resource://gre/modules/AsyncShutdown.jsm:450:15
setupShutdown@resource://gre/modules/osfile/osfile_async_front.jsm:1563:28
@resource://gre/modules/osfile/osfile_async_front.jsm:1583:16
@resource://gre/modules/osfile.jsm:12:30
@resource://gre/modules/TelemetryStorage.jsm:19:28
promiseArchivePing@resource://gre/modules/TelemetryArchive.jsm:103:5
promiseArchivePing@resource://gre/modules/TelemetryArchive.jsm:63:33
_submitPingLogic@resource://gre/modules/TelemetryControllerParent.jsm:540:48
send@resource://gre/modules/TelemetryControllerParent.jsm:628:24
submitExternalPing@resource://gre/modules/TelemetryControllerParent.jsm:182:17
saveShutdownPings@resource://gre/modules/TelemetrySession.jsm:1014:36
shutdownChromeProcess/cleanup/<@resource://gre/modules/TelemetrySession.jsm:1232:20
cleanup@resource://gre/modules/TelemetrySession.jsm:1239:9
shutdownChromeProcess@resource://gre/modules/TelemetrySession.jsm:1256:14
shutdown@resource://gre/modules/TelemetrySession.jsm:247:17
_cleanupOnShutdown@resource://gre/modules/TelemetryControllerParent.jsm:959:35
observe@resource://gre/modules/AsyncShutdown.jsm:560:16

WARNING: A blocker encountered an error while we were waiting.
          Blocker:  TelemetryController: shutting down
          Phase: profile-before-change-telemetry
          State: Error getting state: Error: Phase "profile-before-change" is finished, it is too late to register completion condition "OS.File: flush I/O queued before profileBeforeChange" at addBlocker@resource://gre/modules/AsyncShutdown.jsm:703:15
addBlocker@resource://gre/modules/AsyncShutdown.jsm:511:26
addBlocker@resource://gre/modules/AsyncShutdown.jsm:450:15
setupShutdown@resource://gre/modules/osfile/osfile_async_front.jsm:1563:28
@resource://gre/modules/osfile/osfile_async_front.jsm:1583:16
@resource://gre/modules/osfile.jsm:12:30
@resource://gre/modules/TelemetryStorage.jsm:19:28
getShutdownState@resource://gre/modules/TelemetrySend.jsm:1687:7
getShutdownState@resource://gre/modules/TelemetrySend.jsm:369:30
_getState@resource://gre/modules/TelemetryControllerParent.jsm:1058:38
setupTelemetry/<@resource://gre/modules/TelemetryControllerParent.jsm:917:18
safeGetState@resource://gre/modules/AsyncShutdown.jsm:242:17
Barrier/addBlocker/promise<@resource://gre/modules/AsyncShutdown.jsm:751:20
observe@resource://gre/modules/AsyncShutdown.jsm:560:16

WARNING: Error: Phase "profile-before-change" is finished, it is too late to register completion condition "OS.File: flush I/O queued before profileBeforeChange"
WARNING: addBlocker@resource://gre/modules/AsyncShutdown.jsm:703:15
addBlocker@resource://gre/modules/AsyncShutdown.jsm:511:26
addBlocker@resource://gre/modules/AsyncShutdown.jsm:450:15
setupShutdown@resource://gre/modules/osfile/osfile_async_front.jsm:1563:28
@resource://gre/modules/osfile/osfile_async_front.jsm:1583:16
@resource://gre/modules/osfile.jsm:12:30
@resource://gre/modules/TelemetryStorage.jsm:19:28
removeAbortedSessionPing@resource://gre/modules/TelemetryControllerParent.jsm:721:5
removeAbortedSessionPing@resource://gre/modules/TelemetryControllerParent.jsm:249:17
shutdownChromeProcess/cleanup/<@resource://gre/modules/TelemetrySession.jsm:1235:42
observe@resource://gre/modules/AsyncShutdown.jsm:560:16

JavaScript error: resource://gre/modules/AsyncShutdown.jsm, line 703: Error: Phase "profile-before-change" is finished, it is too late to register completion condition "OS.File: flush I/O queued before profileBeforeChange"
JavaScript error: resource://gre/modules/AsyncShutdown.jsm, line 703: Error: Phase "profile-before-change" is finished, it is too late to register completion condition "OS.File: flush I/O queued before profileBeforeChange"
JavaScript error: resource://gre/modules/AsyncShutdown.jsm, line 703: Error: Phase "profile-before-change" is finished, it is too late to register completion condition "OS.File: flush I/O queued before profileBeforeChange"
JavaScript error: resource://gre/modules/AsyncShutdown.jsm, line 703: Error: Phase "profile-before-change" is finished, it is too late to register completion condition "OS.File: flush I/O queued before profileBeforeChange"
JavaScript error: resource://gre/modules/AsyncShutdown.jsm, line 703: Error: Phase "profile-before-change" is finished, it is too late to register completion condition "OS.File: flush I/O queued before profileBeforeChange"
JavaScript error: resource://gre/modules/AsyncShutdown.jsm, line 703: Error: Phase "profile-before-change" is finished, it is too late to register completion condition "OS.File: flush I/O queued before profileBeforeChange"
1672253012246	geckodriver	INFO	Listening on 127.0.0.1:12634
1672253012300	mozrunner::runner	INFO	Running command: "C:\\Program Files\\Mozilla Firefox\\firefox.exe" "--marionette" "--remote-debugging-port" "20229" "--remote-allow-hosts" "localhost" "--remote-allow-origins" "http://127.0.0.1:20229/,http://localhost:20229/,http://[::1]:20229/" "-no-remote" "-profile" "C:\\Users\\User\\AppData\\Local\\Temp\\rust_mozprofilefVUf2m"
1672253013225	Marionette	INFO	Marionette enabled
1672253013242	Marionette	INFO	Listening on port 51837
Read port: 51837
WebDriver BiDi listening on ws://127.0.0.1:20229
1672253013693	RemoteAgent	WARN	TLS certificate errors will be ignored for this session
console.warn: SearchSettings: "get: No settings file exists, new profile?" (new NotFoundError("Could not open the file at C:\\Users\\User\\AppData\\Local\\Temp\\rust_mozprofilefVUf2m\\search.json.mozlz4", (void 0)))
DevTools listening on ws://127.0.0.1:20229/devtools/browser/82c3dba5-d6ca-4350-b9fe-12417ed75056
console.warn: LoginRecipes: "Falling back to a synchronous message for: http://tutorialsninja.com."
console.warn: LoginRecipes: "Falling back to a synchronous message for: http://tutorialsninja.com."
]]></system-err>
  </testcase>
  <testcase name="registeringWithAllFileds[{Email=ravi309@gmail.com, ExpectedResult=Failure, Telephone=9876543210, FirstName=Praveen, Runmode=Y, LastName=, Browser=Chrome, Password=*A123l1, ConfirmPassword=*A123l1}](6)" classname="com.opencart.zdatadriven.TC01_DDRegisterFunctionTest" time="10.087">
    <system-out><![CDATA[[INFO ] 2022-12-29 00:13:46.355 [main] BaseClass - Test Started For:registeringWithAllFileds
[INFO ] 2022-12-29 00:13:46.355 [main] Baseclassdatadriven - ***** TC01_DDRegisterFunctionTest Started *****
[INFO ] 2022-12-29 00:13:53.523 [main] Baseclassdatadriven - Register Option Displayed In MyAccount Drop Menu
[INFO ] 2022-12-29 00:13:54.365 [main] Baseclassdatadriven - User Logged Into Registration Page
[INFO ] 2022-12-29 00:13:56.426 [main] Baseclassdatadriven - ***** TC01_DDRegisterFunctionTest Completed *****
[INFO ] 2022-12-29 00:13:56.426 [main] BaseClass - Test Passed:registeringWithAllFileds
]]></system-out>
    <system-err><![CDATA[1672253024162	Marionette	INFO	Stopped listening on port 51837
WARNING: A blocker encountered an error while we were waiting.
          Blocker:  Waiting for ping task
          Phase: TelemetryController: Waiting for pending ping activity
          State: (none)
WARNING: Error: Phase "profile-before-change" is finished, it is too late to register completion condition "OS.File: flush I/O queued before profileBeforeChange"
WARNING: addBlocker@resource://gre/modules/AsyncShutdown.jsm:703:15
addBlocker@resource://gre/modules/AsyncShutdown.jsm:511:26
addBlocker@resource://gre/modules/AsyncShutdown.jsm:450:15
setupShutdown@resource://gre/modules/osfile/osfile_async_front.jsm:1563:28
@resource://gre/modules/osfile/osfile_async_front.jsm:1583:16
@resource://gre/modules/osfile.jsm:12:30
@resource://gre/modules/TelemetryStorage.jsm:19:28
promiseArchivePing@resource://gre/modules/TelemetryArchive.jsm:103:5
promiseArchivePing@resource://gre/modules/TelemetryArchive.jsm:63:33
_submitPingLogic@resource://gre/modules/TelemetryControllerParent.jsm:540:48
send@resource://gre/modules/TelemetryControllerParent.jsm:628:24
submitExternalPing@resource://gre/modules/TelemetryControllerParent.jsm:182:17
sendPing@resource://gre/modules/EventPing.jsm:51:30
_submitPing@resource://gre/modules/EventPing.jsm:229:12
shutdown@resource://gre/modules/EventPing.jsm:112:10
_cleanupOnShutdown@resource://gre/modules/TelemetryControllerParent.jsm:940:31
shutdown/<@resource://gre/modules/TelemetryControllerParent.jsm:1010:24
observe@resource://gre/modules/AsyncShutdown.jsm:560:16

WARNING: A blocker encountered an error while we were waiting.
          Blocker:  Waiting for ping task
          Phase: TelemetryController: Waiting for pending ping activity
          State: (none)
WARNING: Error: Phase "profile-before-change" is finished, it is too late to register completion condition "OS.File: flush I/O queued before profileBeforeChange"
WARNING: addBlocker@resource://gre/modules/AsyncShutdown.jsm:703:15
addBlocker@resource://gre/modules/AsyncShutdown.jsm:511:26
addBlocker@resource://gre/modules/AsyncShutdown.jsm:450:15
setupShutdown@resource://gre/modules/osfile/osfile_async_front.jsm:1563:28
@resource://gre/modules/osfile/osfile_async_front.jsm:1583:16
@resource://gre/modules/osfile.jsm:12:30
@resource://gre/modules/TelemetryStorage.jsm:19:28
promiseArchivePing@resource://gre/modules/TelemetryArchive.jsm:103:5
promiseArchivePing@resource://gre/modules/TelemetryArchive.jsm:63:33
_submitPingLogic@resource://gre/modules/TelemetryControllerParent.jsm:540:48
send@resource://gre/modules/TelemetryControllerParent.jsm:628:24
submitExternalPing@resource://gre/modules/TelemetryControllerParent.jsm:182:17
saveShutdownPings@resource://gre/modules/TelemetrySession.jsm:982:34
shutdownChromeProcess/cleanup/<@resource://gre/modules/TelemetrySession.jsm:1232:20
cleanup@resource://gre/modules/TelemetrySession.jsm:1239:9
shutdownChromeProcess@resource://gre/modules/TelemetrySession.jsm:1256:14
shutdown@resource://gre/modules/TelemetrySession.jsm:247:17
_cleanupOnShutdown@resource://gre/modules/TelemetryControllerParent.jsm:959:35
observe@resource://gre/modules/AsyncShutdown.jsm:560:16

WARNING: A blocker encountered an error while we were waiting.
          Blocker:  Waiting for ping task
          Phase: TelemetryController: Waiting for pending ping activity
          State: (none)
WARNING: Error: Phase "profile-before-change" is finished, it is too late to register completion condition "OS.File: flush I/O queued before profileBeforeChange"
WARNING: addBlocker@resource://gre/modules/AsyncShutdown.jsm:703:15
addBlocker@resource://gre/modules/AsyncShutdown.jsm:511:26
addBlocker@resource://gre/modules/AsyncShutdown.jsm:450:15
setupShutdown@resource://gre/modules/osfile/osfile_async_front.jsm:1563:28
@resource://gre/modules/osfile/osfile_async_front.jsm:1583:16
@resource://gre/modules/osfile.jsm:12:30
@resource://gre/modules/TelemetryStorage.jsm:19:28
promiseArchivePing@resource://gre/modules/TelemetryArchive.jsm:103:5
promiseArchivePing@resource://gre/modules/TelemetryArchive.jsm:63:33
_submitPingLogic@resource://gre/modules/TelemetryControllerParent.jsm:540:48
send@resource://gre/modules/TelemetryControllerParent.jsm:628:24
submitExternalPing@resource://gre/modules/TelemetryControllerParent.jsm:182:17
saveShutdownPings@resource://gre/modules/TelemetrySession.jsm:1014:36
shutdownChromeProcess/cleanup/<@resource://gre/modules/TelemetrySession.jsm:1232:20
cleanup@resource://gre/modules/TelemetrySession.jsm:1239:9
shutdownChromeProcess@resource://gre/modules/TelemetrySession.jsm:1256:14
shutdown@resource://gre/modules/TelemetrySession.jsm:247:17
_cleanupOnShutdown@resource://gre/modules/TelemetryControllerParent.jsm:959:35
observe@resource://gre/modules/AsyncShutdown.jsm:560:16

WARNING: A blocker encountered an error while we were waiting.
          Blocker:  TelemetryController: shutting down
          Phase: profile-before-change-telemetry
          State: Error getting state: Error: Phase "profile-before-change" is finished, it is too late to register completion condition "OS.File: flush I/O queued before profileBeforeChange" at addBlocker@resource://gre/modules/AsyncShutdown.jsm:703:15
addBlocker@resource://gre/modules/AsyncShutdown.jsm:511:26
addBlocker@resource://gre/modules/AsyncShutdown.jsm:450:15
setupShutdown@resource://gre/modules/osfile/osfile_async_front.jsm:1563:28
@resource://gre/modules/osfile/osfile_async_front.jsm:1583:16
@resource://gre/modules/osfile.jsm:12:30
@resource://gre/modules/TelemetryStorage.jsm:19:28
getShutdownState@resource://gre/modules/TelemetrySend.jsm:1687:7
getShutdownState@resource://gre/modules/TelemetrySend.jsm:369:30
_getState@resource://gre/modules/TelemetryControllerParent.jsm:1058:38
setupTelemetry/<@resource://gre/modules/TelemetryControllerParent.jsm:917:18
safeGetState@resource://gre/modules/AsyncShutdown.jsm:242:17
Barrier/addBlocker/promise<@resource://gre/modules/AsyncShutdown.jsm:751:20
observe@resource://gre/modules/AsyncShutdown.jsm:560:16

WARNING: Error: Phase "profile-before-change" is finished, it is too late to register completion condition "OS.File: flush I/O queued before profileBeforeChange"
WARNING: addBlocker@resource://gre/modules/AsyncShutdown.jsm:703:15
addBlocker@resource://gre/modules/AsyncShutdown.jsm:511:26
addBlocker@resource://gre/modules/AsyncShutdown.jsm:450:15
setupShutdown@resource://gre/modules/osfile/osfile_async_front.jsm:1563:28
@resource://gre/modules/osfile/osfile_async_front.jsm:1583:16
@resource://gre/modules/osfile.jsm:12:30
@resource://gre/modules/TelemetryStorage.jsm:19:28
removeAbortedSessionPing@resource://gre/modules/TelemetryControllerParent.jsm:721:5
removeAbortedSessionPing@resource://gre/modules/TelemetryControllerParent.jsm:249:17
shutdownChromeProcess/cleanup/<@resource://gre/modules/TelemetrySession.jsm:1235:42
observe@resource://gre/modules/AsyncShutdown.jsm:560:16

JavaScript error: resource://gre/modules/AsyncShutdown.jsm, line 703: Error: Phase "profile-before-change" is finished, it is too late to register completion condition "OS.File: flush I/O queued before profileBeforeChange"
JavaScript error: resource://gre/modules/AsyncShutdown.jsm, line 703: Error: Phase "profile-before-change" is finished, it is too late to register completion condition "OS.File: flush I/O queued before profileBeforeChange"
JavaScript error: resource://gre/modules/AsyncShutdown.jsm, line 703: Error: Phase "profile-before-change" is finished, it is too late to register completion condition "OS.File: flush I/O queued before profileBeforeChange"
JavaScript error: resource://gre/modules/AsyncShutdown.jsm, line 703: Error: Phase "profile-before-change" is finished, it is too late to register completion condition "OS.File: flush I/O queued before profileBeforeChange"
JavaScript error: resource://gre/modules/AsyncShutdown.jsm, line 703: Error: Phase "profile-before-change" is finished, it is too late to register completion condition "OS.File: flush I/O queued before profileBeforeChange"
JavaScript error: resource://gre/modules/AsyncShutdown.jsm, line 703: Error: Phase "profile-before-change" is finished, it is too late to register completion condition "OS.File: flush I/O queued before profileBeforeChange"
Starting ChromeDriver 108.0.5359.71 (1e0e3868ee06e91ad636a874420e3ca3ae3756ac-refs/branch-heads/5359@{#1016}) on port 34880
Only local connections are allowed.
Please see https://chromedriver.chromium.org/security-considerations for suggestions on keeping ChromeDriver safe.
ChromeDriver was started successfully.
Dec 29, 2022 12:13:49 AM org.openqa.selenium.devtools.CdpVersionFinder findNearestMatch
WARNING: Unable to find an exact match for CDP version 108, so returning the closest version found: 107
]]></system-err>
  </testcase>
  <testcase name="registeringWithAllFileds[{Email=, ExpectedResult=Failure, Telephone=9876543210, FirstName=Praveen, Runmode=Y, LastName=Sharma, Browser=Edge, Password=*A123l1, ConfirmPassword=*A123l1}](7)" classname="com.opencart.zdatadriven.TC01_DDRegisterFunctionTest" time="12.259">
    <failure message="expected [true] but found [false]" type="java.lang.AssertionError"><![CDATA[java.lang.AssertionError: expected [true] but found [false]
	at org.testng.Assert.fail(Assert.java:110)
	at org.testng.Assert.failNotEquals(Assert.java:1413)
	at org.testng.Assert.assertEqualsImpl(Assert.java:149)
	at org.testng.Assert.assertEquals(Assert.java:131)
	at org.testng.Assert.assertEquals(Assert.java:976)
	at org.testng.Assert.assertEquals(Assert.java:1010)
	at com.opencart.zdatadriven.TC01_DDRegisterFunctionTest.registeringWithAllFileds(TC01_DDRegisterFunctionTest.java:101)
	at java.base/jdk.internal.reflect.DirectMethodHandleAccessor.invoke(DirectMethodHandleAccessor.java:104)
	at java.base/java.lang.reflect.Method.invoke(Method.java:577)
	at org.testng.internal.invokers.MethodInvocationHelper.invokeMethod(MethodInvocationHelper.java:139)
	at org.testng.internal.invokers.TestInvoker.invokeMethod(TestInvoker.java:677)
	at org.testng.internal.invokers.TestInvoker.invokeTestMethod(TestInvoker.java:221)
	at org.testng.internal.invokers.MethodRunner.runInSequence(MethodRunner.java:50)
	at org.testng.internal.invokers.TestInvoker$MethodInvocationAgent.invoke(TestInvoker.java:969)
	at org.testng.internal.invokers.TestInvoker.invokeTestMethods(TestInvoker.java:194)
	at org.testng.internal.invokers.TestMethodWorker.invokeTestMethods(TestMethodWorker.java:148)
	at org.testng.internal.invokers.TestMethodWorker.run(TestMethodWorker.java:128)
	at java.base/java.util.ArrayList.forEach(ArrayList.java:1511)
	at org.testng.TestRunner.privateRun(TestRunner.java:829)
	at org.testng.TestRunner.run(TestRunner.java:602)
	at org.testng.SuiteRunner.runTest(SuiteRunner.java:437)
	at org.testng.SuiteRunner.runSequentially(SuiteRunner.java:431)
	at org.testng.SuiteRunner.privateRun(SuiteRunner.java:391)
	at org.testng.SuiteRunner.run(SuiteRunner.java:330)
	at org.testng.SuiteRunnerWorker.runSuite(SuiteRunnerWorker.java:52)
	at org.testng.SuiteRunnerWorker.run(SuiteRunnerWorker.java:95)
	at org.testng.TestNG.runSuitesSequentially(TestNG.java:1256)
	at org.testng.TestNG.runSuitesLocally(TestNG.java:1176)
	at org.testng.TestNG.runSuites(TestNG.java:1099)
	at org.testng.TestNG.run(TestNG.java:1067)
	at org.apache.maven.surefire.testng.TestNGExecutor.run(TestNGExecutor.java:324)
	at org.apache.maven.surefire.testng.TestNGXmlTestSuite.execute(TestNGXmlTestSuite.java:74)
	at org.apache.maven.surefire.testng.TestNGProvider.invoke(TestNGProvider.java:123)
	at org.apache.maven.surefire.booter.ForkedBooter.runSuitesInProcess(ForkedBooter.java:456)
	at org.apache.maven.surefire.booter.ForkedBooter.execute(ForkedBooter.java:169)
	at org.apache.maven.surefire.booter.ForkedBooter.run(ForkedBooter.java:595)
	at org.apache.maven.surefire.booter.ForkedBooter.main(ForkedBooter.java:581)
]]></failure>
    <system-out><![CDATA[[INFO ] 2022-12-29 00:13:56.876 [main] BaseClass - Test Started For:registeringWithAllFileds
[INFO ] 2022-12-29 00:13:56.876 [main] Baseclassdatadriven - ***** TC01_DDRegisterFunctionTest Started *****
[INFO ] 2022-12-29 00:14:04.371 [main] Baseclassdatadriven - Register Option Displayed In MyAccount Drop Menu
[INFO ] 2022-12-29 00:14:05.154 [main] Baseclassdatadriven - User Logged Into Registration Page
[INFO ] 2022-12-29 00:14:07.303 [main] Baseclassdatadriven - User Logged Into AccountSuccess Page
[INFO ] 2022-12-29 00:14:07.417 [main] Baseclassdatadriven - Logout Option Displayed On MyAccount Drop Menu
[INFO ] 2022-12-29 00:14:07.509 [main] Baseclassdatadriven - Success Link Displayed On Bedcrum
[INFO ] 2022-12-29 00:14:07.612 [main] Baseclassdatadriven - Account Success Message Displayed: Congratulations! Your new account has been successfully created!
[INFO ] 2022-12-29 00:14:08.146 [main] Baseclassdatadriven - Edit your account information Link Displayed On WebPage
[INFO ] 2022-12-29 00:14:08.146 [main] Baseclassdatadriven - User Logged Into Account Page
[INFO ] 2022-12-29 00:14:08.298 [main] Baseclassdatadriven - Account Link Displayed On Bedcrum
[INFO ] 2022-12-29 00:14:09.103 [main] Baseclassdatadriven - User Logged Out 
[INFO ] 2022-12-29 00:14:09.119 [main] BaseClass - Test Failed:registeringWithAllFileds
]]></system-out>
    <system-err><![CDATA[Starting Microsoft Edge WebDriver 108.0.1462.54 (c2998c8c661724d797c22f48cf555a2bef5029ee) on port 43941
To submit feedback, report a bug, or suggest new features, please visit https://github.com/MicrosoftEdge/EdgeWebDriver

Only local connections are allowed.
Please see https://aka.ms/WebDriverSecurity for suggestions on keeping Microsoft Edge WebDriver safe.

Microsoft Edge WebDriver was started successfully.
Dec 29, 2022 12:13:59 AM org.openqa.selenium.devtools.CdpVersionFinder findNearestMatch
WARNING: Unable to find an exact match for CDP version 108, so returning the closest version found: 107
]]></system-err>
  </testcase>
  <testcase name="registeringWithAllFileds[{Email=ravi400@gmail.com, ExpectedResult=Failure, Telephone=, FirstName=Praveen, Runmode=Y, LastName=Sharma, Browser=Firefox, Password=*A123l1, ConfirmPassword=*A123l1}](8)" classname="com.opencart.zdatadriven.TC01_DDRegisterFunctionTest" time="12.219">
    <system-out><![CDATA[[INFO ] 2022-12-29 00:14:09.639 [main] BaseClass - Test Started For:registeringWithAllFileds
[INFO ] 2022-12-29 00:14:09.655 [main] Baseclassdatadriven - ***** TC01_DDRegisterFunctionTest Started *****
[INFO ] 2022-12-29 00:14:19.395 [main] Baseclassdatadriven - Register Option Displayed In MyAccount Drop Menu
[INFO ] 2022-12-29 00:14:20.222 [main] Baseclassdatadriven - User Logged Into Registration Page
[INFO ] 2022-12-29 00:14:21.871 [main] Baseclassdatadriven - ***** TC01_DDRegisterFunctionTest Completed *****
[INFO ] 2022-12-29 00:14:21.871 [main] BaseClass - Test Passed:registeringWithAllFileds
]]></system-out>
    <system-err><![CDATA[1672253049853	geckodriver	INFO	Listening on 127.0.0.1:37635
1672253049900	mozrunner::runner	INFO	Running command: "C:\\Program Files\\Mozilla Firefox\\firefox.exe" "--marionette" "--remote-debugging-port" "10407" "--remote-allow-hosts" "localhost" "--remote-allow-origins" "http://127.0.0.1:10407/,http://localhost:10407/,http://[::1]:10407/" "-no-remote" "-profile" "C:\\Users\\User\\AppData\\Local\\Temp\\rust_mozprofileUz34z3"
1672253050952	Marionette	INFO	Marionette enabled
1672253050969	Marionette	INFO	Listening on port 52072
Read port: 52072
WebDriver BiDi listening on ws://127.0.0.1:10407
1672253051420	RemoteAgent	WARN	TLS certificate errors will be ignored for this session
console.warn: SearchSettings: "get: No settings file exists, new profile?" (new NotFoundError("Could not open the file at C:\\Users\\User\\AppData\\Local\\Temp\\rust_mozprofileUz34z3\\search.json.mozlz4", (void 0)))
DevTools listening on ws://127.0.0.1:10407/devtools/browser/0986821f-dbcb-4448-96de-763f2ead4476
console.warn: LoginRecipes: "Falling back to a synchronous message for: http://tutorialsninja.com."
console.warn: LoginRecipes: "Falling back to a synchronous message for: http://tutorialsninja.com."
]]></system-err>
  </testcase>
  <testcase name="registeringWithAllFileds[{Email=ravi401@gmail.com, ExpectedResult=Failure, Telephone=AAAAAAAAAA, FirstName=Praveen, Runmode=Y, LastName=Sharma, Browser=Chrome, Password=, ConfirmPassword=*A123l2}](9)" classname="com.opencart.zdatadriven.TC01_DDRegisterFunctionTest" time="10.861">
    <system-out><![CDATA[[INFO ] 2022-12-29 00:14:24.165 [main] BaseClass - Test Started For:registeringWithAllFileds
[INFO ] 2022-12-29 00:14:24.165 [main] Baseclassdatadriven - ***** TC01_DDRegisterFunctionTest Started *****
[INFO ] 2022-12-29 00:14:31.910 [main] Baseclassdatadriven - Register Option Displayed In MyAccount Drop Menu
[INFO ] 2022-12-29 00:14:32.879 [main] Baseclassdatadriven - User Logged Into Registration Page
[INFO ] 2022-12-29 00:14:34.987 [main] Baseclassdatadriven - ***** TC01_DDRegisterFunctionTest Completed *****
[INFO ] 2022-12-29 00:14:34.987 [main] BaseClass - Test Passed:registeringWithAllFileds
]]></system-out>
    <system-err><![CDATA[1672253061949	Marionette	INFO	Stopped listening on port 52072
JavaScript error: resource://gre/modules/UrlClassifierListManager.jsm, line 693: TypeError: this.tablesData[table] is undefined
[Parent 3228, IPC I/O Parent] WARNING: DuplicateHandle failed for handle 0 in TransferHandles: file /builds/worker/checkouts/gecko/ipc/chromium/src/chrome/common/ipc_channel_win.cc:746
WARNING: A blocker encountered an error while we were waiting.
          Blocker:  Waiting for ping task
          Phase: TelemetryController: Waiting for pending ping activity
          State: (none)
WARNING: Error: Phase "profile-before-change" is finished, it is too late to register completion condition "OS.File: flush I/O queued before profileBeforeChange"
WARNING: addBlocker@resource://gre/modules/AsyncShutdown.jsm:703:15
addBlocker@resource://gre/modules/AsyncShutdown.jsm:511:26
addBlocker@resource://gre/modules/AsyncShutdown.jsm:450:15
setupShutdown@resource://gre/modules/osfile/osfile_async_front.jsm:1563:28
@resource://gre/modules/osfile/osfile_async_front.jsm:1583:16
@resource://gre/modules/osfile.jsm:12:30
@resource://gre/modules/TelemetryStorage.jsm:19:28
promiseArchivePing@resource://gre/modules/TelemetryArchive.jsm:103:5
promiseArchivePing@resource://gre/modules/TelemetryArchive.jsm:63:33
_submitPingLogic@resource://gre/modules/TelemetryControllerParent.jsm:540:48
send@resource://gre/modules/TelemetryControllerParent.jsm:628:24
submitExternalPing@resource://gre/modules/TelemetryControllerParent.jsm:182:17
sendPing@resource://gre/modules/EventPing.jsm:51:30
_submitPing@resource://gre/modules/EventPing.jsm:229:12
shutdown@resource://gre/modules/EventPing.jsm:112:10
_cleanupOnShutdown@resource://gre/modules/TelemetryControllerParent.jsm:940:31
shutdown/<@resource://gre/modules/TelemetryControllerParent.jsm:1010:24
observe@resource://gre/modules/AsyncShutdown.jsm:560:16

WARNING: A blocker encountered an error while we were waiting.
          Blocker:  Waiting for ping task
          Phase: TelemetryController: Waiting for pending ping activity
          State: (none)
WARNING: Error: Phase "profile-before-change" is finished, it is too late to register completion condition "OS.File: flush I/O queued before profileBeforeChange"
WARNING: addBlocker@resource://gre/modules/AsyncShutdown.jsm:703:15
addBlocker@resource://gre/modules/AsyncShutdown.jsm:511:26
addBlocker@resource://gre/modules/AsyncShutdown.jsm:450:15
setupShutdown@resource://gre/modules/osfile/osfile_async_front.jsm:1563:28
@resource://gre/modules/osfile/osfile_async_front.jsm:1583:16
@resource://gre/modules/osfile.jsm:12:30
@resource://gre/modules/TelemetryStorage.jsm:19:28
promiseArchivePing@resource://gre/modules/TelemetryArchive.jsm:103:5
promiseArchivePing@resource://gre/modules/TelemetryArchive.jsm:63:33
_submitPingLogic@resource://gre/modules/TelemetryControllerParent.jsm:540:48
send@resource://gre/modules/TelemetryControllerParent.jsm:628:24
submitExternalPing@resource://gre/modules/TelemetryControllerParent.jsm:182:17
saveShutdownPings@resource://gre/modules/TelemetrySession.jsm:982:34
shutdownChromeProcess/cleanup/<@resource://gre/modules/TelemetrySession.jsm:1232:20
cleanup@resource://gre/modules/TelemetrySession.jsm:1239:9
shutdownChromeProcess@resource://gre/modules/TelemetrySession.jsm:1256:14
shutdown@resource://gre/modules/TelemetrySession.jsm:247:17
_cleanupOnShutdown@resource://gre/modules/TelemetryControllerParent.jsm:959:35
observe@resource://gre/modules/AsyncShutdown.jsm:560:16

WARNING: A blocker encountered an error while we were waiting.
          Blocker:  Waiting for ping task
          Phase: TelemetryController: Waiting for pending ping activity
          State: (none)
WARNING: Error: Phase "profile-before-change" is finished, it is too late to register completion condition "OS.File: flush I/O queued before profileBeforeChange"
WARNING: addBlocker@resource://gre/modules/AsyncShutdown.jsm:703:15
addBlocker@resource://gre/modules/AsyncShutdown.jsm:511:26
addBlocker@resource://gre/modules/AsyncShutdown.jsm:450:15
setupShutdown@resource://gre/modules/osfile/osfile_async_front.jsm:1563:28
@resource://gre/modules/osfile/osfile_async_front.jsm:1583:16
@resource://gre/modules/osfile.jsm:12:30
@resource://gre/modules/TelemetryStorage.jsm:19:28
promiseArchivePing@resource://gre/modules/TelemetryArchive.jsm:103:5
promiseArchivePing@resource://gre/modules/TelemetryArchive.jsm:63:33
_submitPingLogic@resource://gre/modules/TelemetryControllerParent.jsm:540:48
send@resource://gre/modules/TelemetryControllerParent.jsm:628:24
submitExternalPing@resource://gre/modules/TelemetryControllerParent.jsm:182:17
saveShutdownPings@resource://gre/modules/TelemetrySession.jsm:1014:36
shutdownChromeProcess/cleanup/<@resource://gre/modules/TelemetrySession.jsm:1232:20
cleanup@resource://gre/modules/TelemetrySession.jsm:1239:9
shutdownChromeProcess@resource://gre/modules/TelemetrySession.jsm:1256:14
shutdown@resource://gre/modules/TelemetrySession.jsm:247:17
_cleanupOnShutdown@resource://gre/modules/TelemetryControllerParent.jsm:959:35
observe@resource://gre/modules/AsyncShutdown.jsm:560:16

WARNING: A blocker encountered an error while we were waiting.
          Blocker:  TelemetryController: shutting down
          Phase: profile-before-change-telemetry
          State: Error getting state: Error: Phase "profile-before-change" is finished, it is too late to register completion condition "OS.File: flush I/O queued before profileBeforeChange" at addBlocker@resource://gre/modules/AsyncShutdown.jsm:703:15
addBlocker@resource://gre/modules/AsyncShutdown.jsm:511:26
addBlocker@resource://gre/modules/AsyncShutdown.jsm:450:15
setupShutdown@resource://gre/modules/osfile/osfile_async_front.jsm:1563:28
@resource://gre/modules/osfile/osfile_async_front.jsm:1583:16
@resource://gre/modules/osfile.jsm:12:30
@resource://gre/modules/TelemetryStorage.jsm:19:28
getShutdownState@resource://gre/modules/TelemetrySend.jsm:1687:7
getShutdownState@resource://gre/modules/TelemetrySend.jsm:369:30
_getState@resource://gre/modules/TelemetryControllerParent.jsm:1058:38
setupTelemetry/<@resource://gre/modules/TelemetryControllerParent.jsm:917:18
safeGetState@resource://gre/modules/AsyncShutdown.jsm:242:17
Barrier/addBlocker/promise<@resource://gre/modules/AsyncShutdown.jsm:751:20
observe@resource://gre/modules/AsyncShutdown.jsm:560:16

WARNING: Error: Phase "profile-before-change" is finished, it is too late to register completion condition "OS.File: flush I/O queued before profileBeforeChange"
WARNING: addBlocker@resource://gre/modules/AsyncShutdown.jsm:703:15
addBlocker@resource://gre/modules/AsyncShutdown.jsm:511:26
addBlocker@resource://gre/modules/AsyncShutdown.jsm:450:15
setupShutdown@resource://gre/modules/osfile/osfile_async_front.jsm:1563:28
@resource://gre/modules/osfile/osfile_async_front.jsm:1583:16
@resource://gre/modules/osfile.jsm:12:30
@resource://gre/modules/TelemetryStorage.jsm:19:28
removeAbortedSessionPing@resource://gre/modules/TelemetryControllerParent.jsm:721:5
removeAbortedSessionPing@resource://gre/modules/TelemetryControllerParent.jsm:249:17
shutdownChromeProcess/cleanup/<@resource://gre/modules/TelemetrySession.jsm:1235:42
observe@resource://gre/modules/AsyncShutdown.jsm:560:16

JavaScript error: resource://gre/modules/AsyncShutdown.jsm, line 703: Error: Phase "profile-before-change" is finished, it is too late to register completion condition "OS.File: flush I/O queued before profileBeforeChange"
JavaScript error: resource://gre/modules/AsyncShutdown.jsm, line 703: Error: Phase "profile-before-change" is finished, it is too late to register completion condition "OS.File: flush I/O queued before profileBeforeChange"
JavaScript error: resource://gre/modules/AsyncShutdown.jsm, line 703: Error: Phase "profile-before-change" is finished, it is too late to register completion condition "OS.File: flush I/O queued before profileBeforeChange"
JavaScript error: resource://gre/modules/AsyncShutdown.jsm, line 703: Error: Phase "profile-before-change" is finished, it is too late to register completion condition "OS.File: flush I/O queued before profileBeforeChange"
JavaScript error: resource://gre/modules/AsyncShutdown.jsm, line 703: Error: Phase "profile-before-change" is finished, it is too late to register completion condition "OS.File: flush I/O queued before profileBeforeChange"
JavaScript error: resource://gre/modules/AsyncShutdown.jsm, line 703: Error: Phase "profile-before-change" is finished, it is too late to register completion condition "OS.File: flush I/O queued before profileBeforeChange"
Starting ChromeDriver 108.0.5359.71 (1e0e3868ee06e91ad636a874420e3ca3ae3756ac-refs/branch-heads/5359@{#1016}) on port 41614
Only local connections are allowed.
Please see https://chromedriver.chromium.org/security-considerations for suggestions on keeping ChromeDriver safe.
ChromeDriver was started successfully.
Dec 29, 2022 12:14:26 AM org.openqa.selenium.devtools.CdpVersionFinder findNearestMatch
WARNING: Unable to find an exact match for CDP version 108, so returning the closest version found: 107
]]></system-err>
  </testcase>
  <testcase name="registeringWithAllFileds[{Email=ravi402@gmail.com, ExpectedResult=Failure, Telephone=9876543210, FirstName=Praveen, Runmode=Y, LastName=Sharma, Browser=Edge, Password=*A123l2, ConfirmPassword=}](10)" classname="com.opencart.zdatadriven.TC01_DDRegisterFunctionTest" time="9.536">
    <system-out><![CDATA[[INFO ] 2022-12-29 00:14:35.398 [main] BaseClass - Test Started For:registeringWithAllFileds
[INFO ] 2022-12-29 00:14:35.398 [main] Baseclassdatadriven - ***** TC01_DDRegisterFunctionTest Started *****
[INFO ] 2022-12-29 00:14:42.091 [main] Baseclassdatadriven - Register Option Displayed In MyAccount Drop Menu
[INFO ] 2022-12-29 00:14:42.855 [main] Baseclassdatadriven - User Logged Into Registration Page
[INFO ] 2022-12-29 00:14:44.996 [main] Baseclassdatadriven - ***** TC01_DDRegisterFunctionTest Completed *****
[INFO ] 2022-12-29 00:14:45.004 [main] BaseClass - Test Passed:registeringWithAllFileds
]]></system-out>
    <system-err><![CDATA[Starting Microsoft Edge WebDriver 108.0.1462.54 (c2998c8c661724d797c22f48cf555a2bef5029ee) on port 40888
To submit feedback, report a bug, or suggest new features, please visit https://github.com/MicrosoftEdge/EdgeWebDriver

Only local connections are allowed.
Please see https://aka.ms/WebDriverSecurity for suggestions on keeping Microsoft Edge WebDriver safe.

Microsoft Edge WebDriver was started successfully.
Dec 29, 2022 12:14:37 AM org.openqa.selenium.devtools.CdpVersionFinder findNearestMatch
WARNING: Unable to find an exact match for CDP version 108, so returning the closest version found: 107
]]></system-err>
  </testcase>
  <testcase name="registeringWithAllFileds[{Email=ravi42@gmail.com, ExpectedResult=Failure, Telephone=12345, FirstName=Praveen, Runmode=Y, LastName=Sharma, Browser=Firefox, Password=*A123l2, ConfirmPassword=*A123l2}](11)" classname="com.opencart.zdatadriven.TC01_DDRegisterFunctionTest" time="14.889">
    <failure message="expected [true] but found [false]" type="java.lang.AssertionError"><![CDATA[java.lang.AssertionError: expected [true] but found [false]
	at org.testng.Assert.fail(Assert.java:110)
	at org.testng.Assert.failNotEquals(Assert.java:1413)
	at org.testng.Assert.assertEqualsImpl(Assert.java:149)
	at org.testng.Assert.assertEquals(Assert.java:131)
	at org.testng.Assert.assertEquals(Assert.java:976)
	at org.testng.Assert.assertEquals(Assert.java:1010)
	at com.opencart.zdatadriven.TC01_DDRegisterFunctionTest.registeringWithAllFileds(TC01_DDRegisterFunctionTest.java:101)
	at java.base/jdk.internal.reflect.DirectMethodHandleAccessor.invoke(DirectMethodHandleAccessor.java:104)
	at java.base/java.lang.reflect.Method.invoke(Method.java:577)
	at org.testng.internal.invokers.MethodInvocationHelper.invokeMethod(MethodInvocationHelper.java:139)
	at org.testng.internal.invokers.TestInvoker.invokeMethod(TestInvoker.java:677)
	at org.testng.internal.invokers.TestInvoker.invokeTestMethod(TestInvoker.java:221)
	at org.testng.internal.invokers.MethodRunner.runInSequence(MethodRunner.java:50)
	at org.testng.internal.invokers.TestInvoker$MethodInvocationAgent.invoke(TestInvoker.java:969)
	at org.testng.internal.invokers.TestInvoker.invokeTestMethods(TestInvoker.java:194)
	at org.testng.internal.invokers.TestMethodWorker.invokeTestMethods(TestMethodWorker.java:148)
	at org.testng.internal.invokers.TestMethodWorker.run(TestMethodWorker.java:128)
	at java.base/java.util.ArrayList.forEach(ArrayList.java:1511)
	at org.testng.TestRunner.privateRun(TestRunner.java:829)
	at org.testng.TestRunner.run(TestRunner.java:602)
	at org.testng.SuiteRunner.runTest(SuiteRunner.java:437)
	at org.testng.SuiteRunner.runSequentially(SuiteRunner.java:431)
	at org.testng.SuiteRunner.privateRun(SuiteRunner.java:391)
	at org.testng.SuiteRunner.run(SuiteRunner.java:330)
	at org.testng.SuiteRunnerWorker.runSuite(SuiteRunnerWorker.java:52)
	at org.testng.SuiteRunnerWorker.run(SuiteRunnerWorker.java:95)
	at org.testng.TestNG.runSuitesSequentially(TestNG.java:1256)
	at org.testng.TestNG.runSuitesLocally(TestNG.java:1176)
	at org.testng.TestNG.runSuites(TestNG.java:1099)
	at org.testng.TestNG.run(TestNG.java:1067)
	at org.apache.maven.surefire.testng.TestNGExecutor.run(TestNGExecutor.java:324)
	at org.apache.maven.surefire.testng.TestNGXmlTestSuite.execute(TestNGXmlTestSuite.java:74)
	at org.apache.maven.surefire.testng.TestNGProvider.invoke(TestNGProvider.java:123)
	at org.apache.maven.surefire.booter.ForkedBooter.runSuitesInProcess(ForkedBooter.java:456)
	at org.apache.maven.surefire.booter.ForkedBooter.execute(ForkedBooter.java:169)
	at org.apache.maven.surefire.booter.ForkedBooter.run(ForkedBooter.java:595)
	at org.apache.maven.surefire.booter.ForkedBooter.main(ForkedBooter.java:581)
]]></failure>
    <system-out><![CDATA[[INFO ] 2022-12-29 00:14:45.498 [main] BaseClass - Test Started For:registeringWithAllFileds
[INFO ] 2022-12-29 00:14:45.498 [main] Baseclassdatadriven - ***** TC01_DDRegisterFunctionTest Started *****
[INFO ] 2022-12-29 00:14:55.626 [main] Baseclassdatadriven - Register Option Displayed In MyAccount Drop Menu
[INFO ] 2022-12-29 00:14:56.422 [main] Baseclassdatadriven - User Logged Into Registration Page
[INFO ] 2022-12-29 00:14:57.999 [main] Baseclassdatadriven - User Logged Into AccountSuccess Page
[INFO ] 2022-12-29 00:14:58.297 [main] Baseclassdatadriven - Logout Option Displayed On MyAccount Drop Menu
[INFO ] 2022-12-29 00:14:58.460 [main] Baseclassdatadriven - Success Link Displayed On Bedcrum
[INFO ] 2022-12-29 00:14:58.517 [main] Baseclassdatadriven - Account Success Message Displayed: Congratulations! Your new account has been successfully created!
[INFO ] 2022-12-29 00:14:59.246 [main] Baseclassdatadriven - Edit your account information Link Displayed On WebPage
[INFO ] 2022-12-29 00:14:59.255 [main] Baseclassdatadriven - User Logged Into Account Page
[INFO ] 2022-12-29 00:14:59.431 [main] Baseclassdatadriven - Account Link Displayed On Bedcrum
[INFO ] 2022-12-29 00:15:00.387 [main] Baseclassdatadriven - User Logged Out 
[INFO ] 2022-12-29 00:15:00.387 [main] BaseClass - Test Failed:registeringWithAllFileds
]]></system-out>
    <system-err><![CDATA[1672253085933	geckodriver	INFO	Listening on 127.0.0.1:38465
1672253085982	mozrunner::runner	INFO	Running command: "C:\\Program Files\\Mozilla Firefox\\firefox.exe" "--marionette" "--remote-debugging-port" "19138" "--remote-allow-hosts" "localhost" "--remote-allow-origins" "http://127.0.0.1:19138/,http://localhost:19138/,http://[::1]:19138/" "-no-remote" "-profile" "C:\\Users\\User\\AppData\\Local\\Temp\\rust_mozprofileAsLJP0"
1672253087048	Marionette	INFO	Marionette enabled
1672253087064	Marionette	INFO	Listening on port 52265
Read port: 52265
WebDriver BiDi listening on ws://127.0.0.1:19138
1672253087520	RemoteAgent	WARN	TLS certificate errors will be ignored for this session
console.warn: SearchSettings: "get: No settings file exists, new profile?" (new NotFoundError("Could not open the file at C:\\Users\\User\\AppData\\Local\\Temp\\rust_mozprofileAsLJP0\\search.json.mozlz4", (void 0)))
DevTools listening on ws://127.0.0.1:19138/devtools/browser/e95b5665-8c77-4fcf-9120-ac1663dcdfad
console.warn: LoginRecipes: "Falling back to a synchronous message for: http://tutorialsninja.com."
console.warn: LoginRecipes: "Falling back to a synchronous message for: http://tutorialsninja.com."
]]></system-err>
  </testcase>
  <testcase name="registeringWithAllFileds[{Email=ravi44gmail.com, ExpectedResult=Failure, Telephone=12345abhgt, FirstName=Praveen, Runmode=Y, LastName=Sharma, Browser=Chrome, Password=*A123l2, ConfirmPassword=*A123l2}](12)" classname="com.opencart.zdatadriven.TC01_DDRegisterFunctionTest" time="11.415">
    <failure message="expected [true] but found [false]" type="java.lang.AssertionError"><![CDATA[java.lang.AssertionError: expected [true] but found [false]
	at org.testng.Assert.fail(Assert.java:110)
	at org.testng.Assert.failNotEquals(Assert.java:1413)
	at org.testng.Assert.assertEqualsImpl(Assert.java:149)
	at org.testng.Assert.assertEquals(Assert.java:131)
	at org.testng.Assert.assertEquals(Assert.java:976)
	at org.testng.Assert.assertEquals(Assert.java:1010)
	at com.opencart.zdatadriven.TC01_DDRegisterFunctionTest.registeringWithAllFileds(TC01_DDRegisterFunctionTest.java:101)
	at java.base/jdk.internal.reflect.DirectMethodHandleAccessor.invoke(DirectMethodHandleAccessor.java:104)
	at java.base/java.lang.reflect.Method.invoke(Method.java:577)
	at org.testng.internal.invokers.MethodInvocationHelper.invokeMethod(MethodInvocationHelper.java:139)
	at org.testng.internal.invokers.TestInvoker.invokeMethod(TestInvoker.java:677)
	at org.testng.internal.invokers.TestInvoker.invokeTestMethod(TestInvoker.java:221)
	at org.testng.internal.invokers.MethodRunner.runInSequence(MethodRunner.java:50)
	at org.testng.internal.invokers.TestInvoker$MethodInvocationAgent.invoke(TestInvoker.java:969)
	at org.testng.internal.invokers.TestInvoker.invokeTestMethods(TestInvoker.java:194)
	at org.testng.internal.invokers.TestMethodWorker.invokeTestMethods(TestMethodWorker.java:148)
	at org.testng.internal.invokers.TestMethodWorker.run(TestMethodWorker.java:128)
	at java.base/java.util.ArrayList.forEach(ArrayList.java:1511)
	at org.testng.TestRunner.privateRun(TestRunner.java:829)
	at org.testng.TestRunner.run(TestRunner.java:602)
	at org.testng.SuiteRunner.runTest(SuiteRunner.java:437)
	at org.testng.SuiteRunner.runSequentially(SuiteRunner.java:431)
	at org.testng.SuiteRunner.privateRun(SuiteRunner.java:391)
	at org.testng.SuiteRunner.run(SuiteRunner.java:330)
	at org.testng.SuiteRunnerWorker.runSuite(SuiteRunnerWorker.java:52)
	at org.testng.SuiteRunnerWorker.run(SuiteRunnerWorker.java:95)
	at org.testng.TestNG.runSuitesSequentially(TestNG.java:1256)
	at org.testng.TestNG.runSuitesLocally(TestNG.java:1176)
	at org.testng.TestNG.runSuites(TestNG.java:1099)
	at org.testng.TestNG.run(TestNG.java:1067)
	at org.apache.maven.surefire.testng.TestNGExecutor.run(TestNGExecutor.java:324)
	at org.apache.maven.surefire.testng.TestNGXmlTestSuite.execute(TestNGXmlTestSuite.java:74)
	at org.apache.maven.surefire.testng.TestNGProvider.invoke(TestNGProvider.java:123)
	at org.apache.maven.surefire.booter.ForkedBooter.runSuitesInProcess(ForkedBooter.java:456)
	at org.apache.maven.surefire.booter.ForkedBooter.execute(ForkedBooter.java:169)
	at org.apache.maven.surefire.booter.ForkedBooter.run(ForkedBooter.java:595)
	at org.apache.maven.surefire.booter.ForkedBooter.main(ForkedBooter.java:581)
]]></failure>
    <system-out><![CDATA[[INFO ] 2022-12-29 00:15:02.804 [main] BaseClass - Test Started For:registeringWithAllFileds
[INFO ] 2022-12-29 00:15:02.804 [main] Baseclassdatadriven - ***** TC01_DDRegisterFunctionTest Started *****
[INFO ] 2022-12-29 00:15:09.511 [main] Baseclassdatadriven - Register Option Displayed In MyAccount Drop Menu
[INFO ] 2022-12-29 00:15:10.219 [main] Baseclassdatadriven - User Logged Into Registration Page
[INFO ] 2022-12-29 00:15:12.431 [main] Baseclassdatadriven - User Logged Into AccountSuccess Page
[INFO ] 2022-12-29 00:15:12.561 [main] Baseclassdatadriven - Logout Option Displayed On MyAccount Drop Menu
[INFO ] 2022-12-29 00:15:12.657 [main] Baseclassdatadriven - Success Link Displayed On Bedcrum
[INFO ] 2022-12-29 00:15:12.759 [main] Baseclassdatadriven - Account Success Message Displayed: Congratulations! Your new account has been successfully created!
[INFO ] 2022-12-29 00:15:13.389 [main] Baseclassdatadriven - Edit your account information Link Displayed On WebPage
[INFO ] 2022-12-29 00:15:13.397 [main] Baseclassdatadriven - User Logged Into Account Page
[INFO ] 2022-12-29 00:15:13.505 [main] Baseclassdatadriven - Account Link Displayed On Bedcrum
[INFO ] 2022-12-29 00:15:14.210 [main] Baseclassdatadriven - User Logged Out 
[INFO ] 2022-12-29 00:15:14.210 [main] BaseClass - Test Failed:registeringWithAllFileds
]]></system-out>
    <system-err><![CDATA[1672253100422	Marionette	INFO	Stopped listening on port 52265
WARNING: A blocker encountered an error while we were waiting.
          Blocker:  Waiting for ping task
          Phase: TelemetryController: Waiting for pending ping activity
          State: (none)
WARNING: Error: Phase "profile-before-change" is finished, it is too late to register completion condition "OS.File: flush I/O queued before profileBeforeChange"
WARNING: addBlocker@resource://gre/modules/AsyncShutdown.jsm:703:15
addBlocker@resource://gre/modules/AsyncShutdown.jsm:511:26
addBlocker@resource://gre/modules/AsyncShutdown.jsm:450:15
setupShutdown@resource://gre/modules/osfile/osfile_async_front.jsm:1563:28
@resource://gre/modules/osfile/osfile_async_front.jsm:1583:16
@resource://gre/modules/osfile.jsm:12:30
@resource://gre/modules/TelemetryStorage.jsm:19:28
promiseArchivePing@resource://gre/modules/TelemetryArchive.jsm:103:5
promiseArchivePing@resource://gre/modules/TelemetryArchive.jsm:63:33
_submitPingLogic@resource://gre/modules/TelemetryControllerParent.jsm:540:48
send@resource://gre/modules/TelemetryControllerParent.jsm:628:24
submitExternalPing@resource://gre/modules/TelemetryControllerParent.jsm:182:17
sendPing@resource://gre/modules/EventPing.jsm:51:30
_submitPing@resource://gre/modules/EventPing.jsm:229:12
shutdown@resource://gre/modules/EventPing.jsm:112:10
_cleanupOnShutdown@resource://gre/modules/TelemetryControllerParent.jsm:940:31
shutdown/<@resource://gre/modules/TelemetryControllerParent.jsm:1010:24
observe@resource://gre/modules/AsyncShutdown.jsm:560:16

WARNING: A blocker encountered an error while we were waiting.
          Blocker:  Waiting for ping task
          Phase: TelemetryController: Waiting for pending ping activity
          State: (none)
WARNING: Error: Phase "profile-before-change" is finished, it is too late to register completion condition "OS.File: flush I/O queued before profileBeforeChange"
WARNING: addBlocker@resource://gre/modules/AsyncShutdown.jsm:703:15
addBlocker@resource://gre/modules/AsyncShutdown.jsm:511:26
addBlocker@resource://gre/modules/AsyncShutdown.jsm:450:15
setupShutdown@resource://gre/modules/osfile/osfile_async_front.jsm:1563:28
@resource://gre/modules/osfile/osfile_async_front.jsm:1583:16
@resource://gre/modules/osfile.jsm:12:30
@resource://gre/modules/TelemetryStorage.jsm:19:28
promiseArchivePing@resource://gre/modules/TelemetryArchive.jsm:103:5
promiseArchivePing@resource://gre/modules/TelemetryArchive.jsm:63:33
_submitPingLogic@resource://gre/modules/TelemetryControllerParent.jsm:540:48
send@resource://gre/modules/TelemetryControllerParent.jsm:628:24
submitExternalPing@resource://gre/modules/TelemetryControllerParent.jsm:182:17
saveShutdownPings@resource://gre/modules/TelemetrySession.jsm:982:34
shutdownChromeProcess/cleanup/<@resource://gre/modules/TelemetrySession.jsm:1232:20
cleanup@resource://gre/modules/TelemetrySession.jsm:1239:9
shutdownChromeProcess@resource://gre/modules/TelemetrySession.jsm:1256:14
shutdown@resource://gre/modules/TelemetrySession.jsm:247:17
_cleanupOnShutdown@resource://gre/modules/TelemetryControllerParent.jsm:959:35
observe@resource://gre/modules/AsyncShutdown.jsm:560:16

WARNING: A blocker encountered an error while we were waiting.
          Blocker:  Waiting for ping task
          Phase: TelemetryController: Waiting for pending ping activity
          State: (none)
WARNING: Error: Phase "profile-before-change" is finished, it is too late to register completion condition "OS.File: flush I/O queued before profileBeforeChange"
WARNING: addBlocker@resource://gre/modules/AsyncShutdown.jsm:703:15
addBlocker@resource://gre/modules/AsyncShutdown.jsm:511:26
addBlocker@resource://gre/modules/AsyncShutdown.jsm:450:15
setupShutdown@resource://gre/modules/osfile/osfile_async_front.jsm:1563:28
@resource://gre/modules/osfile/osfile_async_front.jsm:1583:16
@resource://gre/modules/osfile.jsm:12:30
[...]
Please see https://aka.ms/WebDriverSecurity for suggestions on keeping Microsoft Edge WebDriver safe.

Microsoft Edge WebDriver was started successfully.
Dec 29, 2022 12:17:11 AM org.openqa.selenium.devtools.CdpVersionFinder findNearestMatch
WARNING: Unable to find an exact match for CDP version 108, so returning the closest version found: 107
]]></system-err>
  </testcase>
  <testcase name="loginWithValidCredentials[{Runmode=Y, Email=ravi42@gmail.com, ExpectedResult=Failure, Browser=Firefox, Password=*A123l2}](11)" classname="com.opencart.zdatadriven.TC02_DDLoginFunctionTest" time="12.516">
    <failure message="expected [true] but found [false]" type="java.lang.AssertionError"><![CDATA[java.lang.AssertionError: expected [true] but found [false]
	at org.testng.Assert.fail(Assert.java:110)
	at org.testng.Assert.failNotEquals(Assert.java:1413)
	at org.testng.Assert.assertEqualsImpl(Assert.java:149)
	at org.testng.Assert.assertEquals(Assert.java:131)
	at org.testng.Assert.assertEquals(Assert.java:976)
	at org.testng.Assert.assertEquals(Assert.java:1010)
	at com.opencart.zdatadriven.TC02_DDLoginFunctionTest.loginWithValidCredentials(TC02_DDLoginFunctionTest.java:87)
	at java.base/jdk.internal.reflect.DirectMethodHandleAccessor.invoke(DirectMethodHandleAccessor.java:104)
	at java.base/java.lang.reflect.Method.invoke(Method.java:577)
	at org.testng.internal.invokers.MethodInvocationHelper.invokeMethod(MethodInvocationHelper.java:139)
	at org.testng.internal.invokers.TestInvoker.invokeMethod(TestInvoker.java:677)
	at org.testng.internal.invokers.TestInvoker.invokeTestMethod(TestInvoker.java:221)
	at org.testng.internal.invokers.MethodRunner.runInSequence(MethodRunner.java:50)
	at org.testng.internal.invokers.TestInvoker$MethodInvocationAgent.invoke(TestInvoker.java:969)
	at org.testng.internal.invokers.TestInvoker.invokeTestMethods(TestInvoker.java:194)
	at org.testng.internal.invokers.TestMethodWorker.invokeTestMethods(TestMethodWorker.java:148)
	at org.testng.internal.invokers.TestMethodWorker.run(TestMethodWorker.java:128)
	at java.base/java.util.ArrayList.forEach(ArrayList.java:1511)
	at org.testng.TestRunner.privateRun(TestRunner.java:829)
	at org.testng.TestRunner.run(TestRunner.java:602)
	at org.testng.SuiteRunner.runTest(SuiteRunner.java:437)
	at org.testng.SuiteRunner.runSequentially(SuiteRunner.java:431)
	at org.testng.SuiteRunner.privateRun(SuiteRunner.java:391)
	at org.testng.SuiteRunner.run(SuiteRunner.java:330)
	at org.testng.SuiteRunnerWorker.runSuite(SuiteRunnerWorker.java:52)
	at org.testng.SuiteRunnerWorker.run(SuiteRunnerWorker.java:95)
	at org.testng.TestNG.runSuitesSequentially(TestNG.java:1256)
	at org.testng.TestNG.runSuitesLocally(TestNG.java:1176)
	at org.testng.TestNG.runSuites(TestNG.java:1099)
	at org.testng.TestNG.run(TestNG.java:1067)
	at org.apache.maven.surefire.testng.TestNGExecutor.run(TestNGExecutor.java:324)
	at org.apache.maven.surefire.testng.TestNGXmlTestSuite.execute(TestNGXmlTestSuite.java:74)
	at org.apache.maven.surefire.testng.TestNGProvider.invoke(TestNGProvider.java:123)
	at org.apache.maven.surefire.booter.ForkedBooter.runSuitesInProcess(ForkedBooter.java:456)
	at org.apache.maven.surefire.booter.ForkedBooter.execute(ForkedBooter.java:169)
	at org.apache.maven.surefire.booter.ForkedBooter.run(ForkedBooter.java:595)
	at org.apache.maven.surefire.booter.ForkedBooter.main(ForkedBooter.java:581)
]]></failure>
    <system-out><![CDATA[[INFO ] 2022-12-29 00:17:17.941 [main] BaseClass - Test Started For:loginWithValidCredentials
[INFO ] 2022-12-29 00:17:17.941 [main] Baseclassdatadriven - ***** TC02_DDLoginFunctionTest Started *****
[INFO ] 2022-12-29 00:17:27.342 [main] Baseclassdatadriven - Clicked On MyAccount Drop Menu
[INFO ] 2022-12-29 00:17:27.455 [main] Baseclassdatadriven - Login Option Displayed On MyAccount Drop Menu
[INFO ] 2022-12-29 00:17:27.911 [main] Baseclassdatadriven - Clicked On Login Option From MyAccount Drop Menu
[INFO ] 2022-12-29 00:17:27.921 [main] Baseclassdatadriven - Navigated To Login Page: Account Login
[INFO ] 2022-12-29 00:17:28.728 [main] Baseclassdatadriven - User Logged Into Accounts Page 
[INFO ] 2022-12-29 00:17:28.804 [main] Baseclassdatadriven - Acconts Page Title: My Account
[INFO ] 2022-12-29 00:17:29.034 [main] Baseclassdatadriven - Edit Info Link Displayed On Accounts Page
[INFO ] 2022-12-29 00:17:29.209 [main] Baseclassdatadriven - Accont Link Displayed On BedCrum Of Accounts Page
[INFO ] 2022-12-29 00:17:29.526 [main] Baseclassdatadriven - Logout Option Displayed On MyAccount Drop Menu
[INFO ] 2022-12-29 00:17:30.426 [main] Baseclassdatadriven - User Logged Out From MyAccounts Page
[INFO ] 2022-12-29 00:17:30.426 [main] BaseClass - Test Failed:loginWithValidCredentials
]]></system-out>
    <system-err><![CDATA[1672253238109	geckodriver	INFO	Listening on 127.0.0.1:23121
1672253238148	mozrunner::runner	INFO	Running command: "C:\\Program Files\\Mozilla Firefox\\firefox.exe" "--marionette" "--remote-debugging-port" "40765" "--remote-allow-hosts" "localhost" "--remote-allow-origins" "http://127.0.0.1:40765/,http://localhost:40765/,http://[::1]:40765/" "-no-remote" "-profile" "C:\\Users\\User\\AppData\\Local\\Temp\\rust_mozprofilecPX8uz"
1672253239098	Marionette	INFO	Marionette enabled
1672253239115	Marionette	INFO	Listening on port 53038
Read port: 53038
WebDriver BiDi listening on ws://127.0.0.1:40765
1672253239626	RemoteAgent	WARN	TLS certificate errors will be ignored for this session
console.warn: SearchSettings: "get: No settings file exists, new profile?" (new NotFoundError("Could not open the file at C:\\Users\\User\\AppData\\Local\\Temp\\rust_mozprofilecPX8uz\\search.json.mozlz4", (void 0)))
DevTools listening on ws://127.0.0.1:40765/devtools/browser/e3d0efbe-6898-4d24-93b2-429416942a00
console.warn: LoginRecipes: "Falling back to a synchronous message for: http://tutorialsninja.com."
console.warn: LoginRecipes: "Falling back to a synchronous message for: http://tutorialsninja.com."
]]></system-err>
  </testcase>
  <testcase name="loginWithValidCredentials[{Runmode=Y, Email=, ExpectedResult=Failure, Browser=Chrome, Password=*A123l2}](12)" classname="com.opencart.zdatadriven.TC02_DDLoginFunctionTest" time="7.934">
    <system-out><![CDATA[[INFO ] 2022-12-29 00:17:32.814 [main] BaseClass - Test Started For:loginWithValidCredentials
[INFO ] 2022-12-29 00:17:32.814 [main] Baseclassdatadriven - ***** TC02_DDLoginFunctionTest Started *****
[INFO ] 2022-12-29 00:17:39.294 [main] Baseclassdatadriven - Clicked On MyAccount Drop Menu
[INFO ] 2022-12-29 00:17:39.368 [main] Baseclassdatadriven - Login Option Displayed On MyAccount Drop Menu
[INFO ] 2022-12-29 00:17:39.772 [main] Baseclassdatadriven - Clicked On Login Option From MyAccount Drop Menu
[INFO ] 2022-12-29 00:17:39.790 [main] Baseclassdatadriven - Navigated To Login Page: Account Login
[INFO ] 2022-12-29 00:17:40.705 [main] Baseclassdatadriven - User Logged Into Accounts Page 
[INFO ] 2022-12-29 00:17:40.727 [main] Baseclassdatadriven - User Login Failed Due To Invalid Credentials
[INFO ] 2022-12-29 00:17:40.727 [main] Baseclassdatadriven - ***** TC02_DDLoginFunctionTest Completed *****
[INFO ] 2022-12-29 00:17:40.727 [main] BaseClass - Test Passed:loginWithValidCredentials
]]></system-out>
    <system-err><![CDATA[1672253250477	Marionette	INFO	Stopped listening on port 53038
JavaScript error: resource://gre/modules/UrlClassifierListManager.jsm, line 693: TypeError: this.tablesData[table] is undefined
WARNING: A blocker encountered an error while we were waiting.
          Blocker:  Waiting for ping task
          Phase: TelemetryController: Waiting for pending ping activity
          State: (none)
WARNING: Error: Phase "profile-before-change" is finished, it is too late to register completion condition "OS.File: flush I/O queued before profileBeforeChange"
WARNING: addBlocker@resource://gre/modules/AsyncShutdown.jsm:703:15
addBlocker@resource://gre/modules/AsyncShutdown.jsm:511:26
addBlocker@resource://gre/modules/AsyncShutdown.jsm:450:15
setupShutdown@resource://gre/modules/osfile/osfile_async_front.jsm:1563:28
@resource://gre/modules/osfile/osfile_async_front.jsm:1583:16
@resource://gre/modules/osfile.jsm:12:30
@resource://gre/modules/TelemetryStorage.jsm:19:28
promiseArchivePing@resource://gre/modules/TelemetryArchive.jsm:103:5
promiseArchivePing@resource://gre/modules/TelemetryArchive.jsm:63:33
_submitPingLogic@resource://gre/modules/TelemetryControllerParent.jsm:540:48
send@resource://gre/modules/TelemetryControllerParent.jsm:628:24
submitExternalPing@resource://gre/modules/TelemetryControllerParent.jsm:182:17
sendPing@resource://gre/modules/EventPing.jsm:51:30
_submitPing@resource://gre/modules/EventPing.jsm:229:12
shutdown@resource://gre/modules/EventPing.jsm:112:10
_cleanupOnShutdown@resource://gre/modules/TelemetryControllerParent.jsm:940:31
shutdown/<@resource://gre/modules/TelemetryControllerParent.jsm:1010:24
observe@resource://gre/modules/AsyncShutdown.jsm:560:16

WARNING: A blocker encountered an error while we were waiting.
          Blocker:  Waiting for ping task
          Phase: TelemetryController: Waiting for pending ping activity
          State: (none)
WARNING: Error: Phase "profile-before-change" is finished, it is too late to register completion condition "OS.File: flush I/O queued before profileBeforeChange"
WARNING: addBlocker@resource://gre/modules/AsyncShutdown.jsm:703:15
addBlocker@resource://gre/modules/AsyncShutdown.jsm:511:26
addBlocker@resource://gre/modules/AsyncShutdown.jsm:450:15
setupShutdown@resource://gre/modules/osfile/osfile_async_front.jsm:1563:28
@resource://gre/modules/osfile/osfile_async_front.jsm:1583:16
@resource://gre/modules/osfile.jsm:12:30
@resource://gre/modules/TelemetryStorage.jsm:19:28
promiseArchivePing@resource://gre/modules/TelemetryArchive.jsm:103:5
promiseArchivePing@resource://gre/modules/TelemetryArchive.jsm:63:33
_submitPingLogic@resource://gre/modules/TelemetryControllerParent.jsm:540:48
send@resource://gre/modules/TelemetryControllerParent.jsm:628:24
submitExternalPing@resource://gre/modules/TelemetryControllerParent.jsm:182:17
saveShutdownPings@resource://gre/modules/TelemetrySession.jsm:982:34
shutdownChromeProcess/cleanup/<@resource://gre/modules/TelemetrySession.jsm:1232:20
cleanup@resource://gre/modules/TelemetrySession.jsm:1239:9
shutdownChromeProcess@resource://gre/modules/TelemetrySession.jsm:1256:14
shutdown@resource://gre/modules/TelemetrySession.jsm:247:17
_cleanupOnShutdown@resource://gre/modules/TelemetryControllerParent.jsm:959:35
observe@resource://gre/modules/AsyncShutdown.jsm:560:16

WARNING: A blocker encountered an error while we were waiting.
          Blocker:  Waiting for ping task
          Phase: TelemetryController: Waiting for pending ping activity
          State: (none)
WARNING: Error: Phase "profile-before-change" is finished, it is too late to register completion condition "OS.File: flush I/O queued before profileBeforeChange"
WARNING: addBlocker@resource://gre/modules/AsyncShutdown.jsm:703:15
addBlocker@resource://gre/modules/AsyncShutdown.jsm:511:26
addBlocker@resource://gre/modules/AsyncShutdown.jsm:450:15
setupShutdown@resource://gre/modules/osfile/osfile_async_front.jsm:1563:28
@resource://gre/modules/osfile/osfile_async_front.jsm:1583:16
@resource://gre/modules/osfile.jsm:12:30
@resource://gre/modules/TelemetryStorage.jsm:19:28
promiseArchivePing@resource://gre/modules/TelemetryArchive.jsm:103:5
promiseArchivePing@resource://gre/modules/TelemetryArchive.jsm:63:33
_submitPingLogic@resource://gre/modules/TelemetryControllerParent.jsm:540:48
send@resource://gre/modules/TelemetryControllerParent.jsm:628:24
submitExternalPing@resource://gre/modules/TelemetryControllerParent.jsm:182:17
saveShutdownPings@resource://gre/modules/TelemetrySession.jsm:1014:36
shutdownChromeProcess/cleanup/<@resource://gre/modules/TelemetrySession.jsm:1232:20
cleanup@resource://gre/modules/TelemetrySession.jsm:1239:9
shutdownChromeProcess@resource://gre/modules/TelemetrySession.jsm:1256:14
shutdown@resource://gre/modules/TelemetrySession.jsm:247:17
_cleanupOnShutdown@resource://gre/modules/TelemetryControllerParent.jsm:959:35
observe@resource://gre/modules/AsyncShutdown.jsm:560:16

WARNING: A blocker encountered an error while we were waiting.
          Blocker:  TelemetryController: shutting down
          Phase: profile-before-change-telemetry
          State: Error getting state: Error: Phase "profile-before-change" is finished, it is too late to register completion condition "OS.File: flush I/O queued before profileBeforeChange" at addBlocker@resource://gre/modules/AsyncShutdown.jsm:703:15
addBlocker@resource://gre/modules/AsyncShutdown.jsm:511:26
addBlocker@resource://gre/modules/AsyncShutdown.jsm:450:15
setupShutdown@resource://gre/modules/osfile/osfile_async_front.jsm:1563:28
@resource://gre/modules/osfile/osfile_async_front.jsm:1583:16
@resource://gre/modules/osfile.jsm:12:30
@resource://gre/modules/TelemetryStorage.jsm:19:28
getShutdownState@resource://gre/modules/TelemetrySend.jsm:1687:7
getShutdownState@resource://gre/modules/TelemetrySend.jsm:369:30
_getState@resource://gre/modules/TelemetryControllerParent.jsm:1058:38
setupTelemetry/<@resource://gre/modules/TelemetryControllerParent.jsm:917:18
safeGetState@resource://gre/modules/AsyncShutdown.jsm:242:17
Barrier/addBlocker/promise<@resource://gre/modules/AsyncShutdown.jsm:751:20
observe@resource://gre/modules/AsyncShutdown.jsm:560:16

WARNING: Error: Phase "profile-before-change" is finished, it is too late to register completion condition "OS.File: flush I/O queued before profileBeforeChange"
WARNING: addBlocker@resource://gre/modules/AsyncShutdown.jsm:703:15
addBlocker@resource://gre/modules/AsyncShutdown.jsm:511:26
addBlocker@resource://gre/modules/AsyncShutdown.jsm:450:15
setupShutdown@resource://gre/modules/osfile/osfile_async_front.jsm:1563:28
@resource://gre/modules/osfile/osfile_async_front.jsm:1583:16
@resource://gre/modules/osfile.jsm:12:30
@resource://gre/modules/TelemetryStorage.jsm:19:28
removeAbortedSessionPing@resource://gre/modules/TelemetryControllerParent.jsm:721:5
removeAbortedSessionPing@resource://gre/modules/TelemetryControllerParent.jsm:249:17
shutdownChromeProcess/cleanup/<@resource://gre/modules/TelemetrySession.jsm:1235:42
observe@resource://gre/modules/AsyncShutdown.jsm:560:16

JavaScript error: resource://gre/modules/AsyncShutdown.jsm, line 703: Error: Phase "profile-before-change" is finished, it is too late to register completion condition "OS.File: flush I/O queued before profileBeforeChange"
JavaScript error: resource://gre/modules/AsyncShutdown.jsm, line 703: Error: Phase "profile-before-change" is finished, it is too late to register completion condition "OS.File: flush I/O queued before profileBeforeChange"
JavaScript error: resource://gre/modules/AsyncShutdown.jsm, line 703: Error: Phase "profile-before-change" is finished, it is too late to register completion condition "OS.File: flush I/O queued before profileBeforeChange"
JavaScript error: resource://gre/modules/AsyncShutdown.jsm, line 703: Error: Phase "profile-before-change" is finished, it is too late to register completion condition "OS.File: flush I/O queued before profileBeforeChange"
JavaScript error: resource://gre/modules/AsyncShutdown.jsm, line 703: Error: Phase "profile-before-change" is finished, it is too late to register completion condition "OS.File: flush I/O queued before profileBeforeChange"
JavaScript error: resource://gre/modules/AsyncShutdown.jsm, line 703: Error: Phase "profile-before-change" is finished, it is too late to register completion condition "OS.File: flush I/O queued before profileBeforeChange"
Starting ChromeDriver 108.0.5359.71 (1e0e3868ee06e91ad636a874420e3ca3ae3756ac-refs/branch-heads/5359@{#1016}) on port 24251
Only local connections are allowed.
Please see https://chromedriver.chromium.org/security-considerations for suggestions on keeping ChromeDriver safe.
ChromeDriver was started successfully.
Dec 29, 2022 12:17:35 AM org.openqa.selenium.devtools.CdpVersionFinder findNearestMatch
WARNING: Unable to find an exact match for CDP version 108, so returning the closest version found: 107
]]></system-err>
  </testcase>
  <testcase name="loginWithValidCredentials[{Runmode=Y, Email=@gmail.com, ExpectedResult=Failure, Browser=Edge, Password=*A123l2}](13)" classname="com.opencart.zdatadriven.TC02_DDLoginFunctionTest" time="8.361">
    <system-out><![CDATA[[INFO ] 2022-12-29 00:17:41.150 [main] BaseClass - Test Started For:loginWithValidCredentials
[INFO ] 2022-12-29 00:17:41.150 [main] Baseclassdatadriven - ***** TC02_DDLoginFunctionTest Started *****
[INFO ] 2022-12-29 00:17:48.034 [main] Baseclassdatadriven - Clicked On MyAccount Drop Menu
[INFO ] 2022-12-29 00:17:48.111 [main] Baseclassdatadriven - Login Option Displayed On MyAccount Drop Menu
[INFO ] 2022-12-29 00:17:48.535 [main] Baseclassdatadriven - Clicked On Login Option From MyAccount Drop Menu
[INFO ] 2022-12-29 00:17:48.559 [main] Baseclassdatadriven - Navigated To Login Page: Account Login
[INFO ] 2022-12-29 00:17:49.490 [main] Baseclassdatadriven - User Logged Into Accounts Page 
[INFO ] 2022-12-29 00:17:49.496 [main] Baseclassdatadriven - User Login Failed Due To Invalid Credentials
[INFO ] 2022-12-29 00:17:49.504 [main] Baseclassdatadriven - ***** TC02_DDLoginFunctionTest Completed *****
[INFO ] 2022-12-29 00:17:49.504 [main] BaseClass - Test Passed:loginWithValidCredentials
]]></system-out>
    <system-err><![CDATA[Starting Microsoft Edge WebDriver 108.0.1462.54 (c2998c8c661724d797c22f48cf555a2bef5029ee) on port 29456
To submit feedback, report a bug, or suggest new features, please visit https://github.com/MicrosoftEdge/EdgeWebDriver

Only local connections are allowed.
Please see https://aka.ms/WebDriverSecurity for suggestions on keeping Microsoft Edge WebDriver safe.

Microsoft Edge WebDriver was started successfully.
Dec 29, 2022 12:17:43 AM org.openqa.selenium.devtools.CdpVersionFinder findNearestMatch
WARNING: Unable to find an exact match for CDP version 108, so returning the closest version found: 107
]]></system-err>
  </testcase>
  <testcase name="loginWithValidCredentials[{Runmode=Y, Email=ravi454@gmail.com, ExpectedResult=Failure, Browser=Chrome, Password=*A123l3}](14)" classname="com.opencart.zdatadriven.TC02_DDLoginFunctionTest" time="6.683">
    <system-out><![CDATA[[INFO ] 2022-12-29 00:17:49.926 [main] BaseClass - Test Started For:loginWithValidCredentials
[INFO ] 2022-12-29 00:17:49.926 [main] Baseclassdatadriven - ***** TC02_DDLoginFunctionTest Started *****
[INFO ] 2022-12-29 00:17:55.070 [main] Baseclassdatadriven - Clicked On MyAccount Drop Menu
[INFO ] 2022-12-29 00:17:55.174 [main] Baseclassdatadriven - Login Option Displayed On MyAccount Drop Menu
[INFO ] 2022-12-29 00:17:55.667 [main] Baseclassdatadriven - Clicked On Login Option From MyAccount Drop Menu
[INFO ] 2022-12-29 00:17:55.704 [main] Baseclassdatadriven - Navigated To Login Page: Account Login
[INFO ] 2022-12-29 00:17:56.577 [main] Baseclassdatadriven - User Logged Into Accounts Page 
[INFO ] 2022-12-29 00:17:56.593 [main] Baseclassdatadriven - User Login Failed Due To Invalid Credentials
[INFO ] 2022-12-29 00:17:56.593 [main] Baseclassdatadriven - ***** TC02_DDLoginFunctionTest Completed *****
[INFO ] 2022-12-29 00:17:56.593 [main] BaseClass - Test Passed:loginWithValidCredentials
]]></system-out>
    <system-err><![CDATA[Starting ChromeDriver 108.0.5359.71 (1e0e3868ee06e91ad636a874420e3ca3ae3756ac-refs/branch-heads/5359@{#1016}) on port 15873
Only local connections are allowed.
Please see https://chromedriver.chromium.org/security-considerations for suggestions on keeping ChromeDriver safe.
ChromeDriver was started successfully.
Dec 29, 2022 12:17:51 AM org.openqa.selenium.devtools.CdpVersionFinder findNearestMatch
WARNING: Unable to find an exact match for CDP version 108, so returning the closest version found: 107
]]></system-err>
  </testcase>
</testsuite>