<?xml version="1.0" encoding="UTF-8"?>
<testng-results ignored="0" total="1" passed="1" failed="0" skipped="0">
  <reporter-output>
  </reporter-output>
  <suite started-at="2023-01-22T14:45:55 IST" name="Default suite" finished-at="2023-01-22T14:48:16 IST" duration-ms="141668">
    <groups>
    </groups>
    <test started-at="2023-01-22T14:45:55 IST" name="Default test" finished-at="2023-01-22T14:48:16 IST" duration-ms="141668">
      <class name="com.opencart.testcase.TC156_SFforrandomprdttest">
        <test-method is-config="true" signature="setUp()[pri:0, instance:com.opencart.testcase.TC156_SFforrandomprdttest@655ef322]" started-at="2023-01-22T14:45:55 IST" name="setUp" finished-at="2023-01-22T14:47:48 IST" duration-ms="113362" status="PASS">
          <reporter-output>
          </reporter-output>
        </test-method> <!-- setUp -->
        <test-method signature="searchForDynamicProduct(java.lang.String)[pri:0, instance:com.opencart.testcase.TC156_SFforrandomprdttest@655ef322]" started-at="2023-01-22T14:47:49 IST" name="searchForDynamicProduct" data-provider="validcredentials" finished-at="2023-01-22T14:48:12 IST" duration-ms="23475" status="PASS">
          <params>
            <param index="0">
              <value>
                <![CDATA[Chrome,Mac,MacBook Pro]]>
              </value>
            </param>
          </params>
          <reporter-output>
          </reporter-output>
        </test-method> <!-- searchForDynamicProduct -->
        <test-method is-config="true" signature="tearDown()[pri:0, instance:com.opencart.testcase.TC156_SFforrandomprdttest@655ef322]" started-at="2023-01-22T14:48:12 IST" name="tearDown" finished-at="2023-01-22T14:48:16 IST" duration-ms="3834" status="PASS">
          <reporter-output>
          </reporter-output>
        </test-method> <!-- tearDown -->
      </class> <!-- com.opencart.testcase.TC156_SFforrandomprdttest -->
    </test> <!-- Default test -->
  </suite> <!-- Default suite -->
</testng-results>
