<?xml version="1.0" encoding="UTF-8"?>
<testng-results ignored="0" total="8" passed="8" failed="0" skipped="0">
  <reporter-output>
  </reporter-output>
  <suite started-at="2023-01-09T16:37:31 IST" name="opencart" finished-at="2023-01-09T16:41:20 IST" duration-ms="229458">
    <groups>
    </groups>
    <test started-at="2023-01-09T16:37:31 IST" name="AddressBookFeature" finished-at="2023-01-09T16:40:24 IST" duration-ms="173702">
      <class name="com.opencart.testcase.TC109_ABcreatenewaddresstest">
        <test-method is-config="true" signature="setUp()[pri:0, instance:com.opencart.testcase.TC109_ABcreatenewaddresstest@2f4205be]" started-at="2023-01-09T16:39:15 IST" name="setUp" finished-at="2023-01-09T16:39:23 IST" duration-ms="8026" status="PASS">
          <reporter-output>
          </reporter-output>
        </test-method> <!-- setUp -->
        <test-method signature="addressBookNewAddress(java.util.HashMap)[pri:0, instance:com.opencart.testcase.TC109_ABcreatenewaddresstest@2f4205be]" started-at="2023-01-09T16:39:23 IST" name="addressBookNewAddress" data-provider="existdata" finished-at="2023-01-09T16:39:38 IST" duration-ms="14922" status="PASS">
          <params>
            <param index="0">
              <value>
                <![CDATA[{countryoption=Botswana, Email=akshaysnaik1111@gmail.com, FirstName=Kishore, Address2=Koremangala, Runmode=Y, Address1=Kings Vinue, Postcode=560034, Companyname=Aptek Ltd, ExpectedResult=Success, LastName=Sharma, Cityname=Bangalore, Zoneoption=8, Browser=Firefox, Password=12345}]]>
              </value>
            </param>
          </params>
          <reporter-output>
          </reporter-output>
        </test-method> <!-- addressBookNewAddress -->
        <test-method is-config="true" signature="tearDown()[pri:0, instance:com.opencart.testcase.TC109_ABcreatenewaddresstest@2f4205be]" started-at="2023-01-09T16:39:38 IST" name="tearDown" finished-at="2023-01-09T16:39:39 IST" duration-ms="572" status="PASS">
          <reporter-output>
          </reporter-output>
        </test-method> <!-- tearDown -->
      </class> <!-- com.opencart.testcase.TC109_ABcreatenewaddresstest -->
      <class name="com.opencart.testcase.TC110_ABmandatoryfieldtest">
        <test-method is-config="true" signature="setUp()[pri:0, instance:com.opencart.testcase.TC110_ABmandatoryfieldtest@54e22bdd]" started-at="2023-01-09T16:39:39 IST" name="setUp" finished-at="2023-01-09T16:40:09 IST" duration-ms="30329" status="PASS">
          <reporter-output>
          </reporter-output>
        </test-method> <!-- setUp -->
        <test-method signature="addressBookMandatoryAddressField(java.util.HashMap)[pri:0, instance:com.opencart.testcase.TC110_ABmandatoryfieldtest@54e22bdd]" started-at="2023-01-09T16:40:10 IST" name="addressBookMandatoryAddressField" data-provider="existdata" finished-at="2023-01-09T16:40:24 IST" duration-ms="13630" status="PASS">
          <params>
            <param index="0">
              <value>
                <![CDATA[{countryoption=Botswana, Email=akshaysnaik1111@gmail.com, FirstName=Kishore, Address2=Koremangala, Runmode=Y, Address1=Kings Vinue, Postcode=560034, Companyname=Aptek Ltd, ExpectedResult=Success, LastName=Sharma, Cityname=Bangalore, Zoneoption=8, Browser=Firefox, Password=12345}]]>
              </value>
            </param>
          </params>
          <reporter-output>
          </reporter-output>
        </test-method> <!-- addressBookMandatoryAddressField -->
        <test-method is-config="true" signature="tearDown()[pri:0, instance:com.opencart.testcase.TC110_ABmandatoryfieldtest@54e22bdd]" started-at="2023-01-09T16:40:24 IST" name="tearDown" finished-at="2023-01-09T16:40:24 IST" duration-ms="593" status="PASS">
          <reporter-output>
          </reporter-output>
        </test-method> <!-- tearDown -->
      </class> <!-- com.opencart.testcase.TC110_ABmandatoryfieldtest -->
      <class name="com.opencart.testcase.TC108_ABeditaddressboktest">
        <test-method is-config="true" signature="setUp()[pri:0, instance:com.opencart.testcase.TC108_ABeditaddressboktest@4c5474f5]" started-at="2023-01-09T16:38:52 IST" name="setUp" finished-at="2023-01-09T16:39:03 IST" duration-ms="10985" status="PASS">
          <reporter-output>
          </reporter-output>
        </test-method> <!-- setUp -->
        <test-method signature="addressBookEditAddress(java.util.HashMap)[pri:0, instance:com.opencart.testcase.TC108_ABeditaddressboktest@4c5474f5]" started-at="2023-01-09T16:39:03 IST" name="addressBookEditAddress" data-provider="existdata" finished-at="2023-01-09T16:39:14 IST" duration-ms="10502" status="PASS">
          <params>
            <param index="0">
              <value>
                <![CDATA[{countryoption=Botswana, Email=akshaysnaik1111@gmail.com, FirstName=Kishore, Address2=Koremangala, Runmode=Y, Address1=Kings Vinue, Postcode=560034, Companyname=Aptek Ltd, ExpectedResult=Success, LastName=Sharma, Cityname=Bangalore, Zoneoption=6, Browser=Firefox, Password=12345}]]>
              </value>
            </param>
          </params>
          <reporter-output>
          </reporter-output>
        </test-method> <!-- addressBookEditAddress -->
        <test-method is-config="true" signature="tearDown()[pri:0, instance:com.opencart.testcase.TC108_ABeditaddressboktest@4c5474f5]" started-at="2023-01-09T16:39:14 IST" name="tearDown" finished-at="2023-01-09T16:39:15 IST" duration-ms="747" status="PASS">
          <reporter-output>
          </reporter-output>
        </test-method> <!-- tearDown -->
      </class> <!-- com.opencart.testcase.TC108_ABeditaddressboktest -->
      <class name="com.opencart.testcase.TC107_ABdelteadressboktest">
        <test-method is-config="true" signature="setUp()[pri:0, instance:com.opencart.testcase.TC107_ABdelteadressboktest@58ffcbd7]" started-at="2023-01-09T16:37:32 IST" name="setUp" finished-at="2023-01-09T16:38:20 IST" duration-ms="47930" status="PASS">
          <reporter-output>
          </reporter-output>
        </test-method> <!-- setUp -->
        <test-method signature="addressBookDeleteTest(java.util.HashMap)[pri:0, instance:com.opencart.testcase.TC107_ABdelteadressboktest@58ffcbd7]" started-at="2023-01-09T16:38:31 IST" name="addressBookDeleteTest" data-provider="existdata" finished-at="2023-01-09T16:38:48 IST" duration-ms="17114" status="PASS">
          <params>
            <param index="0">
              <value>
                <![CDATA[{Runmode=Y, Email=akshaysnaik1111@gmail.com, ExpectedResult=Success, Browser=Chrome, Password=12345}]]>
              </value>
            </param>
          </params>
          <reporter-output>
          </reporter-output>
        </test-method> <!-- addressBookDeleteTest -->
        <test-method is-config="true" signature="tearDown()[pri:0, instance:com.opencart.testcase.TC107_ABdelteadressboktest@58ffcbd7]" started-at="2023-01-09T16:38:49 IST" name="tearDown" finished-at="2023-01-09T16:38:52 IST" duration-ms="2971" status="PASS">
          <reporter-output>
          </reporter-output>
        </test-method> <!-- tearDown -->
      </class> <!-- com.opencart.testcase.TC107_ABdelteadressboktest -->
    </test> <!-- AddressBookFeature -->
    <test started-at="2023-01-09T16:40:26 IST" name="NewsLetterFeature" finished-at="2023-01-09T16:41:20 IST" duration-ms="54185">
      <class name="com.opencart.testcase.TC137_NLnavigationpagetest">
        <test-method is-config="true" signature="setUp()[pri:0, instance:com.opencart.testcase.TC137_NLnavigationpagetest@1a45193b]" started-at="2023-01-09T16:40:26 IST" name="setUp" finished-at="2023-01-09T16:40:38 IST" duration-ms="11758" status="PASS">
          <reporter-output>
          </reporter-output>
        </test-method> <!-- setUp -->
        <test-method signature="newsLetterNavigationToPage(java.util.HashMap)[pri:0, instance:com.opencart.testcase.TC137_NLnavigationpagetest@1a45193b]" started-at="2023-01-09T16:40:38 IST" name="newsLetterNavigationToPage" data-provider="existdata" finished-at="2023-01-09T16:40:42 IST" duration-ms="4044" status="PASS">
          <params>
            <param index="0">
              <value>
                <![CDATA[{Email=akshaysnaik1111@gmail.com, ExpectedResult=Success, Runmode=Y, Product=iMac, Browser=Chrome, Password=12345}]]>
              </value>
            </param>
          </params>
          <reporter-output>
          </reporter-output>
        </test-method> <!-- newsLetterNavigationToPage -->
        <test-method is-config="true" signature="tearDown()[pri:0, instance:com.opencart.testcase.TC137_NLnavigationpagetest@1a45193b]" started-at="2023-01-09T16:40:42 IST" name="tearDown" finished-at="2023-01-09T16:40:43 IST" duration-ms="496" status="PASS">
          <reporter-output>
          </reporter-output>
        </test-method> <!-- tearDown -->
      </class> <!-- com.opencart.testcase.TC137_NLnavigationpagetest -->
      <class name="com.opencart.testcase.TC138_NLbeforelogintest">
        <test-method is-config="true" signature="setUp()[pri:0, instance:com.opencart.testcase.TC138_NLbeforelogintest@38f116f6]" started-at="2023-01-09T16:40:43 IST" name="setUp" finished-at="2023-01-09T16:40:48 IST" duration-ms="5884" status="PASS">
          <reporter-output>
          </reporter-output>
        </test-method> <!-- setUp -->
        <test-method signature="newsLetterBeforeLogin(java.util.HashMap)[pri:0, instance:com.opencart.testcase.TC138_NLbeforelogintest@38f116f6]" started-at="2023-01-09T16:40:49 IST" name="newsLetterBeforeLogin" data-provider="existdata" finished-at="2023-01-09T16:40:54 IST" duration-ms="4715" status="PASS">
          <params>
            <param index="0">
              <value>
                <![CDATA[{Email=akshaysnaik1111@gmail.com, ExpectedResult=Success, Runmode=Y, Product=iMac, Browser=Chrome, Password=12345}]]>
              </value>
            </param>
          </params>
          <reporter-output>
          </reporter-output>
        </test-method> <!-- newsLetterBeforeLogin -->
        <test-method is-config="true" signature="tearDown()[pri:0, instance:com.opencart.testcase.TC138_NLbeforelogintest@38f116f6]" started-at="2023-01-09T16:40:54 IST" name="tearDown" finished-at="2023-01-09T16:40:54 IST" duration-ms="471" status="PASS">
          <reporter-output>
          </reporter-output>
        </test-method> <!-- tearDown -->
      </class> <!-- com.opencart.testcase.TC138_NLbeforelogintest -->
      <class name="com.opencart.testcase.TC139_NLregisterwithnonewslettertest">
        <test-method is-config="true" signature="setUp()[pri:0, instance:com.opencart.testcase.TC139_NLregisterwithnonewslettertest@5286c33a]" started-at="2023-01-09T16:40:54 IST" name="setUp" finished-at="2023-01-09T16:41:00 IST" duration-ms="5314" status="PASS">
          <reporter-output>
          </reporter-output>
        </test-method> <!-- setUp -->
        <test-method signature="registeringWithNoNewsLetterOption(java.util.HashMap)[pri:0, instance:com.opencart.testcase.TC139_NLregisterwithnonewslettertest@5286c33a]" started-at="2023-01-09T16:41:00 IST" name="registeringWithNoNewsLetterOption" data-provider="NewsLetterData" finished-at="2023-01-09T16:41:07 IST" duration-ms="6848" status="PASS">
          <params>
            <param index="0">
              <value>
                <![CDATA[{Email=kishore150@gmail.com, ExpectedResult=Success, Telephone=1234567890, FirstName=Kishore, Runmode=Y, LastName=Sharma, Browser=Firefox, Password=12345, ConfirmPassword=12345}]]>
              </value>
            </param>
          </params>
          <reporter-output>
          </reporter-output>
        </test-method> <!-- registeringWithNoNewsLetterOption -->
        <test-method is-config="true" signature="tearDown()[pri:0, instance:com.opencart.testcase.TC139_NLregisterwithnonewslettertest@5286c33a]" started-at="2023-01-09T16:41:07 IST" name="tearDown" finished-at="2023-01-09T16:41:07 IST" duration-ms="442" status="PASS">
          <reporter-output>
          </reporter-output>
        </test-method> <!-- tearDown -->
      </class> <!-- com.opencart.testcase.TC139_NLregisterwithnonewslettertest -->
      <class name="com.opencart.testcase.TC140_NLregisteryesoptiontest">
        <test-method is-config="true" signature="setUp()[pri:0, instance:com.opencart.testcase.TC140_NLregisteryesoptiontest@6e6d5d29]" started-at="2023-01-09T16:41:07 IST" name="setUp" finished-at="2023-01-09T16:41:13 IST" duration-ms="5271" status="PASS">
          <reporter-output>
          </reporter-output>
        </test-method> <!-- setUp -->
        <test-method signature="registeringWithYesNewsLetter(java.util.HashMap)[pri:0, instance:com.opencart.testcase.TC140_NLregisteryesoptiontest@6e6d5d29]" started-at="2023-01-09T16:41:13 IST" name="registeringWithYesNewsLetter" data-provider="NewsLetterData" finished-at="2023-01-09T16:41:20 IST" duration-ms="6671" status="PASS">
          <params>
            <param index="0">
              <value>
                <![CDATA[{Email=kishore150@gmail.com, ExpectedResult=Success, Telephone=1234567890, FirstName=Kishore, Runmode=Y, LastName=Sharma, Browser=Firefox, Password=12345, ConfirmPassword=12345}]]>
              </value>
            </param>
          </params>
          <reporter-output>
          </reporter-output>
        </test-method> <!-- registeringWithYesNewsLetter -->
        <test-method is-config="true" signature="tearDown()[pri:0, instance:com.opencart.testcase.TC140_NLregisteryesoptiontest@6e6d5d29]" started-at="2023-01-09T16:41:20 IST" name="tearDown" finished-at="2023-01-09T16:41:20 IST" duration-ms="458" status="PASS">
          <reporter-output>
          </reporter-output>
        </test-method> <!-- tearDown -->
      </class> <!-- com.opencart.testcase.TC140_NLregisteryesoptiontest -->
    </test> <!-- NewsLetterFeature -->
  </suite> <!-- opencart -->
</testng-results>
