<?xml version="1.0" encoding="UTF-8"?>
<!-- Generated by org.testng.reporters.JUnitReportReporter -->
<testsuite hostname="Z422" failures="0" tests="15" name="com.opencart.zdatadriven.TC05_DDMyAccontAdressChangesTest" time="0.319" errors="2" timestamp="2023-01-07T22:39:10 IST" skipped="13">
  <testcase classname="com.opencart.zdatadriven.TC05_DDMyAccontAdressChangesTest" name="myAccountInfoDetailsUpdating" time="0.001">
    <skipped/>
  </testcase> <!-- myAccountInfoDetailsUpdating -->
  <system-out/>
  <testcase classname="com.opencart.zdatadriven.TC05_DDMyAccontAdressChangesTest" name="myAccountInfoDetailsUpdating" time="0.000">
    <skipped/>
  </testcase> <!-- myAccountInfoDetailsUpdating -->
  <system-out/>
  <testcase classname="com.opencart.zdatadriven.TC05_DDMyAccontAdressChangesTest" name="myAccountInfoDetailsUpdating" time="0.304">
    <error message="Cannot invoke &quot;org.openqa.selenium.SearchContext.findElement(org.openqa.selenium.By)&quot; because &quot;this.searchContext&quot; is null" type="java.lang.NullPointerException">
      <![CDATA[java.lang.NullPointerException: Cannot invoke "org.openqa.selenium.SearchContext.findElement(org.openqa.selenium.By)" because "this.searchContext" is null
at org.openqa.selenium.support.pagefactory.DefaultElementLocator.findElement(DefaultElementLocator.java:70)
at org.openqa.selenium.support.pagefactory.internal.LocatingElementHandler.invoke(LocatingElementHandler.java:39)
at jdk.proxy2/jdk.proxy2.$Proxy28.click(Unknown Source)
at com.opencart.pageobject.Homepage.clickOnMyAccountDropMenu(Homepage.java:363)
at com.opencart.zdatadriven.TC05_DDMyAccontAdressChangesTest.myAccountInfoDetailsUpdating(TC05_DDMyAccontAdressChangesTest.java:30)
at java.base/jdk.internal.reflect.DirectMethodHandleAccessor.invoke(DirectMethodHandleAccessor.java:104)
at java.base/java.lang.reflect.Method.invoke(Method.java:577)
at org.testng.internal.invokers.MethodInvocationHelper.invokeMethod(MethodInvocationHelper.java:139)
at org.testng.internal.invokers.TestInvoker.invokeMethod(TestInvoker.java:677)
at org.testng.internal.invokers.TestInvoker.invokeTestMethod(TestInvoker.java:221)
at org.testng.internal.invokers.MethodRunner.runInSequence(MethodRunner.java:50)
at org.testng.internal.invokers.TestInvoker$MethodInvocationAgent.invoke(TestInvoker.java:969)
at org.testng.internal.invokers.TestInvoker.invokeTestMethods(TestInvoker.java:194)
at org.testng.internal.invokers.TestMethodWorker.invokeTestMethods(TestMethodWorker.java:148)
at org.testng.internal.invokers.TestMethodWorker.run(TestMethodWorker.java:128)
at java.base/java.util.ArrayList.forEach(ArrayList.java:1511)
at org.testng.TestRunner.privateRun(TestRunner.java:829)
at org.testng.TestRunner.run(TestRunner.java:602)
at org.testng.SuiteRunner.runTest(SuiteRunner.java:437)
at org.testng.SuiteRunner.runSequentially(SuiteRunner.java:431)
at org.testng.SuiteRunner.privateRun(SuiteRunner.java:391)
at org.testng.SuiteRunner.run(SuiteRunner.java:330)
at org.testng.SuiteRunnerWorker.runSuite(SuiteRunnerWorker.java:52)
at org.testng.SuiteRunnerWorker.run(SuiteRunnerWorker.java:95)
at org.testng.TestNG.runSuitesSequentially(TestNG.java:1256)
at org.testng.TestNG.runSuitesLocally(TestNG.java:1176)
at org.testng.TestNG.runSuites(TestNG.java:1099)
at org.testng.TestNG.run(TestNG.java:1067)
at org.testng.remote.AbstractRemoteTestNG.run(AbstractRemoteTestNG.java:115)
at org.testng.remote.RemoteTestNG.initAndRun(RemoteTestNG.java:251)
at org.testng.remote.RemoteTestNG.main(RemoteTestNG.java:77)
]]>
    </error>
  </testcase> <!-- myAccountInfoDetailsUpdating -->
  <system-out/>
  <testcase classname="com.opencart.zdatadriven.TC05_DDMyAccontAdressChangesTest" name="myAccountInfoDetailsUpdating" time="0.001">
    <skipped/>
  </testcase> <!-- myAccountInfoDetailsUpdating -->
  <system-out/>
  <testcase classname="com.opencart.zdatadriven.TC05_DDMyAccontAdressChangesTest" name="myAccountInfoDetailsUpdating" time="0.001">
    <skipped/>
  </testcase> <!-- myAccountInfoDetailsUpdating -->
  <system-out/>
  <testcase classname="com.opencart.zdatadriven.TC05_DDMyAccontAdressChangesTest" name="myAccountInfoDetailsUpdating" time="0.000">
    <skipped/>
  </testcase> <!-- myAccountInfoDetailsUpdating -->
  <system-out/>
  <testcase classname="com.opencart.zdatadriven.TC05_DDMyAccontAdressChangesTest" name="myAccountInfoDetailsUpdating" time="0.000">
    <skipped/>
  </testcase> <!-- myAccountInfoDetailsUpdating -->
  <system-out/>
  <testcase classname="com.opencart.zdatadriven.TC05_DDMyAccontAdressChangesTest" name="myAccountInfoDetailsUpdating" time="0.000">
    <skipped/>
  </testcase> <!-- myAccountInfoDetailsUpdating -->
  <system-out/>
  <testcase classname="com.opencart.zdatadriven.TC05_DDMyAccontAdressChangesTest" name="myAccountInfoDetailsUpdating" time="0.000">
    <skipped/>
  </testcase> <!-- myAccountInfoDetailsUpdating -->
  <system-out/>
  <testcase classname="com.opencart.zdatadriven.TC05_DDMyAccontAdressChangesTest" name="myAccountInfoDetailsUpdating" time="0.000">
    <skipped/>
  </testcase> <!-- myAccountInfoDetailsUpdating -->
  <system-out/>
  <testcase classname="com.opencart.zdatadriven.TC05_DDMyAccontAdressChangesTest" name="myAccountInfoDetailsUpdating" time="0.001">
    <skipped/>
  </testcase> <!-- myAccountInfoDetailsUpdating -->
  <system-out/>
  <testcase classname="com.opencart.zdatadriven.TC05_DDMyAccontAdressChangesTest" name="myAccountInfoDetailsUpdating" time="0.000">
    <skipped/>
  </testcase> <!-- myAccountInfoDetailsUpdating -->
  <system-out/>
  <testcase classname="com.opencart.zdatadriven.TC05_DDMyAccontAdressChangesTest" name="myAccountInfoDetailsUpdating" time="0.001">
    <skipped/>
  </testcase> <!-- myAccountInfoDetailsUpdating -->
  <system-out/>
  <testcase classname="com.opencart.zdatadriven.TC05_DDMyAccontAdressChangesTest" name="tearDown" time="0.010">
    <error message="Cannot invoke &quot;org.openqa.selenium.WebDriver.quit()&quot; because &quot;com.opencart.zdatadriven.Baseclassdatadriven.driver&quot; is null" type="java.lang.NullPointerException">
      <![CDATA[java.lang.NullPointerException: Cannot invoke "org.openqa.selenium.WebDriver.quit()" because "com.opencart.zdatadriven.Baseclassdatadriven.driver" is null
at com.opencart.zdatadriven.Baseclassdatadriven.tearDown(Baseclassdatadriven.java:78)
at java.base/jdk.internal.reflect.DirectMethodHandleAccessor.invoke(DirectMethodHandleAccessor.java:104)
at java.base/java.lang.reflect.Method.invoke(Method.java:577)
at org.testng.internal.invokers.MethodInvocationHelper.invokeMethod(MethodInvocationHelper.java:139)
at org.testng.internal.invokers.MethodInvocationHelper.invokeMethodConsideringTimeout(MethodInvocationHelper.java:69)
at org.testng.internal.invokers.ConfigInvoker.invokeConfigurationMethod(ConfigInvoker.java:361)
at org.testng.internal.invokers.ConfigInvoker.invokeConfigurations(ConfigInvoker.java:296)
at org.testng.internal.invokers.TestInvoker.runConfigMethods(TestInvoker.java:823)
at org.testng.internal.invokers.TestInvoker.runAfterConfigurations(TestInvoker.java:792)
at org.testng.internal.invokers.TestInvoker.invokeMethod(TestInvoker.java:768)
at org.testng.internal.invokers.TestInvoker.invokeTestMethod(TestInvoker.java:221)
at org.testng.internal.invokers.MethodRunner.runInSequence(MethodRunner.java:50)
at org.testng.internal.invokers.TestInvoker$MethodInvocationAgent.invoke(TestInvoker.java:969)
at org.testng.internal.invokers.TestInvoker.invokeTestMethods(TestInvoker.java:194)
at org.testng.internal.invokers.TestMethodWorker.invokeTestMethods(TestMethodWorker.java:148)
at org.testng.internal.invokers.TestMethodWorker.run(TestMethodWorker.java:128)
at java.base/java.util.ArrayList.forEach(ArrayList.java:1511)
at org.testng.TestRunner.privateRun(TestRunner.java:829)
at org.testng.TestRunner.run(TestRunner.java:602)
at org.testng.SuiteRunner.runTest(SuiteRunner.java:437)
at org.testng.SuiteRunner.runSequentially(SuiteRunner.java:431)
at org.testng.SuiteRunner.privateRun(SuiteRunner.java:391)
at org.testng.SuiteRunner.run(SuiteRunner.java:330)
at org.testng.SuiteRunnerWorker.runSuite(SuiteRunnerWorker.java:52)
at org.testng.SuiteRunnerWorker.run(SuiteRunnerWorker.java:95)
at org.testng.TestNG.runSuitesSequentially(TestNG.java:1256)
at org.testng.TestNG.runSuitesLocally(TestNG.java:1176)
at org.testng.TestNG.runSuites(TestNG.java:1099)
at org.testng.TestNG.run(TestNG.java:1067)
at org.testng.remote.AbstractRemoteTestNG.run(AbstractRemoteTestNG.java:115)
at org.testng.remote.RemoteTestNG.initAndRun(RemoteTestNG.java:251)
at org.testng.remote.RemoteTestNG.main(RemoteTestNG.java:77)
]]>
    </error>
  </testcase> <!-- tearDown -->
  <system-out/>
  <testcase classname="com.opencart.zdatadriven.TC05_DDMyAccontAdressChangesTest" name="myAccountInfoDetailsUpdating" time="0.000">
    <skipped/>
  </testcase> <!-- myAccountInfoDetailsUpdating -->
  <system-out/>
</testsuite> <!-- com.opencart.zdatadriven.TC05_DDMyAccontAdressChangesTest -->
